[1.067s] Invoking command in '/home/daniel/workspaces/tfm_ws/src/robot_description': PYTHONPATH=/home/daniel/workspaces/tfm_ws/build/robot_description/prefix_override:/home/daniel/workspaces/tfm_ws/install/robot_description/lib/python3.8/site-packages:${PYTHONPATH} /usr/bin/python3 setup.py egg_info --egg-base ../../build/robot_description build --build-base /home/daniel/workspaces/tfm_ws/build/robot_description/build install --record /home/daniel/workspaces/tfm_ws/build/robot_description/install.log --install-scripts $base/lib/robot_description --single-version-externally-managed
[1.278s] running egg_info
[1.279s] writing ../../build/robot_description/robot_description.egg-info/PKG-INFO
[1.279s] writing dependency_links to ../../build/robot_description/robot_description.egg-info/dependency_links.txt
[1.279s] writing entry points to ../../build/robot_description/robot_description.egg-info/entry_points.txt
[1.280s] writing requirements to ../../build/robot_description/robot_description.egg-info/requires.txt
[1.280s] writing top-level names to ../../build/robot_description/robot_description.egg-info/top_level.txt
[1.310s] reading manifest file '../../build/robot_description/robot_description.egg-info/SOURCES.txt'
[1.311s] writing manifest file '../../build/robot_description/robot_description.egg-info/SOURCES.txt'
[1.311s] running build
[1.312s] running build_py
[1.312s] running install
[1.313s] running install_lib
[1.314s] running install_data
[1.315s] copying description/base/gazebo_control2.xacro -> /home/daniel/workspaces/tfm_ws/install/robot_description/share/robot_description/description/base
[1.315s] running install_egg_info
[1.317s] removing '/home/daniel/workspaces/tfm_ws/install/robot_description/lib/python3.8/site-packages/robot_description-0.0.0-py3.8.egg-info' (and everything under it)
[1.317s] Copying ../../build/robot_description/robot_description.egg-info to /home/daniel/workspaces/tfm_ws/install/robot_description/lib/python3.8/site-packages/robot_description-0.0.0-py3.8.egg-info
[1.318s] running install_scripts
[1.334s] writing list of installed files to '/home/daniel/workspaces/tfm_ws/build/robot_description/install.log'
[1.352s] Invoked command in '/home/daniel/workspaces/tfm_ws/src/robot_description' returned '0': PYTHONPATH=/home/daniel/workspaces/tfm_ws/build/robot_description/prefix_override:/home/daniel/workspaces/tfm_ws/install/robot_description/lib/python3.8/site-packages:${PYTHONPATH} /usr/bin/python3 setup.py egg_info --egg-base ../../build/robot_description build --build-base /home/daniel/workspaces/tfm_ws/build/robot_description/build install --record /home/daniel/workspaces/tfm_ws/build/robot_description/install.log --install-scripts $base/lib/robot_description --single-version-externally-managed
