[2.975s] DEBUG:colcon:Command line arguments: ['/usr/bin/colcon', 'list', '-p', '--base-paths', '/home/daniel/workspaces/tfm_ws']
[2.975s] DEBUG:colcon:Parsed command line arguments: Namespace(allow_overriding=[], base_paths=['/home/daniel/workspaces/tfm_ws'], build_base='build', ignore_user_meta=False, log_base=None, log_level=None, main=<bound method ListVerb.main of <colcon_package_information.verb.list.ListVerb object at 0x7f6b9f9bfa60>>, metas=['./colcon.meta'], names_only=False, packages_above=None, packages_above_and_dependencies=None, packages_above_depth=None, packages_end=None, packages_ignore=None, packages_ignore_regex=None, packages_select=None, packages_select_build_failed=False, packages_select_by_dep=None, packages_select_regex=None, packages_select_test_failures=False, packages_skip=None, packages_skip_build_finished=False, packages_skip_by_dep=None, packages_skip_regex=None, packages_skip_test_passed=False, packages_skip_up_to=None, packages_start=None, packages_up_to=None, packages_up_to_regex=None, paths=None, paths_only=True, topological_graph=False, topological_graph_density=False, topological_graph_dot=False, topological_graph_dot_cluster=False, topological_graph_dot_include_skipped=False, topological_graph_legend=False, topological_order=False, verb_extension=<colcon_package_information.verb.list.ListVerb object at 0x7f6b9f9bfa60>, verb_name='list', verb_parser=<colcon_defaults.argument_parser.defaults.DefaultArgumentsDecorator object at 0x7f6b9f5f1e50>)
[3.118s] Level 1:colcon.colcon_core.package_discovery:discover_packages(colcon_meta) check parameters
[3.118s] Level 1:colcon.colcon_core.package_discovery:discover_packages(recursive) check parameters
[3.118s] Level 1:colcon.colcon_core.package_discovery:discover_packages(ignore) check parameters
[3.118s] Level 1:colcon.colcon_core.package_discovery:discover_packages(path) check parameters
[3.118s] Level 1:colcon.colcon_core.package_discovery:discover_packages(recursive) discover
[3.118s] INFO:colcon.colcon_core.package_discovery:Crawling recursively for packages in '/home/daniel/workspaces/tfm_ws'
[3.118s] Level 1:colcon.colcon_core.package_identification:_identify(/home/daniel/workspaces/tfm_ws) by extensions ['ignore', 'ignore_ament_install']
[3.118s] Level 1:colcon.colcon_core.package_identification:_identify(/home/daniel/workspaces/tfm_ws) by extension 'ignore'
[3.118s] Level 1:colcon.colcon_core.package_identification:_identify(/home/daniel/workspaces/tfm_ws) by extension 'ignore_ament_install'
[3.119s] Level 1:colcon.colcon_core.package_identification:_identify(/home/daniel/workspaces/tfm_ws) by extensions ['colcon_pkg']
[3.119s] Level 1:colcon.colcon_core.package_identification:_identify(/home/daniel/workspaces/tfm_ws) by extension 'colcon_pkg'
[3.119s] Level 1:colcon.colcon_core.package_identification:_identify(/home/daniel/workspaces/tfm_ws) by extensions ['colcon_meta']
[3.119s] Level 1:colcon.colcon_core.package_identification:_identify(/home/daniel/workspaces/tfm_ws) by extension 'colcon_meta'
[3.119s] Level 1:colcon.colcon_core.package_identification:_identify(/home/daniel/workspaces/tfm_ws) by extensions ['ros']
[3.119s] Level 1:colcon.colcon_core.package_identification:_identify(/home/daniel/workspaces/tfm_ws) by extension 'ros'
[3.130s] Level 1:colcon.colcon_core.package_identification:_identify(/home/daniel/workspaces/tfm_ws) by extensions ['cmake', 'python']
[3.130s] Level 1:colcon.colcon_core.package_identification:_identify(/home/daniel/workspaces/tfm_ws) by extension 'cmake'
[3.130s] Level 1:colcon.colcon_core.package_identification:_identify(/home/daniel/workspaces/tfm_ws) by extension 'python'
[3.130s] Level 1:colcon.colcon_core.package_identification:_identify(/home/daniel/workspaces/tfm_ws) by extensions ['python_setup_py']
[3.130s] Level 1:colcon.colcon_core.package_identification:_identify(/home/daniel/workspaces/tfm_ws) by extension 'python_setup_py'
[3.130s] Level 1:colcon.colcon_core.package_identification:_identify(/home/daniel/workspaces/tfm_ws/build) by extensions ['ignore', 'ignore_ament_install']
[3.130s] Level 1:colcon.colcon_core.package_identification:_identify(/home/daniel/workspaces/tfm_ws/build) by extension 'ignore'
[3.130s] Level 1:colcon.colcon_core.package_identification:_identify(/home/daniel/workspaces/tfm_ws/build) ignored
[3.131s] Level 1:colcon.colcon_core.package_identification:_identify(/home/daniel/workspaces/tfm_ws/install) by extensions ['ignore', 'ignore_ament_install']
[3.131s] Level 1:colcon.colcon_core.package_identification:_identify(/home/daniel/workspaces/tfm_ws/install) by extension 'ignore'
[3.131s] Level 1:colcon.colcon_core.package_identification:_identify(/home/daniel/workspaces/tfm_ws/install) ignored
[3.131s] Level 1:colcon.colcon_core.package_identification:_identify(/home/daniel/workspaces/tfm_ws/log) by extensions ['ignore', 'ignore_ament_install']
[3.131s] Level 1:colcon.colcon_core.package_identification:_identify(/home/daniel/workspaces/tfm_ws/log) by extension 'ignore'
[3.131s] Level 1:colcon.colcon_core.package_identification:_identify(/home/daniel/workspaces/tfm_ws/log) ignored
[3.131s] Level 1:colcon.colcon_core.package_identification:_identify(/home/daniel/workspaces/tfm_ws/src) by extensions ['ignore', 'ignore_ament_install']
[3.131s] Level 1:colcon.colcon_core.package_identification:_identify(/home/daniel/workspaces/tfm_ws/src) by extension 'ignore'
[3.132s] Level 1:colcon.colcon_core.package_identification:_identify(/home/daniel/workspaces/tfm_ws/src) by extension 'ignore_ament_install'
[3.132s] Level 1:colcon.colcon_core.package_identification:_identify(/home/daniel/workspaces/tfm_ws/src) by extensions ['colcon_pkg']
[3.132s] Level 1:colcon.colcon_core.package_identification:_identify(/home/daniel/workspaces/tfm_ws/src) by extension 'colcon_pkg'
[3.132s] Level 1:colcon.colcon_core.package_identification:_identify(/home/daniel/workspaces/tfm_ws/src) by extensions ['colcon_meta']
[3.132s] Level 1:colcon.colcon_core.package_identification:_identify(/home/daniel/workspaces/tfm_ws/src) by extension 'colcon_meta'
[3.132s] Level 1:colcon.colcon_core.package_identification:_identify(/home/daniel/workspaces/tfm_ws/src) by extensions ['ros']
[3.132s] Level 1:colcon.colcon_core.package_identification:_identify(/home/daniel/workspaces/tfm_ws/src) by extension 'ros'
[3.132s] Level 1:colcon.colcon_core.package_identification:_identify(/home/daniel/workspaces/tfm_ws/src) by extensions ['cmake', 'python']
[3.132s] Level 1:colcon.colcon_core.package_identification:_identify(/home/daniel/workspaces/tfm_ws/src) by extension 'cmake'
[3.132s] Level 1:colcon.colcon_core.package_identification:_identify(/home/daniel/workspaces/tfm_ws/src) by extension 'python'
[3.132s] Level 1:colcon.colcon_core.package_identification:_identify(/home/daniel/workspaces/tfm_ws/src) by extensions ['python_setup_py']
[3.132s] Level 1:colcon.colcon_core.package_identification:_identify(/home/daniel/workspaces/tfm_ws/src) by extension 'python_setup_py'
[3.132s] Level 1:colcon.colcon_core.package_identification:_identify(/home/daniel/workspaces/tfm_ws/src/robot_description) by extensions ['ignore', 'ignore_ament_install']
[3.133s] Level 1:colcon.colcon_core.package_identification:_identify(/home/daniel/workspaces/tfm_ws/src/robot_description) by extension 'ignore'
[3.133s] Level 1:colcon.colcon_core.package_identification:_identify(/home/daniel/workspaces/tfm_ws/src/robot_description) by extension 'ignore_ament_install'
[3.133s] Level 1:colcon.colcon_core.package_identification:_identify(/home/daniel/workspaces/tfm_ws/src/robot_description) by extensions ['colcon_pkg']
[3.133s] Level 1:colcon.colcon_core.package_identification:_identify(/home/daniel/workspaces/tfm_ws/src/robot_description) by extension 'colcon_pkg'
[3.133s] Level 1:colcon.colcon_core.package_identification:_identify(/home/daniel/workspaces/tfm_ws/src/robot_description) by extensions ['colcon_meta']
[3.133s] Level 1:colcon.colcon_core.package_identification:_identify(/home/daniel/workspaces/tfm_ws/src/robot_description) by extension 'colcon_meta'
[3.133s] Level 1:colcon.colcon_core.package_identification:_identify(/home/daniel/workspaces/tfm_ws/src/robot_description) by extensions ['ros']
[3.133s] Level 1:colcon.colcon_core.package_identification:_identify(/home/daniel/workspaces/tfm_ws/src/robot_description) by extension 'ros'
[3.135s] DEBUG:colcon.colcon_core.package_identification:Package '/home/daniel/workspaces/tfm_ws/src/robot_description' with type 'ros.ament_python' and name 'robot_description'
[3.135s] Level 1:colcon.colcon_core.package_identification:_identify(/home/daniel/workspaces/tfm_ws/src/robot_motion) by extensions ['ignore', 'ignore_ament_install']
[3.136s] Level 1:colcon.colcon_core.package_identification:_identify(/home/daniel/workspaces/tfm_ws/src/robot_motion) by extension 'ignore'
[3.136s] Level 1:colcon.colcon_core.package_identification:_identify(/home/daniel/workspaces/tfm_ws/src/robot_motion) by extension 'ignore_ament_install'
[3.136s] Level 1:colcon.colcon_core.package_identification:_identify(/home/daniel/workspaces/tfm_ws/src/robot_motion) by extensions ['colcon_pkg']
[3.136s] Level 1:colcon.colcon_core.package_identification:_identify(/home/daniel/workspaces/tfm_ws/src/robot_motion) by extension 'colcon_pkg'
[3.136s] Level 1:colcon.colcon_core.package_identification:_identify(/home/daniel/workspaces/tfm_ws/src/robot_motion) by extensions ['colcon_meta']
[3.136s] Level 1:colcon.colcon_core.package_identification:_identify(/home/daniel/workspaces/tfm_ws/src/robot_motion) by extension 'colcon_meta'
[3.136s] Level 1:colcon.colcon_core.package_identification:_identify(/home/daniel/workspaces/tfm_ws/src/robot_motion) by extensions ['ros']
[3.136s] Level 1:colcon.colcon_core.package_identification:_identify(/home/daniel/workspaces/tfm_ws/src/robot_motion) by extension 'ros'
[3.137s] DEBUG:colcon.colcon_core.package_identification:Package '/home/daniel/workspaces/tfm_ws/src/robot_motion' with type 'ros.ament_python' and name 'robot_motion'
[3.137s] Level 1:colcon.colcon_core.package_discovery:discover_packages(recursive) using defaults
