[2.638s] DEBUG:colcon:Command line arguments: ['/usr/bin/colcon', 'build']
[2.638s] DEBUG:colcon:Parsed command line arguments: Namespace(allow_overriding=[], ament_cmake_args=None, base_paths=['.'], build_base='build', catkin_cmake_args=None, catkin_skip_building_tests=False, cmake_args=None, cmake_clean_cache=False, cmake_clean_first=False, cmake_force_configure=False, cmake_target=None, cmake_target_skip_unavailable=False, continue_on_error=False, event_handlers=None, executor='parallel', ignore_user_meta=False, install_base='install', log_base=None, log_level=None, main=<bound method BuildVerb.main of <colcon_core.verb.build.BuildVerb object at 0x7f33a4e777c0>>, merge_install=False, metas=['./colcon.meta'], packages_above=None, packages_above_and_dependencies=None, packages_above_depth=None, packages_end=None, packages_ignore=None, packages_ignore_regex=None, packages_select=None, packages_select_build_failed=False, packages_select_by_dep=None, packages_select_regex=None, packages_select_test_failures=False, packages_skip=None, packages_skip_build_finished=False, packages_skip_by_dep=None, packages_skip_regex=None, packages_skip_test_passed=False, packages_skip_up_to=None, packages_start=None, packages_up_to=None, packages_up_to_regex=None, parallel_workers=8, paths=None, symlink_install=False, test_result_base=None, verb_extension=<colcon_core.verb.build.BuildVerb object at 0x7f33a4e777c0>, verb_name='build', verb_parser=<colcon_defaults.argument_parser.defaults.DefaultArgumentsDecorator object at 0x7f33a4e77cd0>)
[2.754s] Level 1:colcon.colcon_core.package_discovery:discover_packages(colcon_meta) check parameters
[2.754s] Level 1:colcon.colcon_core.package_discovery:discover_packages(recursive) check parameters
[2.754s] Level 1:colcon.colcon_core.package_discovery:discover_packages(ignore) check parameters
[2.754s] Level 1:colcon.colcon_core.package_discovery:discover_packages(path) check parameters
[2.754s] Level 1:colcon.colcon_core.package_discovery:discover_packages(colcon_meta) discover
[2.754s] Level 1:colcon.colcon_core.package_discovery:discover_packages(recursive) discover
[2.754s] INFO:colcon.colcon_core.package_discovery:Crawling recursively for packages in '/home/daniel/workspaces/tfm_ws'
[2.755s] Level 1:colcon.colcon_core.package_identification:_identify(.) by extensions ['ignore', 'ignore_ament_install']
[2.755s] Level 1:colcon.colcon_core.package_identification:_identify(.) by extension 'ignore'
[2.755s] Level 1:colcon.colcon_core.package_identification:_identify(.) by extension 'ignore_ament_install'
[2.755s] Level 1:colcon.colcon_core.package_identification:_identify(.) by extensions ['colcon_pkg']
[2.755s] Level 1:colcon.colcon_core.package_identification:_identify(.) by extension 'colcon_pkg'
[2.755s] Level 1:colcon.colcon_core.package_identification:_identify(.) by extensions ['colcon_meta']
[2.755s] Level 1:colcon.colcon_core.package_identification:_identify(.) by extension 'colcon_meta'
[2.755s] Level 1:colcon.colcon_core.package_identification:_identify(.) by extensions ['ros']
[2.755s] Level 1:colcon.colcon_core.package_identification:_identify(.) by extension 'ros'
[2.765s] Level 1:colcon.colcon_core.package_identification:_identify(.) by extensions ['cmake', 'python']
[2.765s] Level 1:colcon.colcon_core.package_identification:_identify(.) by extension 'cmake'
[2.766s] Level 1:colcon.colcon_core.package_identification:_identify(.) by extension 'python'
[2.766s] Level 1:colcon.colcon_core.package_identification:_identify(.) by extensions ['python_setup_py']
[2.766s] Level 1:colcon.colcon_core.package_identification:_identify(.) by extension 'python_setup_py'
[2.766s] Level 1:colcon.colcon_core.package_identification:_identify(build) by extensions ['ignore', 'ignore_ament_install']
[2.766s] Level 1:colcon.colcon_core.package_identification:_identify(build) by extension 'ignore'
[2.766s] Level 1:colcon.colcon_core.package_identification:_identify(build) ignored
[2.766s] Level 1:colcon.colcon_core.package_identification:_identify(install) by extensions ['ignore', 'ignore_ament_install']
[2.766s] Level 1:colcon.colcon_core.package_identification:_identify(install) by extension 'ignore'
[2.766s] Level 1:colcon.colcon_core.package_identification:_identify(install) ignored
[2.766s] Level 1:colcon.colcon_core.package_identification:_identify(log) by extensions ['ignore', 'ignore_ament_install']
[2.766s] Level 1:colcon.colcon_core.package_identification:_identify(log) by extension 'ignore'
[2.767s] Level 1:colcon.colcon_core.package_identification:_identify(log) ignored
[2.767s] Level 1:colcon.colcon_core.package_identification:_identify(src) by extensions ['ignore', 'ignore_ament_install']
[2.767s] Level 1:colcon.colcon_core.package_identification:_identify(src) by extension 'ignore'
[2.767s] Level 1:colcon.colcon_core.package_identification:_identify(src) by extension 'ignore_ament_install'
[2.767s] Level 1:colcon.colcon_core.package_identification:_identify(src) by extensions ['colcon_pkg']
[2.767s] Level 1:colcon.colcon_core.package_identification:_identify(src) by extension 'colcon_pkg'
[2.767s] Level 1:colcon.colcon_core.package_identification:_identify(src) by extensions ['colcon_meta']
[2.767s] Level 1:colcon.colcon_core.package_identification:_identify(src) by extension 'colcon_meta'
[2.767s] Level 1:colcon.colcon_core.package_identification:_identify(src) by extensions ['ros']
[2.767s] Level 1:colcon.colcon_core.package_identification:_identify(src) by extension 'ros'
[2.767s] Level 1:colcon.colcon_core.package_identification:_identify(src) by extensions ['cmake', 'python']
[2.767s] Level 1:colcon.colcon_core.package_identification:_identify(src) by extension 'cmake'
[2.767s] Level 1:colcon.colcon_core.package_identification:_identify(src) by extension 'python'
[2.767s] Level 1:colcon.colcon_core.package_identification:_identify(src) by extensions ['python_setup_py']
[2.767s] Level 1:colcon.colcon_core.package_identification:_identify(src) by extension 'python_setup_py'
[2.767s] Level 1:colcon.colcon_core.package_identification:_identify(src/articubot_one) by extensions ['ignore', 'ignore_ament_install']
[2.767s] Level 1:colcon.colcon_core.package_identification:_identify(src/articubot_one) by extension 'ignore'
[2.767s] Level 1:colcon.colcon_core.package_identification:_identify(src/articubot_one) by extension 'ignore_ament_install'
[2.767s] Level 1:colcon.colcon_core.package_identification:_identify(src/articubot_one) by extensions ['colcon_pkg']
[2.768s] Level 1:colcon.colcon_core.package_identification:_identify(src/articubot_one) by extension 'colcon_pkg'
[2.768s] Level 1:colcon.colcon_core.package_identification:_identify(src/articubot_one) by extensions ['colcon_meta']
[2.768s] Level 1:colcon.colcon_core.package_identification:_identify(src/articubot_one) by extension 'colcon_meta'
[2.768s] Level 1:colcon.colcon_core.package_identification:_identify(src/articubot_one) by extensions ['ros']
[2.768s] Level 1:colcon.colcon_core.package_identification:_identify(src/articubot_one) by extension 'ros'
[2.770s] DEBUG:colcon.colcon_core.package_identification:Package 'src/articubot_one' with type 'ros.ament_cmake' and name 'articubot_one'
[2.770s] Level 1:colcon.colcon_core.package_identification:_identify(src/mir_description) by extensions ['ignore', 'ignore_ament_install']
[2.770s] Level 1:colcon.colcon_core.package_identification:_identify(src/mir_description) by extension 'ignore'
[2.770s] Level 1:colcon.colcon_core.package_identification:_identify(src/mir_description) by extension 'ignore_ament_install'
[2.770s] Level 1:colcon.colcon_core.package_identification:_identify(src/mir_description) by extensions ['colcon_pkg']
[2.770s] Level 1:colcon.colcon_core.package_identification:_identify(src/mir_description) by extension 'colcon_pkg'
[2.770s] Level 1:colcon.colcon_core.package_identification:_identify(src/mir_description) by extensions ['colcon_meta']
[2.770s] Level 1:colcon.colcon_core.package_identification:_identify(src/mir_description) by extension 'colcon_meta'
[2.770s] Level 1:colcon.colcon_core.package_identification:_identify(src/mir_description) by extensions ['ros']
[2.770s] Level 1:colcon.colcon_core.package_identification:_identify(src/mir_description) by extension 'ros'
[2.771s] DEBUG:colcon.colcon_core.package_identification:Package 'src/mir_description' with type 'ros.ament_python' and name 'mir_description'
[2.771s] Level 1:colcon.colcon_core.package_identification:_identify(src/robot_description) by extensions ['ignore', 'ignore_ament_install']
[2.771s] Level 1:colcon.colcon_core.package_identification:_identify(src/robot_description) by extension 'ignore'
[2.771s] Level 1:colcon.colcon_core.package_identification:_identify(src/robot_description) by extension 'ignore_ament_install'
[2.771s] Level 1:colcon.colcon_core.package_identification:_identify(src/robot_description) by extensions ['colcon_pkg']
[2.771s] Level 1:colcon.colcon_core.package_identification:_identify(src/robot_description) by extension 'colcon_pkg'
[2.771s] Level 1:colcon.colcon_core.package_identification:_identify(src/robot_description) by extensions ['colcon_meta']
[2.771s] Level 1:colcon.colcon_core.package_identification:_identify(src/robot_description) by extension 'colcon_meta'
[2.771s] Level 1:colcon.colcon_core.package_identification:_identify(src/robot_description) by extensions ['ros']
[2.771s] Level 1:colcon.colcon_core.package_identification:_identify(src/robot_description) by extension 'ros'
[2.772s] DEBUG:colcon.colcon_core.package_identification:Package 'src/robot_description' with type 'ros.ament_python' and name 'robot_description'
[2.772s] Level 1:colcon.colcon_core.package_discovery:discover_packages(recursive) using defaults
[2.772s] Level 1:colcon.colcon_core.package_discovery:discover_packages(ignore) discover
[2.772s] Level 1:colcon.colcon_core.package_discovery:discover_packages(ignore) using defaults
[2.772s] Level 1:colcon.colcon_core.package_discovery:discover_packages(path) discover
[2.772s] Level 1:colcon.colcon_core.package_discovery:discover_packages(path) using defaults
[3.015s] Level 1:colcon.colcon_core.package_discovery:discover_packages(prefix_path) check parameters
[3.015s] Level 1:colcon.colcon_core.package_discovery:discover_packages(prefix_path) discover
[3.108s] DEBUG:colcon.colcon_installed_package_information.package_discovery:Found 4 installed packages in /home/daniel/workspaces/tfm_ws/install
[3.156s] DEBUG:colcon.colcon_installed_package_information.package_discovery:Found 291 installed packages in /opt/ros/foxy
[3.157s] Level 1:colcon.colcon_core.package_discovery:discover_packages(prefix_path) using defaults
[3.362s] Level 5:colcon.colcon_core.verb:set package 'articubot_one' build argument 'cmake_args' from command line to 'None'
[3.362s] Level 5:colcon.colcon_core.verb:set package 'articubot_one' build argument 'cmake_target' from command line to 'None'
[3.362s] Level 5:colcon.colcon_core.verb:set package 'articubot_one' build argument 'cmake_target_skip_unavailable' from command line to 'False'
[3.362s] Level 5:colcon.colcon_core.verb:set package 'articubot_one' build argument 'cmake_clean_cache' from command line to 'False'
[3.362s] Level 5:colcon.colcon_core.verb:set package 'articubot_one' build argument 'cmake_clean_first' from command line to 'False'
[3.362s] Level 5:colcon.colcon_core.verb:set package 'articubot_one' build argument 'cmake_force_configure' from command line to 'False'
[3.362s] Level 5:colcon.colcon_core.verb:set package 'articubot_one' build argument 'ament_cmake_args' from command line to 'None'
[3.362s] Level 5:colcon.colcon_core.verb:set package 'articubot_one' build argument 'catkin_cmake_args' from command line to 'None'
[3.362s] Level 5:colcon.colcon_core.verb:set package 'articubot_one' build argument 'catkin_skip_building_tests' from command line to 'False'
[3.362s] DEBUG:colcon.colcon_core.verb:Building package 'articubot_one' with the following arguments: {'ament_cmake_args': None, 'build_base': '/home/daniel/workspaces/tfm_ws/build/articubot_one', 'catkin_cmake_args': None, 'catkin_skip_building_tests': False, 'cmake_args': None, 'cmake_clean_cache': False, 'cmake_clean_first': False, 'cmake_force_configure': False, 'cmake_target': None, 'cmake_target_skip_unavailable': False, 'install_base': '/home/daniel/workspaces/tfm_ws/install/articubot_one', 'merge_install': False, 'path': '/home/daniel/workspaces/tfm_ws/src/articubot_one', 'symlink_install': False, 'test_result_base': None}
[3.411s] Level 5:colcon.colcon_core.verb:set package 'mir_description' build argument 'cmake_args' from command line to 'None'
[3.411s] Level 5:colcon.colcon_core.verb:set package 'mir_description' build argument 'cmake_target' from command line to 'None'
[3.411s] Level 5:colcon.colcon_core.verb:set package 'mir_description' build argument 'cmake_target_skip_unavailable' from command line to 'False'
[3.412s] Level 5:colcon.colcon_core.verb:set package 'mir_description' build argument 'cmake_clean_cache' from command line to 'False'
[3.412s] Level 5:colcon.colcon_core.verb:set package 'mir_description' build argument 'cmake_clean_first' from command line to 'False'
[3.412s] Level 5:colcon.colcon_core.verb:set package 'mir_description' build argument 'cmake_force_configure' from command line to 'False'
[3.412s] Level 5:colcon.colcon_core.verb:set package 'mir_description' build argument 'ament_cmake_args' from command line to 'None'
[3.412s] Level 5:colcon.colcon_core.verb:set package 'mir_description' build argument 'catkin_cmake_args' from command line to 'None'
[3.412s] Level 5:colcon.colcon_core.verb:set package 'mir_description' build argument 'catkin_skip_building_tests' from command line to 'False'
[3.412s] DEBUG:colcon.colcon_core.verb:Building package 'mir_description' with the following arguments: {'ament_cmake_args': None, 'build_base': '/home/daniel/workspaces/tfm_ws/build/mir_description', 'catkin_cmake_args': None, 'catkin_skip_building_tests': False, 'cmake_args': None, 'cmake_clean_cache': False, 'cmake_clean_first': False, 'cmake_force_configure': False, 'cmake_target': None, 'cmake_target_skip_unavailable': False, 'install_base': '/home/daniel/workspaces/tfm_ws/install/mir_description', 'merge_install': False, 'path': '/home/daniel/workspaces/tfm_ws/src/mir_description', 'symlink_install': False, 'test_result_base': None}
[3.458s] Level 5:colcon.colcon_core.verb:set package 'robot_description' build argument 'cmake_args' from command line to 'None'
[3.458s] Level 5:colcon.colcon_core.verb:set package 'robot_description' build argument 'cmake_target' from command line to 'None'
[3.458s] Level 5:colcon.colcon_core.verb:set package 'robot_description' build argument 'cmake_target_skip_unavailable' from command line to 'False'
[3.458s] Level 5:colcon.colcon_core.verb:set package 'robot_description' build argument 'cmake_clean_cache' from command line to 'False'
[3.458s] Level 5:colcon.colcon_core.verb:set package 'robot_description' build argument 'cmake_clean_first' from command line to 'False'
[3.458s] Level 5:colcon.colcon_core.verb:set package 'robot_description' build argument 'cmake_force_configure' from command line to 'False'
[3.458s] Level 5:colcon.colcon_core.verb:set package 'robot_description' build argument 'ament_cmake_args' from command line to 'None'
[3.458s] Level 5:colcon.colcon_core.verb:set package 'robot_description' build argument 'catkin_cmake_args' from command line to 'None'
[3.458s] Level 5:colcon.colcon_core.verb:set package 'robot_description' build argument 'catkin_skip_building_tests' from command line to 'False'
[3.458s] DEBUG:colcon.colcon_core.verb:Building package 'robot_description' with the following arguments: {'ament_cmake_args': None, 'build_base': '/home/daniel/workspaces/tfm_ws/build/robot_description', 'catkin_cmake_args': None, 'catkin_skip_building_tests': False, 'cmake_args': None, 'cmake_clean_cache': False, 'cmake_clean_first': False, 'cmake_force_configure': False, 'cmake_target': None, 'cmake_target_skip_unavailable': False, 'install_base': '/home/daniel/workspaces/tfm_ws/install/robot_description', 'merge_install': False, 'path': '/home/daniel/workspaces/tfm_ws/src/robot_description', 'symlink_install': False, 'test_result_base': None}
[3.502s] INFO:colcon.colcon_core.executor:Executing jobs using 'parallel' executor
[3.548s] DEBUG:colcon.colcon_parallel_executor.executor.parallel:run_until_complete
[3.548s] INFO:colcon.colcon_ros.task.ament_cmake.build:Building ROS package in '/home/daniel/workspaces/tfm_ws/src/articubot_one' with build type 'ament_cmake'
[3.548s] INFO:colcon.colcon_cmake.task.cmake.build:Building CMake package in '/home/daniel/workspaces/tfm_ws/src/articubot_one'
[3.597s] INFO:colcon.colcon_core.plugin_system:Skipping extension 'colcon_core.shell.bat': Not used on non-Windows systems
[3.597s] INFO:colcon.colcon_core.shell:Skip shell extension 'powershell' for command environment: Not usable outside of PowerShell
[3.597s] DEBUG:colcon.colcon_core.shell:Skip shell extension 'dsv' for command environment
[3.743s] INFO:colcon.colcon_ros.task.ament_python.build:Building ROS package in '/home/daniel/workspaces/tfm_ws/src/mir_description' with build type 'ament_python'
[3.743s] Level 1:colcon.colcon_core.shell:create_environment_hook('mir_description', 'ament_prefix_path')
[3.793s] INFO:colcon.colcon_core.shell:Creating environment hook '/home/daniel/workspaces/tfm_ws/install/mir_description/share/mir_description/hook/ament_prefix_path.ps1'
[3.794s] INFO:colcon.colcon_core.shell:Creating environment descriptor '/home/daniel/workspaces/tfm_ws/install/mir_description/share/mir_description/hook/ament_prefix_path.dsv'
[3.794s] INFO:colcon.colcon_core.shell:Creating environment hook '/home/daniel/workspaces/tfm_ws/install/mir_description/share/mir_description/hook/ament_prefix_path.sh'
[3.841s] INFO:colcon.colcon_core.shell:Skip shell extension 'powershell' for command environment: Not usable outside of PowerShell
[3.842s] DEBUG:colcon.colcon_core.shell:Skip shell extension 'dsv' for command environment
[3.987s] INFO:colcon.colcon_ros.task.ament_python.build:Building ROS package in '/home/daniel/workspaces/tfm_ws/src/robot_description' with build type 'ament_python'
[3.987s] Level 1:colcon.colcon_core.shell:create_environment_hook('robot_description', 'ament_prefix_path')
[4.035s] INFO:colcon.colcon_core.shell:Creating environment hook '/home/daniel/workspaces/tfm_ws/install/robot_description/share/robot_description/hook/ament_prefix_path.ps1'
[4.036s] INFO:colcon.colcon_core.shell:Creating environment descriptor '/home/daniel/workspaces/tfm_ws/install/robot_description/share/robot_description/hook/ament_prefix_path.dsv'
[4.036s] INFO:colcon.colcon_core.shell:Creating environment hook '/home/daniel/workspaces/tfm_ws/install/robot_description/share/robot_description/hook/ament_prefix_path.sh'
[4.085s] INFO:colcon.colcon_core.shell:Skip shell extension 'powershell' for command environment: Not usable outside of PowerShell
[4.085s] DEBUG:colcon.colcon_core.shell:Skip shell extension 'dsv' for command environment
[4.240s] DEBUG:colcon.colcon_core.event_handler.log_command:Invoking command in '/home/daniel/workspaces/tfm_ws/build/articubot_one': CMAKE_PREFIX_PATH=${CMAKE_PREFIX_PATH}:/home/daniel/workspaces/tfm_ws/install/mir_description:/home/daniel/workspaces/tfm_ws/install/mir_description_2:/home/daniel/workspaces/tfm_ws/install/robot_description:/opt/ros/foxy /usr/bin/cmake --build /home/daniel/workspaces/tfm_ws/build/articubot_one -- -j8 -l8
[4.481s] INFO:colcon.colcon_core.task.python.build:Building Python package in '/home/daniel/workspaces/tfm_ws/src/mir_description'
[4.534s] INFO:colcon.colcon_core.shell:Skip shell extension 'powershell' for command environment: Not usable outside of PowerShell
[4.534s] DEBUG:colcon.colcon_core.shell:Skip shell extension 'dsv' for command environment
[4.914s] INFO:colcon.colcon_core.task.python.build:Building Python package in '/home/daniel/workspaces/tfm_ws/src/robot_description'
[4.962s] INFO:colcon.colcon_core.shell:Skip shell extension 'powershell' for command environment: Not usable outside of PowerShell
[4.962s] DEBUG:colcon.colcon_core.shell:Skip shell extension 'dsv' for command environment
[5.124s] DEBUG:colcon.colcon_core.event_handler.log_command:Invoked command in '/home/daniel/workspaces/tfm_ws/build/articubot_one' returned '0': CMAKE_PREFIX_PATH=${CMAKE_PREFIX_PATH}:/home/daniel/workspaces/tfm_ws/install/mir_description:/home/daniel/workspaces/tfm_ws/install/mir_description_2:/home/daniel/workspaces/tfm_ws/install/robot_description:/opt/ros/foxy /usr/bin/cmake --build /home/daniel/workspaces/tfm_ws/build/articubot_one -- -j8 -l8
[5.158s] DEBUG:colcon.colcon_core.event_handler.log_command:Invoking command in '/home/daniel/workspaces/tfm_ws/build/articubot_one': CMAKE_PREFIX_PATH=${CMAKE_PREFIX_PATH}:/home/daniel/workspaces/tfm_ws/install/mir_description:/home/daniel/workspaces/tfm_ws/install/mir_description_2:/home/daniel/workspaces/tfm_ws/install/robot_description:/opt/ros/foxy /usr/bin/cmake --install /home/daniel/workspaces/tfm_ws/build/articubot_one
[5.171s] Level 1:colcon.colcon_core.environment:create_environment_scripts_only(articubot_one)
[5.173s] DEBUG:colcon.colcon_core.event_handler.log_command:Invoked command in '/home/daniel/workspaces/tfm_ws/build/articubot_one' returned '0': CMAKE_PREFIX_PATH=${CMAKE_PREFIX_PATH}:/home/daniel/workspaces/tfm_ws/install/mir_description:/home/daniel/workspaces/tfm_ws/install/mir_description_2:/home/daniel/workspaces/tfm_ws/install/robot_description:/opt/ros/foxy /usr/bin/cmake --install /home/daniel/workspaces/tfm_ws/build/articubot_one
[5.230s] Level 1:colcon.colcon_core.environment:checking '/home/daniel/workspaces/tfm_ws/install/articubot_one' for CMake module files
[5.231s] Level 1:colcon.colcon_core.environment:checking '/home/daniel/workspaces/tfm_ws/install/articubot_one' for CMake config files
[5.231s] Level 1:colcon.colcon_core.shell:create_environment_hook('articubot_one', 'cmake_prefix_path')
[5.282s] INFO:colcon.colcon_core.shell:Creating environment hook '/home/daniel/workspaces/tfm_ws/install/articubot_one/share/articubot_one/hook/cmake_prefix_path.ps1'
[5.283s] INFO:colcon.colcon_core.shell:Creating environment descriptor '/home/daniel/workspaces/tfm_ws/install/articubot_one/share/articubot_one/hook/cmake_prefix_path.dsv'
[5.283s] INFO:colcon.colcon_core.shell:Creating environment hook '/home/daniel/workspaces/tfm_ws/install/articubot_one/share/articubot_one/hook/cmake_prefix_path.sh'
[5.284s] Level 1:colcon.colcon_core.environment:checking '/home/daniel/workspaces/tfm_ws/install/articubot_one/bin'
[5.284s] Level 1:colcon.colcon_core.environment:checking '/home/daniel/workspaces/tfm_ws/install/articubot_one/lib/pkgconfig/articubot_one.pc'
[5.284s] Level 1:colcon.colcon_core.environment:checking '/home/daniel/workspaces/tfm_ws/install/articubot_one/lib/python3.8/site-packages'
[5.285s] Level 1:colcon.colcon_core.environment:checking '/home/daniel/workspaces/tfm_ws/install/articubot_one/bin'
[5.336s] INFO:colcon.colcon_core.shell:Creating package script '/home/daniel/workspaces/tfm_ws/install/articubot_one/share/articubot_one/package.ps1'
[5.337s] INFO:colcon.colcon_core.shell:Creating package descriptor '/home/daniel/workspaces/tfm_ws/install/articubot_one/share/articubot_one/package.dsv'
[5.338s] INFO:colcon.colcon_core.shell:Creating package script '/home/daniel/workspaces/tfm_ws/install/articubot_one/share/articubot_one/package.sh'
[5.338s] INFO:colcon.colcon_core.shell:Creating package script '/home/daniel/workspaces/tfm_ws/install/articubot_one/share/articubot_one/package.bash'
[5.339s] INFO:colcon.colcon_core.shell:Creating package script '/home/daniel/workspaces/tfm_ws/install/articubot_one/share/articubot_one/package.zsh'
[5.340s] Level 1:colcon.colcon_core.environment:create_file_with_runtime_dependencies(/home/daniel/workspaces/tfm_ws/install/articubot_one/share/colcon-core/packages/articubot_one)
[5.432s] Level 1:colcon.colcon_core.environment:create_environment_scripts_only(articubot_one)
[5.483s] Level 1:colcon.colcon_core.environment:checking '/home/daniel/workspaces/tfm_ws/install/articubot_one' for CMake module files
[5.484s] Level 1:colcon.colcon_core.environment:checking '/home/daniel/workspaces/tfm_ws/install/articubot_one' for CMake config files
[5.484s] Level 1:colcon.colcon_core.shell:create_environment_hook('articubot_one', 'cmake_prefix_path')
[5.536s] INFO:colcon.colcon_core.shell:Creating environment hook '/home/daniel/workspaces/tfm_ws/install/articubot_one/share/articubot_one/hook/cmake_prefix_path.ps1'
[5.536s] INFO:colcon.colcon_core.shell:Creating environment descriptor '/home/daniel/workspaces/tfm_ws/install/articubot_one/share/articubot_one/hook/cmake_prefix_path.dsv'
[5.537s] INFO:colcon.colcon_core.shell:Creating environment hook '/home/daniel/workspaces/tfm_ws/install/articubot_one/share/articubot_one/hook/cmake_prefix_path.sh'
[5.537s] Level 1:colcon.colcon_core.environment:checking '/home/daniel/workspaces/tfm_ws/install/articubot_one/bin'
[5.538s] Level 1:colcon.colcon_core.environment:checking '/home/daniel/workspaces/tfm_ws/install/articubot_one/lib/pkgconfig/articubot_one.pc'
[5.538s] Level 1:colcon.colcon_core.environment:checking '/home/daniel/workspaces/tfm_ws/install/articubot_one/lib/python3.8/site-packages'
[5.538s] Level 1:colcon.colcon_core.environment:checking '/home/daniel/workspaces/tfm_ws/install/articubot_one/bin'
[5.591s] INFO:colcon.colcon_core.shell:Creating package script '/home/daniel/workspaces/tfm_ws/install/articubot_one/share/articubot_one/package.ps1'
[5.591s] INFO:colcon.colcon_core.shell:Creating package descriptor '/home/daniel/workspaces/tfm_ws/install/articubot_one/share/articubot_one/package.dsv'
[5.592s] INFO:colcon.colcon_core.shell:Creating package script '/home/daniel/workspaces/tfm_ws/install/articubot_one/share/articubot_one/package.sh'
[5.592s] INFO:colcon.colcon_core.shell:Creating package script '/home/daniel/workspaces/tfm_ws/install/articubot_one/share/articubot_one/package.bash'
[5.593s] INFO:colcon.colcon_core.shell:Creating package script '/home/daniel/workspaces/tfm_ws/install/articubot_one/share/articubot_one/package.zsh'
[5.593s] Level 1:colcon.colcon_core.environment:create_file_with_runtime_dependencies(/home/daniel/workspaces/tfm_ws/install/articubot_one/share/colcon-core/packages/articubot_one)
[5.621s] DEBUG:colcon.colcon_core.event_handler.log_command:Invoking command in '/home/daniel/workspaces/tfm_ws/src/robot_description': PYTHONPATH=/home/daniel/workspaces/tfm_ws/build/robot_description/prefix_override:/home/daniel/workspaces/tfm_ws/install/robot_description/lib/python3.8/site-packages:${PYTHONPATH} /usr/bin/python3 setup.py egg_info --egg-base ../../build/robot_description build --build-base /home/daniel/workspaces/tfm_ws/build/robot_description/build install --record /home/daniel/workspaces/tfm_ws/build/robot_description/install.log --install-scripts $base/lib/robot_description --single-version-externally-managed
[5.624s] DEBUG:colcon.colcon_core.event_handler.log_command:Invoking command in '/home/daniel/workspaces/tfm_ws/src/mir_description': PYTHONPATH=/home/daniel/workspaces/tfm_ws/build/mir_description/prefix_override:/home/daniel/workspaces/tfm_ws/install/mir_description/lib/python3.8/site-packages:${PYTHONPATH} /usr/bin/python3 setup.py egg_info --egg-base ../../build/mir_description build --build-base /home/daniel/workspaces/tfm_ws/build/mir_description/build install --record /home/daniel/workspaces/tfm_ws/build/mir_description/install.log --install-scripts $base/lib/mir_description --single-version-externally-managed
[5.938s] DEBUG:colcon.colcon_core.event_handler.log_command:Invoked command in '/home/daniel/workspaces/tfm_ws/src/robot_description' returned '0': PYTHONPATH=/home/daniel/workspaces/tfm_ws/build/robot_description/prefix_override:/home/daniel/workspaces/tfm_ws/install/robot_description/lib/python3.8/site-packages:${PYTHONPATH} /usr/bin/python3 setup.py egg_info --egg-base ../../build/robot_description build --build-base /home/daniel/workspaces/tfm_ws/build/robot_description/build install --record /home/daniel/workspaces/tfm_ws/build/robot_description/install.log --install-scripts $base/lib/robot_description --single-version-externally-managed
[5.987s] Level 1:colcon.colcon_core.environment:checking '/home/daniel/workspaces/tfm_ws/install/robot_description' for CMake module files
[5.987s] Level 1:colcon.colcon_core.environment:checking '/home/daniel/workspaces/tfm_ws/install/robot_description' for CMake config files
[5.988s] Level 1:colcon.colcon_core.environment:checking '/home/daniel/workspaces/tfm_ws/install/robot_description/lib'
[5.989s] Level 1:colcon.colcon_core.environment:checking '/home/daniel/workspaces/tfm_ws/install/robot_description/bin'
[5.989s] Level 1:colcon.colcon_core.environment:checking '/home/daniel/workspaces/tfm_ws/install/robot_description/lib/pkgconfig/robot_description.pc'
[5.989s] Level 1:colcon.colcon_core.environment:checking '/home/daniel/workspaces/tfm_ws/install/robot_description/lib/python3.8/site-packages'
[5.989s] Level 1:colcon.colcon_core.shell:create_environment_hook('robot_description', 'pythonpath')
[6.037s] INFO:colcon.colcon_core.shell:Creating environment hook '/home/daniel/workspaces/tfm_ws/install/robot_description/share/robot_description/hook/pythonpath.ps1'
[6.037s] INFO:colcon.colcon_core.shell:Creating environment descriptor '/home/daniel/workspaces/tfm_ws/install/robot_description/share/robot_description/hook/pythonpath.dsv'
[6.038s] INFO:colcon.colcon_core.shell:Creating environment hook '/home/daniel/workspaces/tfm_ws/install/robot_description/share/robot_description/hook/pythonpath.sh'
[6.038s] Level 1:colcon.colcon_core.environment:checking '/home/daniel/workspaces/tfm_ws/install/robot_description/bin'
[6.038s] Level 1:colcon.colcon_core.environment:create_environment_scripts_only(robot_description)
[6.085s] INFO:colcon.colcon_core.shell:Creating package script '/home/daniel/workspaces/tfm_ws/install/robot_description/share/robot_description/package.ps1'
[6.086s] INFO:colcon.colcon_core.shell:Creating package descriptor '/home/daniel/workspaces/tfm_ws/install/robot_description/share/robot_description/package.dsv'
[6.087s] INFO:colcon.colcon_core.shell:Creating package script '/home/daniel/workspaces/tfm_ws/install/robot_description/share/robot_description/package.sh'
[6.087s] INFO:colcon.colcon_core.shell:Creating package script '/home/daniel/workspaces/tfm_ws/install/robot_description/share/robot_description/package.bash'
[6.087s] INFO:colcon.colcon_core.shell:Creating package script '/home/daniel/workspaces/tfm_ws/install/robot_description/share/robot_description/package.zsh'
[6.088s] Level 1:colcon.colcon_core.environment:create_file_with_runtime_dependencies(/home/daniel/workspaces/tfm_ws/install/robot_description/share/colcon-core/packages/robot_description)
[6.089s] DEBUG:colcon.colcon_core.event_handler.log_command:Invoked command in '/home/daniel/workspaces/tfm_ws/src/mir_description' returned '0': PYTHONPATH=/home/daniel/workspaces/tfm_ws/build/mir_description/prefix_override:/home/daniel/workspaces/tfm_ws/install/mir_description/lib/python3.8/site-packages:${PYTHONPATH} /usr/bin/python3 setup.py egg_info --egg-base ../../build/mir_description build --build-base /home/daniel/workspaces/tfm_ws/build/mir_description/build install --record /home/daniel/workspaces/tfm_ws/build/mir_description/install.log --install-scripts $base/lib/mir_description --single-version-externally-managed
[6.137s] Level 1:colcon.colcon_core.environment:checking '/home/daniel/workspaces/tfm_ws/install/mir_description' for CMake module files
[6.138s] Level 1:colcon.colcon_core.environment:checking '/home/daniel/workspaces/tfm_ws/install/mir_description' for CMake config files
[6.138s] Level 1:colcon.colcon_core.environment:checking '/home/daniel/workspaces/tfm_ws/install/mir_description/lib'
[6.138s] Level 1:colcon.colcon_core.environment:checking '/home/daniel/workspaces/tfm_ws/install/mir_description/bin'
[6.139s] Level 1:colcon.colcon_core.environment:checking '/home/daniel/workspaces/tfm_ws/install/mir_description/lib/pkgconfig/mir_description.pc'
[6.139s] Level 1:colcon.colcon_core.environment:checking '/home/daniel/workspaces/tfm_ws/install/mir_description/lib/python3.8/site-packages'
[6.139s] Level 1:colcon.colcon_core.shell:create_environment_hook('mir_description', 'pythonpath')
[6.186s] INFO:colcon.colcon_core.shell:Creating environment hook '/home/daniel/workspaces/tfm_ws/install/mir_description/share/mir_description/hook/pythonpath.ps1'
[6.186s] INFO:colcon.colcon_core.shell:Creating environment descriptor '/home/daniel/workspaces/tfm_ws/install/mir_description/share/mir_description/hook/pythonpath.dsv'
[6.187s] INFO:colcon.colcon_core.shell:Creating environment hook '/home/daniel/workspaces/tfm_ws/install/mir_description/share/mir_description/hook/pythonpath.sh'
[6.187s] Level 1:colcon.colcon_core.environment:checking '/home/daniel/workspaces/tfm_ws/install/mir_description/bin'
[6.187s] Level 1:colcon.colcon_core.environment:create_environment_scripts_only(mir_description)
[6.235s] INFO:colcon.colcon_core.shell:Creating package script '/home/daniel/workspaces/tfm_ws/install/mir_description/share/mir_description/package.ps1'
[6.235s] INFO:colcon.colcon_core.shell:Creating package descriptor '/home/daniel/workspaces/tfm_ws/install/mir_description/share/mir_description/package.dsv'
[6.236s] INFO:colcon.colcon_core.shell:Creating package script '/home/daniel/workspaces/tfm_ws/install/mir_description/share/mir_description/package.sh'
[6.236s] INFO:colcon.colcon_core.shell:Creating package script '/home/daniel/workspaces/tfm_ws/install/mir_description/share/mir_description/package.bash'
[6.237s] INFO:colcon.colcon_core.shell:Creating package script '/home/daniel/workspaces/tfm_ws/install/mir_description/share/mir_description/package.zsh'
[6.237s] Level 1:colcon.colcon_core.environment:create_file_with_runtime_dependencies(/home/daniel/workspaces/tfm_ws/install/mir_description/share/colcon-core/packages/mir_description)
[6.237s] DEBUG:colcon.colcon_parallel_executor.executor.parallel:closing loop
[6.238s] DEBUG:colcon.colcon_parallel_executor.executor.parallel:loop closed
[6.238s] DEBUG:colcon.colcon_parallel_executor.executor.parallel:run_until_complete finished with '0'
[6.238s] DEBUG:colcon.colcon_core.event_reactor:joining thread
[6.294s] INFO:colcon.colcon_core.plugin_system:Skipping extension 'colcon_notification.desktop_notification.terminal_notifier': Not used on non-Darwin systems
[6.294s] INFO:colcon.colcon_core.plugin_system:Skipping extension 'colcon_notification.desktop_notification.win32': Not used on non-Windows systems
[6.294s] INFO:colcon.colcon_notification.desktop_notification:Sending desktop notification using 'notify2'
[6.307s] DEBUG:colcon.colcon_core.event_reactor:joined thread
[6.356s] INFO:colcon.colcon_core.shell:Creating prefix script '/home/daniel/workspaces/tfm_ws/install/local_setup.ps1'
[6.357s] INFO:colcon.colcon_core.shell:Creating prefix util module '/home/daniel/workspaces/tfm_ws/install/_local_setup_util_ps1.py'
[6.358s] INFO:colcon.colcon_core.shell:Creating prefix chain script '/home/daniel/workspaces/tfm_ws/install/setup.ps1'
[6.408s] INFO:colcon.colcon_core.shell:Creating prefix script '/home/daniel/workspaces/tfm_ws/install/local_setup.sh'
[6.409s] INFO:colcon.colcon_core.shell:Creating prefix util module '/home/daniel/workspaces/tfm_ws/install/_local_setup_util_sh.py'
[6.409s] INFO:colcon.colcon_core.shell:Creating prefix chain script '/home/daniel/workspaces/tfm_ws/install/setup.sh'
[6.457s] INFO:colcon.colcon_core.shell:Creating prefix script '/home/daniel/workspaces/tfm_ws/install/local_setup.bash'
[6.458s] INFO:colcon.colcon_core.shell:Creating prefix chain script '/home/daniel/workspaces/tfm_ws/install/setup.bash'
[6.506s] INFO:colcon.colcon_core.shell:Creating prefix script '/home/daniel/workspaces/tfm_ws/install/local_setup.zsh'
[6.506s] INFO:colcon.colcon_core.shell:Creating prefix chain script '/home/daniel/workspaces/tfm_ws/install/setup.zsh'
