[1.103s] Invoking command in '/home/daniel/workspaces/tfm_ws/src/robot_description': PYTHONPATH=/home/daniel/workspaces/tfm_ws/build/robot_description/prefix_override:/home/daniel/workspaces/tfm_ws/install/robot_description/lib/python3.8/site-packages:${PYTHONPATH} /usr/bin/python3 setup.py egg_info --egg-base ../../build/robot_description build --build-base /home/daniel/workspaces/tfm_ws/build/robot_description/build install --record /home/daniel/workspaces/tfm_ws/build/robot_description/install.log --install-scripts $base/lib/robot_description --single-version-externally-managed
[1.320s] running egg_info
[1.321s] writing ../../build/robot_description/robot_description.egg-info/PKG-INFO
[1.321s] writing dependency_links to ../../build/robot_description/robot_description.egg-info/dependency_links.txt
[1.321s] writing entry points to ../../build/robot_description/robot_description.egg-info/entry_points.txt
[1.321s] writing requirements to ../../build/robot_description/robot_description.egg-info/requires.txt
[1.322s] writing top-level names to ../../build/robot_description/robot_description.egg-info/top_level.txt
[1.354s] reading manifest file '../../build/robot_description/robot_description.egg-info/SOURCES.txt'
[1.355s] writing manifest file '../../build/robot_description/robot_description.egg-info/SOURCES.txt'
[1.356s] running build
[1.356s] running build_py
[1.356s] running install
[1.356s] running install_lib
[1.358s] running install_data
[1.359s] copying description/base/gazebo_control2.xacro -> /home/daniel/workspaces/tfm_ws/install/robot_description/share/robot_description/description/base
[1.359s] running install_egg_info
[1.360s] removing '/home/daniel/workspaces/tfm_ws/install/robot_description/lib/python3.8/site-packages/robot_description-0.0.0-py3.8.egg-info' (and everything under it)
[1.361s] Copying ../../build/robot_description/robot_description.egg-info to /home/daniel/workspaces/tfm_ws/install/robot_description/lib/python3.8/site-packages/robot_description-0.0.0-py3.8.egg-info
[1.362s] running install_scripts
[1.378s] writing list of installed files to '/home/daniel/workspaces/tfm_ws/build/robot_description/install.log'
[1.397s] Invoked command in '/home/daniel/workspaces/tfm_ws/src/robot_description' returned '0': PYTHONPATH=/home/daniel/workspaces/tfm_ws/build/robot_description/prefix_override:/home/daniel/workspaces/tfm_ws/install/robot_description/lib/python3.8/site-packages:${PYTHONPATH} /usr/bin/python3 setup.py egg_info --egg-base ../../build/robot_description build --build-base /home/daniel/workspaces/tfm_ws/build/robot_description/build install --record /home/daniel/workspaces/tfm_ws/build/robot_description/install.log --install-scripts $base/lib/robot_description --single-version-externally-managed
