[1.080s] Invoking command in '/home/daniel/workspaces/tfm_ws/build/robot_description': PYTHONPATH=/home/daniel/workspaces/tfm_ws/build/robot_description/prefix_override:/home/daniel/workspaces/tfm_ws/install/robot_description/lib/python3.8/site-packages:${PYTHONPATH} /usr/bin/python3 setup.py develop --editable --build-directory /home/daniel/workspaces/tfm_ws/build/robot_description/build --no-deps install_data
[1.335s] running develop
[1.497s] running egg_info
[1.498s] writing robot_description.egg-info/PKG-INFO
[1.498s] writing dependency_links to robot_description.egg-info/dependency_links.txt
[1.498s] writing entry points to robot_description.egg-info/entry_points.txt
[1.498s] writing requirements to robot_description.egg-info/requires.txt
[1.498s] writing top-level names to robot_description.egg-info/top_level.txt
[1.530s] reading manifest file 'robot_description.egg-info/SOURCES.txt'
[1.531s] writing manifest file 'robot_description.egg-info/SOURCES.txt'
[1.568s] running build_ext
[1.585s] Creating /home/daniel/workspaces/tfm_ws/install/robot_description/lib/python3.8/site-packages/site.py
[1.587s] Creating /home/daniel/workspaces/tfm_ws/install/robot_description/lib/python3.8/site-packages/robot-description.egg-link (link to .)
[1.588s] 
[1.588s] Installed /home/daniel/workspaces/tfm_ws/build/robot_description
[1.588s] running install_data
[1.588s] creating /home/daniel/workspaces/tfm_ws/install/robot_description/share/robot_description/launch
[1.588s] copying launch/rsp.launch.py -> /home/daniel/workspaces/tfm_ws/install/robot_description/share/robot_description/launch
[1.588s] creating /home/daniel/workspaces/tfm_ws/install/robot_description/share/robot_description/meshes
[1.588s] creating /home/daniel/workspaces/tfm_ws/install/robot_description/share/robot_description/meshes/base
[1.588s] copying meshes/base/arm_base.stl -> /home/daniel/workspaces/tfm_ws/install/robot_description/share/robot_description/meshes/base
[1.589s] copying meshes/base/wrist.stl -> /home/daniel/workspaces/tfm_ws/install/robot_description/share/robot_description/meshes/base
[1.589s] copying meshes/base/robot_base.stl -> /home/daniel/workspaces/tfm_ws/install/robot_description/share/robot_description/meshes/base
[1.589s] copying meshes/base/bicep.stl -> /home/daniel/workspaces/tfm_ws/install/robot_description/share/robot_description/meshes/base
[1.589s] copying meshes/base/elbow.stl -> /home/daniel/workspaces/tfm_ws/install/robot_description/share/robot_description/meshes/base
[1.589s] copying meshes/base/wheel.stl -> /home/daniel/workspaces/tfm_ws/install/robot_description/share/robot_description/meshes/base
[1.590s] creating /home/daniel/workspaces/tfm_ws/install/robot_description/share/robot_description/description
[1.590s] creating /home/daniel/workspaces/tfm_ws/install/robot_description/share/robot_description/description/base
[1.590s] copying description/base/base.xacro -> /home/daniel/workspaces/tfm_ws/install/robot_description/share/robot_description/description/base
[1.590s] copying description/base/main_base.urdf.xacro -> /home/daniel/workspaces/tfm_ws/install/robot_description/share/robot_description/description/base
[1.590s] copying description/base/base_essentials.xacro -> /home/daniel/workspaces/tfm_ws/install/robot_description/share/robot_description/description/base
[1.616s] Invoked command in '/home/daniel/workspaces/tfm_ws/build/robot_description' returned '0': PYTHONPATH=/home/daniel/workspaces/tfm_ws/build/robot_description/prefix_override:/home/daniel/workspaces/tfm_ws/install/robot_description/lib/python3.8/site-packages:${PYTHONPATH} /usr/bin/python3 setup.py develop --editable --build-directory /home/daniel/workspaces/tfm_ws/build/robot_description/build --no-deps install_data
