[2.643s] DEBUG:colcon:Command line arguments: ['/usr/bin/colcon', 'build', '--symlink-install']
[2.643s] DEBUG:colcon:Parsed command line arguments: Namespace(allow_overriding=[], ament_cmake_args=None, base_paths=['.'], build_base='build', catkin_cmake_args=None, catkin_skip_building_tests=False, cmake_args=None, cmake_clean_cache=False, cmake_clean_first=False, cmake_force_configure=False, cmake_target=None, cmake_target_skip_unavailable=False, continue_on_error=False, event_handlers=None, executor='parallel', ignore_user_meta=False, install_base='install', log_base=None, log_level=None, main=<bound method BuildVerb.main of <colcon_core.verb.build.BuildVerb object at 0x7f6396931610>>, merge_install=False, metas=['./colcon.meta'], packages_above=None, packages_above_and_dependencies=None, packages_above_depth=None, packages_end=None, packages_ignore=None, packages_ignore_regex=None, packages_select=None, packages_select_build_failed=False, packages_select_by_dep=None, packages_select_regex=None, packages_select_test_failures=False, packages_skip=None, packages_skip_build_finished=False, packages_skip_by_dep=None, packages_skip_regex=None, packages_skip_test_passed=False, packages_skip_up_to=None, packages_start=None, packages_up_to=None, packages_up_to_regex=None, parallel_workers=8, paths=None, symlink_install=True, test_result_base=None, verb_extension=<colcon_core.verb.build.BuildVerb object at 0x7f6396931610>, verb_name='build', verb_parser=<colcon_defaults.argument_parser.defaults.DefaultArgumentsDecorator object at 0x7f6396931b20>)
[2.760s] Level 1:colcon.colcon_core.package_discovery:discover_packages(colcon_meta) check parameters
[2.760s] Level 1:colcon.colcon_core.package_discovery:discover_packages(recursive) check parameters
[2.760s] Level 1:colcon.colcon_core.package_discovery:discover_packages(ignore) check parameters
[2.760s] Level 1:colcon.colcon_core.package_discovery:discover_packages(path) check parameters
[2.760s] Level 1:colcon.colcon_core.package_discovery:discover_packages(colcon_meta) discover
[2.760s] Level 1:colcon.colcon_core.package_discovery:discover_packages(recursive) discover
[2.760s] INFO:colcon.colcon_core.package_discovery:Crawling recursively for packages in '/home/daniel/workspaces/tfm_ws'
[2.760s] Level 1:colcon.colcon_core.package_identification:_identify(.) by extensions ['ignore', 'ignore_ament_install']
[2.760s] Level 1:colcon.colcon_core.package_identification:_identify(.) by extension 'ignore'
[2.760s] Level 1:colcon.colcon_core.package_identification:_identify(.) by extension 'ignore_ament_install'
[2.760s] Level 1:colcon.colcon_core.package_identification:_identify(.) by extensions ['colcon_pkg']
[2.760s] Level 1:colcon.colcon_core.package_identification:_identify(.) by extension 'colcon_pkg'
[2.760s] Level 1:colcon.colcon_core.package_identification:_identify(.) by extensions ['colcon_meta']
[2.760s] Level 1:colcon.colcon_core.package_identification:_identify(.) by extension 'colcon_meta'
[2.761s] Level 1:colcon.colcon_core.package_identification:_identify(.) by extensions ['ros']
[2.761s] Level 1:colcon.colcon_core.package_identification:_identify(.) by extension 'ros'
[2.770s] Level 1:colcon.colcon_core.package_identification:_identify(.) by extensions ['cmake', 'python']
[2.771s] Level 1:colcon.colcon_core.package_identification:_identify(.) by extension 'cmake'
[2.771s] Level 1:colcon.colcon_core.package_identification:_identify(.) by extension 'python'
[2.771s] Level 1:colcon.colcon_core.package_identification:_identify(.) by extensions ['python_setup_py']
[2.771s] Level 1:colcon.colcon_core.package_identification:_identify(.) by extension 'python_setup_py'
[2.771s] Level 1:colcon.colcon_core.package_identification:_identify(build) by extensions ['ignore', 'ignore_ament_install']
[2.771s] Level 1:colcon.colcon_core.package_identification:_identify(build) by extension 'ignore'
[2.771s] Level 1:colcon.colcon_core.package_identification:_identify(build) ignored
[2.771s] Level 1:colcon.colcon_core.package_identification:_identify(install) by extensions ['ignore', 'ignore_ament_install']
[2.772s] Level 1:colcon.colcon_core.package_identification:_identify(install) by extension 'ignore'
[2.772s] Level 1:colcon.colcon_core.package_identification:_identify(install) ignored
[2.772s] Level 1:colcon.colcon_core.package_identification:_identify(log) by extensions ['ignore', 'ignore_ament_install']
[2.772s] Level 1:colcon.colcon_core.package_identification:_identify(log) by extension 'ignore'
[2.772s] Level 1:colcon.colcon_core.package_identification:_identify(log) ignored
[2.772s] Level 1:colcon.colcon_core.package_identification:_identify(src) by extensions ['ignore', 'ignore_ament_install']
[2.772s] Level 1:colcon.colcon_core.package_identification:_identify(src) by extension 'ignore'
[2.772s] Level 1:colcon.colcon_core.package_identification:_identify(src) by extension 'ignore_ament_install'
[2.772s] Level 1:colcon.colcon_core.package_identification:_identify(src) by extensions ['colcon_pkg']
[2.772s] Level 1:colcon.colcon_core.package_identification:_identify(src) by extension 'colcon_pkg'
[2.772s] Level 1:colcon.colcon_core.package_identification:_identify(src) by extensions ['colcon_meta']
[2.772s] Level 1:colcon.colcon_core.package_identification:_identify(src) by extension 'colcon_meta'
[2.772s] Level 1:colcon.colcon_core.package_identification:_identify(src) by extensions ['ros']
[2.772s] Level 1:colcon.colcon_core.package_identification:_identify(src) by extension 'ros'
[2.773s] Level 1:colcon.colcon_core.package_identification:_identify(src) by extensions ['cmake', 'python']
[2.773s] Level 1:colcon.colcon_core.package_identification:_identify(src) by extension 'cmake'
[2.773s] Level 1:colcon.colcon_core.package_identification:_identify(src) by extension 'python'
[2.773s] Level 1:colcon.colcon_core.package_identification:_identify(src) by extensions ['python_setup_py']
[2.773s] Level 1:colcon.colcon_core.package_identification:_identify(src) by extension 'python_setup_py'
[2.773s] Level 1:colcon.colcon_core.package_identification:_identify(src/robot_description) by extensions ['ignore', 'ignore_ament_install']
[2.773s] Level 1:colcon.colcon_core.package_identification:_identify(src/robot_description) by extension 'ignore'
[2.773s] Level 1:colcon.colcon_core.package_identification:_identify(src/robot_description) by extension 'ignore_ament_install'
[2.773s] Level 1:colcon.colcon_core.package_identification:_identify(src/robot_description) by extensions ['colcon_pkg']
[2.773s] Level 1:colcon.colcon_core.package_identification:_identify(src/robot_description) by extension 'colcon_pkg'
[2.773s] Level 1:colcon.colcon_core.package_identification:_identify(src/robot_description) by extensions ['colcon_meta']
[2.773s] Level 1:colcon.colcon_core.package_identification:_identify(src/robot_description) by extension 'colcon_meta'
[2.773s] Level 1:colcon.colcon_core.package_identification:_identify(src/robot_description) by extensions ['ros']
[2.773s] Level 1:colcon.colcon_core.package_identification:_identify(src/robot_description) by extension 'ros'
[2.776s] DEBUG:colcon.colcon_core.package_identification:Package 'src/robot_description' with type 'ros.ament_python' and name 'robot_description'
[2.776s] Level 1:colcon.colcon_core.package_discovery:discover_packages(recursive) using defaults
[2.776s] Level 1:colcon.colcon_core.package_discovery:discover_packages(ignore) discover
[2.776s] Level 1:colcon.colcon_core.package_discovery:discover_packages(ignore) using defaults
[2.776s] Level 1:colcon.colcon_core.package_discovery:discover_packages(path) discover
[2.776s] Level 1:colcon.colcon_core.package_discovery:discover_packages(path) using defaults
[3.018s] Level 1:colcon.colcon_core.package_discovery:discover_packages(prefix_path) check parameters
[3.018s] Level 1:colcon.colcon_core.package_discovery:discover_packages(prefix_path) discover
[3.110s] DEBUG:colcon.colcon_installed_package_information.package_discovery:Found 1 installed packages in /home/daniel/workspaces/tfm_ws/install
[3.156s] DEBUG:colcon.colcon_installed_package_information.package_discovery:Found 291 installed packages in /opt/ros/foxy
[3.158s] Level 1:colcon.colcon_core.package_discovery:discover_packages(prefix_path) using defaults
[3.347s] Level 5:colcon.colcon_core.verb:set package 'robot_description' build argument 'cmake_args' from command line to 'None'
[3.347s] Level 5:colcon.colcon_core.verb:set package 'robot_description' build argument 'cmake_target' from command line to 'None'
[3.347s] Level 5:colcon.colcon_core.verb:set package 'robot_description' build argument 'cmake_target_skip_unavailable' from command line to 'False'
[3.347s] Level 5:colcon.colcon_core.verb:set package 'robot_description' build argument 'cmake_clean_cache' from command line to 'False'
[3.347s] Level 5:colcon.colcon_core.verb:set package 'robot_description' build argument 'cmake_clean_first' from command line to 'False'
[3.347s] Level 5:colcon.colcon_core.verb:set package 'robot_description' build argument 'cmake_force_configure' from command line to 'False'
[3.347s] Level 5:colcon.colcon_core.verb:set package 'robot_description' build argument 'ament_cmake_args' from command line to 'None'
[3.347s] Level 5:colcon.colcon_core.verb:set package 'robot_description' build argument 'catkin_cmake_args' from command line to 'None'
[3.347s] Level 5:colcon.colcon_core.verb:set package 'robot_description' build argument 'catkin_skip_building_tests' from command line to 'False'
[3.347s] DEBUG:colcon.colcon_core.verb:Building package 'robot_description' with the following arguments: {'ament_cmake_args': None, 'build_base': '/home/daniel/workspaces/tfm_ws/build/robot_description', 'catkin_cmake_args': None, 'catkin_skip_building_tests': False, 'cmake_args': None, 'cmake_clean_cache': False, 'cmake_clean_first': False, 'cmake_force_configure': False, 'cmake_target': None, 'cmake_target_skip_unavailable': False, 'install_base': '/home/daniel/workspaces/tfm_ws/install/robot_description', 'merge_install': False, 'path': '/home/daniel/workspaces/tfm_ws/src/robot_description', 'symlink_install': True, 'test_result_base': None}
[3.396s] INFO:colcon.colcon_core.executor:Executing jobs using 'parallel' executor
[3.443s] DEBUG:colcon.colcon_parallel_executor.executor.parallel:run_until_complete
[3.443s] INFO:colcon.colcon_ros.task.ament_python.build:Building ROS package in '/home/daniel/workspaces/tfm_ws/src/robot_description' with build type 'ament_python'
[3.443s] Level 1:colcon.colcon_core.shell:create_environment_hook('robot_description', 'ament_prefix_path')
[3.491s] INFO:colcon.colcon_core.plugin_system:Skipping extension 'colcon_core.shell.bat': Not used on non-Windows systems
[3.491s] INFO:colcon.colcon_core.shell:Creating environment hook '/home/daniel/workspaces/tfm_ws/install/robot_description/share/robot_description/hook/ament_prefix_path.ps1'
[3.492s] INFO:colcon.colcon_core.shell:Creating environment descriptor '/home/daniel/workspaces/tfm_ws/install/robot_description/share/robot_description/hook/ament_prefix_path.dsv'
[3.493s] INFO:colcon.colcon_core.shell:Creating environment hook '/home/daniel/workspaces/tfm_ws/install/robot_description/share/robot_description/hook/ament_prefix_path.sh'
[3.539s] INFO:colcon.colcon_core.shell:Skip shell extension 'powershell' for command environment: Not usable outside of PowerShell
[3.539s] DEBUG:colcon.colcon_core.shell:Skip shell extension 'dsv' for command environment
[3.917s] INFO:colcon.colcon_core.task.python.build:Building Python package in '/home/daniel/workspaces/tfm_ws/src/robot_description'
[3.966s] INFO:colcon.colcon_core.shell:Skip shell extension 'powershell' for command environment: Not usable outside of PowerShell
[3.966s] DEBUG:colcon.colcon_core.shell:Skip shell extension 'dsv' for command environment
[4.529s] DEBUG:colcon.colcon_core.event_handler.log_command:Invoking command in '/home/daniel/workspaces/tfm_ws/build/robot_description': PYTHONPATH=/home/daniel/workspaces/tfm_ws/build/robot_description/prefix_override:/home/daniel/workspaces/tfm_ws/install/robot_description/lib/python3.8/site-packages:${PYTHONPATH} /usr/bin/python3 setup.py develop --editable --build-directory /home/daniel/workspaces/tfm_ws/build/robot_description/build --no-deps install_data
[5.004s] Level 1:colcon.colcon_core.shell:create_environment_hook('robot_description', 'pythonpath_develop')
[5.005s] DEBUG:colcon.colcon_core.event_handler.log_command:Invoked command in '/home/daniel/workspaces/tfm_ws/build/robot_description' returned '0': PYTHONPATH=/home/daniel/workspaces/tfm_ws/build/robot_description/prefix_override:/home/daniel/workspaces/tfm_ws/install/robot_description/lib/python3.8/site-packages:${PYTHONPATH} /usr/bin/python3 setup.py develop --editable --build-directory /home/daniel/workspaces/tfm_ws/build/robot_description/build --no-deps install_data
[5.052s] INFO:colcon.colcon_core.shell:Creating environment hook '/home/daniel/workspaces/tfm_ws/build/robot_description/share/robot_description/hook/pythonpath_develop.ps1'
[5.052s] INFO:colcon.colcon_core.shell:Creating environment descriptor '/home/daniel/workspaces/tfm_ws/build/robot_description/share/robot_description/hook/pythonpath_develop.dsv'
[5.053s] INFO:colcon.colcon_core.shell:Creating environment hook '/home/daniel/workspaces/tfm_ws/build/robot_description/share/robot_description/hook/pythonpath_develop.sh'
[5.102s] Level 1:colcon.colcon_core.environment:checking '/home/daniel/workspaces/tfm_ws/install/robot_description' for CMake module files
[5.102s] Level 1:colcon.colcon_core.environment:checking '/home/daniel/workspaces/tfm_ws/install/robot_description' for CMake config files
[5.103s] Level 1:colcon.colcon_core.environment:checking '/home/daniel/workspaces/tfm_ws/install/robot_description/lib'
[5.103s] Level 1:colcon.colcon_core.environment:checking '/home/daniel/workspaces/tfm_ws/install/robot_description/bin'
[5.104s] Level 1:colcon.colcon_core.environment:checking '/home/daniel/workspaces/tfm_ws/install/robot_description/lib/pkgconfig/robot_description.pc'
[5.104s] Level 1:colcon.colcon_core.environment:checking '/home/daniel/workspaces/tfm_ws/install/robot_description/lib/python3.8/site-packages'
[5.104s] Level 1:colcon.colcon_core.shell:create_environment_hook('robot_description', 'pythonpath')
[5.149s] INFO:colcon.colcon_core.shell:Creating environment hook '/home/daniel/workspaces/tfm_ws/install/robot_description/share/robot_description/hook/pythonpath.ps1'
[5.150s] INFO:colcon.colcon_core.shell:Creating environment descriptor '/home/daniel/workspaces/tfm_ws/install/robot_description/share/robot_description/hook/pythonpath.dsv'
[5.151s] INFO:colcon.colcon_core.shell:Creating environment hook '/home/daniel/workspaces/tfm_ws/install/robot_description/share/robot_description/hook/pythonpath.sh'
[5.152s] Level 1:colcon.colcon_core.environment:checking '/home/daniel/workspaces/tfm_ws/install/robot_description/bin'
[5.152s] Level 1:colcon.colcon_core.environment:create_environment_scripts_only(robot_description)
[5.199s] INFO:colcon.colcon_core.shell:Creating package script '/home/daniel/workspaces/tfm_ws/install/robot_description/share/robot_description/package.ps1'
[5.200s] INFO:colcon.colcon_core.shell:Creating package descriptor '/home/daniel/workspaces/tfm_ws/install/robot_description/share/robot_description/package.dsv'
[5.200s] INFO:colcon.colcon_core.shell:Creating package script '/home/daniel/workspaces/tfm_ws/install/robot_description/share/robot_description/package.sh'
[5.201s] INFO:colcon.colcon_core.shell:Creating package script '/home/daniel/workspaces/tfm_ws/install/robot_description/share/robot_description/package.bash'
[5.202s] INFO:colcon.colcon_core.shell:Creating package script '/home/daniel/workspaces/tfm_ws/install/robot_description/share/robot_description/package.zsh'
[5.203s] Level 1:colcon.colcon_core.environment:create_file_with_runtime_dependencies(/home/daniel/workspaces/tfm_ws/install/robot_description/share/colcon-core/packages/robot_description)
[5.204s] DEBUG:colcon.colcon_parallel_executor.executor.parallel:closing loop
[5.204s] DEBUG:colcon.colcon_parallel_executor.executor.parallel:loop closed
[5.204s] DEBUG:colcon.colcon_parallel_executor.executor.parallel:run_until_complete finished with '0'
[5.205s] DEBUG:colcon.colcon_core.event_reactor:joining thread
[5.257s] INFO:colcon.colcon_core.plugin_system:Skipping extension 'colcon_notification.desktop_notification.terminal_notifier': Not used on non-Darwin systems
[5.257s] INFO:colcon.colcon_core.plugin_system:Skipping extension 'colcon_notification.desktop_notification.win32': Not used on non-Windows systems
[5.257s] INFO:colcon.colcon_notification.desktop_notification:Sending desktop notification using 'notify2'
[5.269s] DEBUG:colcon.colcon_core.event_reactor:joined thread
[5.322s] INFO:colcon.colcon_core.shell:Creating prefix script '/home/daniel/workspaces/tfm_ws/install/local_setup.ps1'
[5.323s] INFO:colcon.colcon_core.shell:Creating prefix util module '/home/daniel/workspaces/tfm_ws/install/_local_setup_util_ps1.py'
[5.324s] INFO:colcon.colcon_core.shell:Creating prefix chain script '/home/daniel/workspaces/tfm_ws/install/setup.ps1'
[5.375s] INFO:colcon.colcon_core.shell:Creating prefix script '/home/daniel/workspaces/tfm_ws/install/local_setup.sh'
[5.376s] INFO:colcon.colcon_core.shell:Creating prefix util module '/home/daniel/workspaces/tfm_ws/install/_local_setup_util_sh.py'
[5.377s] INFO:colcon.colcon_core.shell:Creating prefix chain script '/home/daniel/workspaces/tfm_ws/install/setup.sh'
[5.426s] INFO:colcon.colcon_core.shell:Creating prefix script '/home/daniel/workspaces/tfm_ws/install/local_setup.bash'
[5.427s] INFO:colcon.colcon_core.shell:Creating prefix chain script '/home/daniel/workspaces/tfm_ws/install/setup.bash'
[5.476s] INFO:colcon.colcon_core.shell:Creating prefix script '/home/daniel/workspaces/tfm_ws/install/local_setup.zsh'
[5.477s] INFO:colcon.colcon_core.shell:Creating prefix chain script '/home/daniel/workspaces/tfm_ws/install/setup.zsh'
