/home/daniel/workspaces/tfm_ws/install/robot_description/lib/python3.8/site-packages/robot_description/__init__.py
/home/daniel/workspaces/tfm_ws/install/robot_description/lib/python3.8/site-packages/robot_description/__pycache__/__init__.cpython-38.pyc
/home/daniel/workspaces/tfm_ws/install/robot_description/share/ament_index/resource_index/packages/robot_description
/home/daniel/workspaces/tfm_ws/install/robot_description/share/robot_description/package.xml
/home/daniel/workspaces/tfm_ws/install/robot_description/share/robot_description/launch/launch_sim.launch.py
/home/daniel/workspaces/tfm_ws/install/robot_description/share/robot_description/launch/rsp.launch.py
/home/daniel/workspaces/tfm_ws/install/robot_description/share/robot_description/meshes/base/arm_base.stl
/home/daniel/workspaces/tfm_ws/install/robot_description/share/robot_description/meshes/base/wrist.stl
/home/daniel/workspaces/tfm_ws/install/robot_description/share/robot_description/meshes/base/robot_base.stl
/home/daniel/workspaces/tfm_ws/install/robot_description/share/robot_description/meshes/base/bicep.stl
/home/daniel/workspaces/tfm_ws/install/robot_description/share/robot_description/meshes/base/elbow.stl
/home/daniel/workspaces/tfm_ws/install/robot_description/share/robot_description/meshes/base/wheel.stl
/home/daniel/workspaces/tfm_ws/install/robot_description/share/robot_description/description/base/core.xacro
/home/daniel/workspaces/tfm_ws/install/robot_description/share/robot_description/description/base/gazebo_control2.xacro
/home/daniel/workspaces/tfm_ws/install/robot_description/share/robot_description/description/base/macros.xacro
/home/daniel/workspaces/tfm_ws/install/robot_description/share/robot_description/description/base/robot.urdf.xacro
/home/daniel/workspaces/tfm_ws/install/robot_description/share/robot_description/description/base/gazebo_control.xacro
/home/daniel/workspaces/tfm_ws/install/robot_description/lib/python3.8/site-packages/robot_description-0.0.0-py3.8.egg-info/dependency_links.txt
/home/daniel/workspaces/tfm_ws/install/robot_description/lib/python3.8/site-packages/robot_description-0.0.0-py3.8.egg-info/top_level.txt
/home/daniel/workspaces/tfm_ws/install/robot_description/lib/python3.8/site-packages/robot_description-0.0.0-py3.8.egg-info/zip-safe
/home/daniel/workspaces/tfm_ws/install/robot_description/lib/python3.8/site-packages/robot_description-0.0.0-py3.8.egg-info/PKG-INFO
/home/daniel/workspaces/tfm_ws/install/robot_description/lib/python3.8/site-packages/robot_description-0.0.0-py3.8.egg-info/entry_points.txt
/home/daniel/workspaces/tfm_ws/install/robot_description/lib/python3.8/site-packages/robot_description-0.0.0-py3.8.egg-info/requires.txt
/home/daniel/workspaces/tfm_ws/install/robot_description/lib/python3.8/site-packages/robot_description-0.0.0-py3.8.egg-info/SOURCES.txt
