[2.663s] DEBUG:colcon:Command line arguments: ['/usr/bin/colcon', 'build']
[2.663s] DEBUG:colcon:Parsed command line arguments: Namespace(allow_overriding=[], ament_cmake_args=None, base_paths=['.'], build_base='build', catkin_cmake_args=None, catkin_skip_building_tests=False, cmake_args=None, cmake_clean_cache=False, cmake_clean_first=False, cmake_force_configure=False, cmake_target=None, cmake_target_skip_unavailable=False, continue_on_error=False, event_handlers=None, executor='parallel', ignore_user_meta=False, install_base='install', log_base=None, log_level=None, main=<bound method BuildVerb.main of <colcon_core.verb.build.BuildVerb object at 0x7f613e163760>>, merge_install=False, metas=['./colcon.meta'], packages_above=None, packages_above_and_dependencies=None, packages_above_depth=None, packages_end=None, packages_ignore=None, packages_ignore_regex=None, packages_select=None, packages_select_build_failed=False, packages_select_by_dep=None, packages_select_regex=None, packages_select_test_failures=False, packages_skip=None, packages_skip_build_finished=False, packages_skip_by_dep=None, packages_skip_regex=None, packages_skip_test_passed=False, packages_skip_up_to=None, packages_start=None, packages_up_to=None, packages_up_to_regex=None, parallel_workers=8, paths=None, symlink_install=False, test_result_base=None, verb_extension=<colcon_core.verb.build.BuildVerb object at 0x7f613e163760>, verb_name='build', verb_parser=<colcon_defaults.argument_parser.defaults.DefaultArgumentsDecorator object at 0x7f613e163c70>)
[2.780s] Level 1:colcon.colcon_core.package_discovery:discover_packages(colcon_meta) check parameters
[2.780s] Level 1:colcon.colcon_core.package_discovery:discover_packages(recursive) check parameters
[2.780s] Level 1:colcon.colcon_core.package_discovery:discover_packages(ignore) check parameters
[2.780s] Level 1:colcon.colcon_core.package_discovery:discover_packages(path) check parameters
[2.780s] Level 1:colcon.colcon_core.package_discovery:discover_packages(colcon_meta) discover
[2.780s] Level 1:colcon.colcon_core.package_discovery:discover_packages(recursive) discover
[2.780s] INFO:colcon.colcon_core.package_discovery:Crawling recursively for packages in '/home/daniel/workspaces/tfm_ws'
[2.780s] Level 1:colcon.colcon_core.package_identification:_identify(.) by extensions ['ignore', 'ignore_ament_install']
[2.780s] Level 1:colcon.colcon_core.package_identification:_identify(.) by extension 'ignore'
[2.780s] Level 1:colcon.colcon_core.package_identification:_identify(.) by extension 'ignore_ament_install'
[2.780s] Level 1:colcon.colcon_core.package_identification:_identify(.) by extensions ['colcon_pkg']
[2.780s] Level 1:colcon.colcon_core.package_identification:_identify(.) by extension 'colcon_pkg'
[2.780s] Level 1:colcon.colcon_core.package_identification:_identify(.) by extensions ['colcon_meta']
[2.780s] Level 1:colcon.colcon_core.package_identification:_identify(.) by extension 'colcon_meta'
[2.780s] Level 1:colcon.colcon_core.package_identification:_identify(.) by extensions ['ros']
[2.781s] Level 1:colcon.colcon_core.package_identification:_identify(.) by extension 'ros'
[2.790s] Level 1:colcon.colcon_core.package_identification:_identify(.) by extensions ['cmake', 'python']
[2.791s] Level 1:colcon.colcon_core.package_identification:_identify(.) by extension 'cmake'
[2.791s] Level 1:colcon.colcon_core.package_identification:_identify(.) by extension 'python'
[2.791s] Level 1:colcon.colcon_core.package_identification:_identify(.) by extensions ['python_setup_py']
[2.791s] Level 1:colcon.colcon_core.package_identification:_identify(.) by extension 'python_setup_py'
[2.791s] Level 1:colcon.colcon_core.package_identification:_identify(build) by extensions ['ignore', 'ignore_ament_install']
[2.791s] Level 1:colcon.colcon_core.package_identification:_identify(build) by extension 'ignore'
[2.791s] Level 1:colcon.colcon_core.package_identification:_identify(build) ignored
[2.791s] Level 1:colcon.colcon_core.package_identification:_identify(install) by extensions ['ignore', 'ignore_ament_install']
[2.791s] Level 1:colcon.colcon_core.package_identification:_identify(install) by extension 'ignore'
[2.791s] Level 1:colcon.colcon_core.package_identification:_identify(install) ignored
[2.792s] Level 1:colcon.colcon_core.package_identification:_identify(log) by extensions ['ignore', 'ignore_ament_install']
[2.792s] Level 1:colcon.colcon_core.package_identification:_identify(log) by extension 'ignore'
[2.792s] Level 1:colcon.colcon_core.package_identification:_identify(log) ignored
[2.792s] Level 1:colcon.colcon_core.package_identification:_identify(src) by extensions ['ignore', 'ignore_ament_install']
[2.792s] Level 1:colcon.colcon_core.package_identification:_identify(src) by extension 'ignore'
[2.792s] Level 1:colcon.colcon_core.package_identification:_identify(src) by extension 'ignore_ament_install'
[2.792s] Level 1:colcon.colcon_core.package_identification:_identify(src) by extensions ['colcon_pkg']
[2.792s] Level 1:colcon.colcon_core.package_identification:_identify(src) by extension 'colcon_pkg'
[2.792s] Level 1:colcon.colcon_core.package_identification:_identify(src) by extensions ['colcon_meta']
[2.792s] Level 1:colcon.colcon_core.package_identification:_identify(src) by extension 'colcon_meta'
[2.792s] Level 1:colcon.colcon_core.package_identification:_identify(src) by extensions ['ros']
[2.792s] Level 1:colcon.colcon_core.package_identification:_identify(src) by extension 'ros'
[2.792s] Level 1:colcon.colcon_core.package_identification:_identify(src) by extensions ['cmake', 'python']
[2.792s] Level 1:colcon.colcon_core.package_identification:_identify(src) by extension 'cmake'
[2.792s] Level 1:colcon.colcon_core.package_identification:_identify(src) by extension 'python'
[2.792s] Level 1:colcon.colcon_core.package_identification:_identify(src) by extensions ['python_setup_py']
[2.793s] Level 1:colcon.colcon_core.package_identification:_identify(src) by extension 'python_setup_py'
[2.793s] Level 1:colcon.colcon_core.package_identification:_identify(src/articubot_one) by extensions ['ignore', 'ignore_ament_install']
[2.793s] Level 1:colcon.colcon_core.package_identification:_identify(src/articubot_one) by extension 'ignore'
[2.793s] Level 1:colcon.colcon_core.package_identification:_identify(src/articubot_one) by extension 'ignore_ament_install'
[2.793s] Level 1:colcon.colcon_core.package_identification:_identify(src/articubot_one) by extensions ['colcon_pkg']
[2.793s] Level 1:colcon.colcon_core.package_identification:_identify(src/articubot_one) by extension 'colcon_pkg'
[2.793s] Level 1:colcon.colcon_core.package_identification:_identify(src/articubot_one) by extensions ['colcon_meta']
[2.793s] Level 1:colcon.colcon_core.package_identification:_identify(src/articubot_one) by extension 'colcon_meta'
[2.793s] Level 1:colcon.colcon_core.package_identification:_identify(src/articubot_one) by extensions ['ros']
[2.793s] Level 1:colcon.colcon_core.package_identification:_identify(src/articubot_one) by extension 'ros'
[2.795s] DEBUG:colcon.colcon_core.package_identification:Package 'src/articubot_one' with type 'ros.ament_cmake' and name 'articubot_one'
[2.795s] Level 1:colcon.colcon_core.package_identification:_identify(src/mir_description) by extensions ['ignore', 'ignore_ament_install']
[2.795s] Level 1:colcon.colcon_core.package_identification:_identify(src/mir_description) by extension 'ignore'
[2.795s] Level 1:colcon.colcon_core.package_identification:_identify(src/mir_description) by extension 'ignore_ament_install'
[2.795s] Level 1:colcon.colcon_core.package_identification:_identify(src/mir_description) by extensions ['colcon_pkg']
[2.796s] Level 1:colcon.colcon_core.package_identification:_identify(src/mir_description) by extension 'colcon_pkg'
[2.796s] Level 1:colcon.colcon_core.package_identification:_identify(src/mir_description) by extensions ['colcon_meta']
[2.796s] Level 1:colcon.colcon_core.package_identification:_identify(src/mir_description) by extension 'colcon_meta'
[2.796s] Level 1:colcon.colcon_core.package_identification:_identify(src/mir_description) by extensions ['ros']
[2.796s] Level 1:colcon.colcon_core.package_identification:_identify(src/mir_description) by extension 'ros'
[2.796s] DEBUG:colcon.colcon_core.package_identification:Package 'src/mir_description' with type 'ros.ament_python' and name 'mir_description'
[2.796s] Level 1:colcon.colcon_core.package_identification:_identify(src/robot_description) by extensions ['ignore', 'ignore_ament_install']
[2.797s] Level 1:colcon.colcon_core.package_identification:_identify(src/robot_description) by extension 'ignore'
[2.797s] Level 1:colcon.colcon_core.package_identification:_identify(src/robot_description) by extension 'ignore_ament_install'
[2.797s] Level 1:colcon.colcon_core.package_identification:_identify(src/robot_description) by extensions ['colcon_pkg']
[2.797s] Level 1:colcon.colcon_core.package_identification:_identify(src/robot_description) by extension 'colcon_pkg'
[2.797s] Level 1:colcon.colcon_core.package_identification:_identify(src/robot_description) by extensions ['colcon_meta']
[2.797s] Level 1:colcon.colcon_core.package_identification:_identify(src/robot_description) by extension 'colcon_meta'
[2.797s] Level 1:colcon.colcon_core.package_identification:_identify(src/robot_description) by extensions ['ros']
[2.797s] Level 1:colcon.colcon_core.package_identification:_identify(src/robot_description) by extension 'ros'
[2.798s] DEBUG:colcon.colcon_core.package_identification:Package 'src/robot_description' with type 'ros.ament_python' and name 'robot_description'
[2.798s] Level 1:colcon.colcon_core.package_discovery:discover_packages(recursive) using defaults
[2.798s] Level 1:colcon.colcon_core.package_discovery:discover_packages(ignore) discover
[2.798s] Level 1:colcon.colcon_core.package_discovery:discover_packages(ignore) using defaults
[2.798s] Level 1:colcon.colcon_core.package_discovery:discover_packages(path) discover
[2.798s] Level 1:colcon.colcon_core.package_discovery:discover_packages(path) using defaults
[3.042s] Level 1:colcon.colcon_core.package_discovery:discover_packages(prefix_path) check parameters
[3.043s] Level 1:colcon.colcon_core.package_discovery:discover_packages(prefix_path) discover
[3.136s] DEBUG:colcon.colcon_installed_package_information.package_discovery:Found 4 installed packages in /home/daniel/workspaces/tfm_ws/install
[3.184s] DEBUG:colcon.colcon_installed_package_information.package_discovery:Found 291 installed packages in /opt/ros/foxy
[3.185s] Level 1:colcon.colcon_core.package_discovery:discover_packages(prefix_path) using defaults
[3.368s] Level 5:colcon.colcon_core.verb:set package 'articubot_one' build argument 'cmake_args' from command line to 'None'
[3.368s] Level 5:colcon.colcon_core.verb:set package 'articubot_one' build argument 'cmake_target' from command line to 'None'
[3.368s] Level 5:colcon.colcon_core.verb:set package 'articubot_one' build argument 'cmake_target_skip_unavailable' from command line to 'False'
[3.368s] Level 5:colcon.colcon_core.verb:set package 'articubot_one' build argument 'cmake_clean_cache' from command line to 'False'
[3.368s] Level 5:colcon.colcon_core.verb:set package 'articubot_one' build argument 'cmake_clean_first' from command line to 'False'
[3.368s] Level 5:colcon.colcon_core.verb:set package 'articubot_one' build argument 'cmake_force_configure' from command line to 'False'
[3.368s] Level 5:colcon.colcon_core.verb:set package 'articubot_one' build argument 'ament_cmake_args' from command line to 'None'
[3.368s] Level 5:colcon.colcon_core.verb:set package 'articubot_one' build argument 'catkin_cmake_args' from command line to 'None'
[3.368s] Level 5:colcon.colcon_core.verb:set package 'articubot_one' build argument 'catkin_skip_building_tests' from command line to 'False'
[3.368s] DEBUG:colcon.colcon_core.verb:Building package 'articubot_one' with the following arguments: {'ament_cmake_args': None, 'build_base': '/home/daniel/workspaces/tfm_ws/build/articubot_one', 'catkin_cmake_args': None, 'catkin_skip_building_tests': False, 'cmake_args': None, 'cmake_clean_cache': False, 'cmake_clean_first': False, 'cmake_force_configure': False, 'cmake_target': None, 'cmake_target_skip_unavailable': False, 'install_base': '/home/daniel/workspaces/tfm_ws/install/articubot_one', 'merge_install': False, 'path': '/home/daniel/workspaces/tfm_ws/src/articubot_one', 'symlink_install': False, 'test_result_base': None}
[3.414s] Level 5:colcon.colcon_core.verb:set package 'mir_description' build argument 'cmake_args' from command line to 'None'
[3.414s] Level 5:colcon.colcon_core.verb:set package 'mir_description' build argument 'cmake_target' from command line to 'None'
[3.414s] Level 5:colcon.colcon_core.verb:set package 'mir_description' build argument 'cmake_target_skip_unavailable' from command line to 'False'
[3.414s] Level 5:colcon.colcon_core.verb:set package 'mir_description' build argument 'cmake_clean_cache' from command line to 'False'
[3.414s] Level 5:colcon.colcon_core.verb:set package 'mir_description' build argument 'cmake_clean_first' from command line to 'False'
[3.414s] Level 5:colcon.colcon_core.verb:set package 'mir_description' build argument 'cmake_force_configure' from command line to 'False'
[3.414s] Level 5:colcon.colcon_core.verb:set package 'mir_description' build argument 'ament_cmake_args' from command line to 'None'
[3.414s] Level 5:colcon.colcon_core.verb:set package 'mir_description' build argument 'catkin_cmake_args' from command line to 'None'
[3.415s] Level 5:colcon.colcon_core.verb:set package 'mir_description' build argument 'catkin_skip_building_tests' from command line to 'False'
[3.415s] DEBUG:colcon.colcon_core.verb:Building package 'mir_description' with the following arguments: {'ament_cmake_args': None, 'build_base': '/home/daniel/workspaces/tfm_ws/build/mir_description', 'catkin_cmake_args': None, 'catkin_skip_building_tests': False, 'cmake_args': None, 'cmake_clean_cache': False, 'cmake_clean_first': False, 'cmake_force_configure': False, 'cmake_target': None, 'cmake_target_skip_unavailable': False, 'install_base': '/home/daniel/workspaces/tfm_ws/install/mir_description', 'merge_install': False, 'path': '/home/daniel/workspaces/tfm_ws/src/mir_description', 'symlink_install': False, 'test_result_base': None}
[3.460s] Level 5:colcon.colcon_core.verb:set package 'robot_description' build argument 'cmake_args' from command line to 'None'
[3.460s] Level 5:colcon.colcon_core.verb:set package 'robot_description' build argument 'cmake_target' from command line to 'None'
[3.460s] Level 5:colcon.colcon_core.verb:set package 'robot_description' build argument 'cmake_target_skip_unavailable' from command line to 'False'
[3.460s] Level 5:colcon.colcon_core.verb:set package 'robot_description' build argument 'cmake_clean_cache' from command line to 'False'
[3.460s] Level 5:colcon.colcon_core.verb:set package 'robot_description' build argument 'cmake_clean_first' from command line to 'False'
[3.460s] Level 5:colcon.colcon_core.verb:set package 'robot_description' build argument 'cmake_force_configure' from command line to 'False'
[3.460s] Level 5:colcon.colcon_core.verb:set package 'robot_description' build argument 'ament_cmake_args' from command line to 'None'
[3.460s] Level 5:colcon.colcon_core.verb:set package 'robot_description' build argument 'catkin_cmake_args' from command line to 'None'
[3.460s] Level 5:colcon.colcon_core.verb:set package 'robot_description' build argument 'catkin_skip_building_tests' from command line to 'False'
[3.460s] DEBUG:colcon.colcon_core.verb:Building package 'robot_description' with the following arguments: {'ament_cmake_args': None, 'build_base': '/home/daniel/workspaces/tfm_ws/build/robot_description', 'catkin_cmake_args': None, 'catkin_skip_building_tests': False, 'cmake_args': None, 'cmake_clean_cache': False, 'cmake_clean_first': False, 'cmake_force_configure': False, 'cmake_target': None, 'cmake_target_skip_unavailable': False, 'install_base': '/home/daniel/workspaces/tfm_ws/install/robot_description', 'merge_install': False, 'path': '/home/daniel/workspaces/tfm_ws/src/robot_description', 'symlink_install': False, 'test_result_base': None}
[3.505s] INFO:colcon.colcon_core.executor:Executing jobs using 'parallel' executor
[3.553s] DEBUG:colcon.colcon_parallel_executor.executor.parallel:run_until_complete
[3.553s] INFO:colcon.colcon_ros.task.ament_cmake.build:Building ROS package in '/home/daniel/workspaces/tfm_ws/src/articubot_one' with build type 'ament_cmake'
[3.553s] INFO:colcon.colcon_cmake.task.cmake.build:Building CMake package in '/home/daniel/workspaces/tfm_ws/src/articubot_one'
[3.604s] INFO:colcon.colcon_core.plugin_system:Skipping extension 'colcon_core.shell.bat': Not used on non-Windows systems
[3.604s] INFO:colcon.colcon_core.shell:Skip shell extension 'powershell' for command environment: Not usable outside of PowerShell
[3.604s] DEBUG:colcon.colcon_core.shell:Skip shell extension 'dsv' for command environment
[3.751s] INFO:colcon.colcon_ros.task.ament_python.build:Building ROS package in '/home/daniel/workspaces/tfm_ws/src/mir_description' with build type 'ament_python'
[3.751s] Level 1:colcon.colcon_core.shell:create_environment_hook('mir_description', 'ament_prefix_path')
[3.802s] INFO:colcon.colcon_core.shell:Creating environment hook '/home/daniel/workspaces/tfm_ws/install/mir_description/share/mir_description/hook/ament_prefix_path.ps1'
[3.803s] INFO:colcon.colcon_core.shell:Creating environment descriptor '/home/daniel/workspaces/tfm_ws/install/mir_description/share/mir_description/hook/ament_prefix_path.dsv'
[3.803s] INFO:colcon.colcon_core.shell:Creating environment hook '/home/daniel/workspaces/tfm_ws/install/mir_description/share/mir_description/hook/ament_prefix_path.sh'
[3.850s] INFO:colcon.colcon_core.shell:Skip shell extension 'powershell' for command environment: Not usable outside of PowerShell
[3.850s] DEBUG:colcon.colcon_core.shell:Skip shell extension 'dsv' for command environment
[3.998s] INFO:colcon.colcon_ros.task.ament_python.build:Building ROS package in '/home/daniel/workspaces/tfm_ws/src/robot_description' with build type 'ament_python'
[3.998s] Level 1:colcon.colcon_core.shell:create_environment_hook('robot_description', 'ament_prefix_path')
[4.047s] INFO:colcon.colcon_core.shell:Creating environment hook '/home/daniel/workspaces/tfm_ws/install/robot_description/share/robot_description/hook/ament_prefix_path.ps1'
[4.047s] INFO:colcon.colcon_core.shell:Creating environment descriptor '/home/daniel/workspaces/tfm_ws/install/robot_description/share/robot_description/hook/ament_prefix_path.dsv'
[4.048s] INFO:colcon.colcon_core.shell:Creating environment hook '/home/daniel/workspaces/tfm_ws/install/robot_description/share/robot_description/hook/ament_prefix_path.sh'
[4.097s] INFO:colcon.colcon_core.shell:Skip shell extension 'powershell' for command environment: Not usable outside of PowerShell
[4.097s] DEBUG:colcon.colcon_core.shell:Skip shell extension 'dsv' for command environment
[4.251s] DEBUG:colcon.colcon_core.event_handler.log_command:Invoking command in '/home/daniel/workspaces/tfm_ws/build/articubot_one': CMAKE_PREFIX_PATH=${CMAKE_PREFIX_PATH}:/home/daniel/workspaces/tfm_ws/install/mir_description:/home/daniel/workspaces/tfm_ws/install/mir_description_2:/home/daniel/workspaces/tfm_ws/install/robot_description:/opt/ros/foxy /usr/bin/cmake --build /home/daniel/workspaces/tfm_ws/build/articubot_one -- -j8 -l8
[4.488s] INFO:colcon.colcon_core.task.python.build:Building Python package in '/home/daniel/workspaces/tfm_ws/src/mir_description'
[4.536s] INFO:colcon.colcon_core.shell:Skip shell extension 'powershell' for command environment: Not usable outside of PowerShell
[4.536s] DEBUG:colcon.colcon_core.shell:Skip shell extension 'dsv' for command environment
[4.920s] INFO:colcon.colcon_core.task.python.build:Building Python package in '/home/daniel/workspaces/tfm_ws/src/robot_description'
[4.968s] INFO:colcon.colcon_core.shell:Skip shell extension 'powershell' for command environment: Not usable outside of PowerShell
[4.968s] DEBUG:colcon.colcon_core.shell:Skip shell extension 'dsv' for command environment
[5.133s] DEBUG:colcon.colcon_core.event_handler.log_command:Invoked command in '/home/daniel/workspaces/tfm_ws/build/articubot_one' returned '0': CMAKE_PREFIX_PATH=${CMAKE_PREFIX_PATH}:/home/daniel/workspaces/tfm_ws/install/mir_description:/home/daniel/workspaces/tfm_ws/install/mir_description_2:/home/daniel/workspaces/tfm_ws/install/robot_description:/opt/ros/foxy /usr/bin/cmake --build /home/daniel/workspaces/tfm_ws/build/articubot_one -- -j8 -l8
[5.168s] DEBUG:colcon.colcon_core.event_handler.log_command:Invoking command in '/home/daniel/workspaces/tfm_ws/build/articubot_one': CMAKE_PREFIX_PATH=${CMAKE_PREFIX_PATH}:/home/daniel/workspaces/tfm_ws/install/mir_description:/home/daniel/workspaces/tfm_ws/install/mir_description_2:/home/daniel/workspaces/tfm_ws/install/robot_description:/opt/ros/foxy /usr/bin/cmake --install /home/daniel/workspaces/tfm_ws/build/articubot_one
[5.180s] Level 1:colcon.colcon_core.environment:create_environment_scripts_only(articubot_one)
[5.183s] DEBUG:colcon.colcon_core.event_handler.log_command:Invoked command in '/home/daniel/workspaces/tfm_ws/build/articubot_one' returned '0': CMAKE_PREFIX_PATH=${CMAKE_PREFIX_PATH}:/home/daniel/workspaces/tfm_ws/install/mir_description:/home/daniel/workspaces/tfm_ws/install/mir_description_2:/home/daniel/workspaces/tfm_ws/install/robot_description:/opt/ros/foxy /usr/bin/cmake --install /home/daniel/workspaces/tfm_ws/build/articubot_one
[5.238s] Level 1:colcon.colcon_core.environment:checking '/home/daniel/workspaces/tfm_ws/install/articubot_one' for CMake module files
[5.239s] Level 1:colcon.colcon_core.environment:checking '/home/daniel/workspaces/tfm_ws/install/articubot_one' for CMake config files
[5.239s] Level 1:colcon.colcon_core.shell:create_environment_hook('articubot_one', 'cmake_prefix_path')
[5.291s] INFO:colcon.colcon_core.shell:Creating environment hook '/home/daniel/workspaces/tfm_ws/install/articubot_one/share/articubot_one/hook/cmake_prefix_path.ps1'
[5.291s] INFO:colcon.colcon_core.shell:Creating environment descriptor '/home/daniel/workspaces/tfm_ws/install/articubot_one/share/articubot_one/hook/cmake_prefix_path.dsv'
[5.292s] INFO:colcon.colcon_core.shell:Creating environment hook '/home/daniel/workspaces/tfm_ws/install/articubot_one/share/articubot_one/hook/cmake_prefix_path.sh'
[5.293s] Level 1:colcon.colcon_core.environment:checking '/home/daniel/workspaces/tfm_ws/install/articubot_one/bin'
[5.293s] Level 1:colcon.colcon_core.environment:checking '/home/daniel/workspaces/tfm_ws/install/articubot_one/lib/pkgconfig/articubot_one.pc'
[5.293s] Level 1:colcon.colcon_core.environment:checking '/home/daniel/workspaces/tfm_ws/install/articubot_one/lib/python3.8/site-packages'
[5.293s] Level 1:colcon.colcon_core.environment:checking '/home/daniel/workspaces/tfm_ws/install/articubot_one/bin'
[5.345s] INFO:colcon.colcon_core.shell:Creating package script '/home/daniel/workspaces/tfm_ws/install/articubot_one/share/articubot_one/package.ps1'
[5.346s] INFO:colcon.colcon_core.shell:Creating package descriptor '/home/daniel/workspaces/tfm_ws/install/articubot_one/share/articubot_one/package.dsv'
[5.347s] INFO:colcon.colcon_core.shell:Creating package script '/home/daniel/workspaces/tfm_ws/install/articubot_one/share/articubot_one/package.sh'
[5.347s] INFO:colcon.colcon_core.shell:Creating package script '/home/daniel/workspaces/tfm_ws/install/articubot_one/share/articubot_one/package.bash'
[5.348s] INFO:colcon.colcon_core.shell:Creating package script '/home/daniel/workspaces/tfm_ws/install/articubot_one/share/articubot_one/package.zsh'
[5.349s] Level 1:colcon.colcon_core.environment:create_file_with_runtime_dependencies(/home/daniel/workspaces/tfm_ws/install/articubot_one/share/colcon-core/packages/articubot_one)
[5.429s] Level 1:colcon.colcon_core.environment:create_environment_scripts_only(articubot_one)
[5.481s] Level 1:colcon.colcon_core.environment:checking '/home/daniel/workspaces/tfm_ws/install/articubot_one' for CMake module files
[5.482s] Level 1:colcon.colcon_core.environment:checking '/home/daniel/workspaces/tfm_ws/install/articubot_one' for CMake config files
[5.482s] Level 1:colcon.colcon_core.shell:create_environment_hook('articubot_one', 'cmake_prefix_path')
[5.534s] INFO:colcon.colcon_core.shell:Creating environment hook '/home/daniel/workspaces/tfm_ws/install/articubot_one/share/articubot_one/hook/cmake_prefix_path.ps1'
[5.535s] INFO:colcon.colcon_core.shell:Creating environment descriptor '/home/daniel/workspaces/tfm_ws/install/articubot_one/share/articubot_one/hook/cmake_prefix_path.dsv'
[5.535s] INFO:colcon.colcon_core.shell:Creating environment hook '/home/daniel/workspaces/tfm_ws/install/articubot_one/share/articubot_one/hook/cmake_prefix_path.sh'
[5.536s] Level 1:colcon.colcon_core.environment:checking '/home/daniel/workspaces/tfm_ws/install/articubot_one/bin'
[5.536s] Level 1:colcon.colcon_core.environment:checking '/home/daniel/workspaces/tfm_ws/install/articubot_one/lib/pkgconfig/articubot_one.pc'
[5.536s] Level 1:colcon.colcon_core.environment:checking '/home/daniel/workspaces/tfm_ws/install/articubot_one/lib/python3.8/site-packages'
[5.536s] Level 1:colcon.colcon_core.environment:checking '/home/daniel/workspaces/tfm_ws/install/articubot_one/bin'
[5.589s] INFO:colcon.colcon_core.shell:Creating package script '/home/daniel/workspaces/tfm_ws/install/articubot_one/share/articubot_one/package.ps1'
[5.590s] INFO:colcon.colcon_core.shell:Creating package descriptor '/home/daniel/workspaces/tfm_ws/install/articubot_one/share/articubot_one/package.dsv'
[5.590s] INFO:colcon.colcon_core.shell:Creating package script '/home/daniel/workspaces/tfm_ws/install/articubot_one/share/articubot_one/package.sh'
[5.591s] INFO:colcon.colcon_core.shell:Creating package script '/home/daniel/workspaces/tfm_ws/install/articubot_one/share/articubot_one/package.bash'
[5.591s] INFO:colcon.colcon_core.shell:Creating package script '/home/daniel/workspaces/tfm_ws/install/articubot_one/share/articubot_one/package.zsh'
[5.592s] Level 1:colcon.colcon_core.environment:create_file_with_runtime_dependencies(/home/daniel/workspaces/tfm_ws/install/articubot_one/share/colcon-core/packages/articubot_one)
[5.613s] DEBUG:colcon.colcon_core.event_handler.log_command:Invoking command in '/home/daniel/workspaces/tfm_ws/src/mir_description': PYTHONPATH=/home/daniel/workspaces/tfm_ws/build/mir_description/prefix_override:/home/daniel/workspaces/tfm_ws/install/mir_description/lib/python3.8/site-packages:${PYTHONPATH} /usr/bin/python3 setup.py egg_info --egg-base ../../build/mir_description build --build-base /home/daniel/workspaces/tfm_ws/build/mir_description/build install --record /home/daniel/workspaces/tfm_ws/build/mir_description/install.log --install-scripts $base/lib/mir_description --single-version-externally-managed
[5.620s] DEBUG:colcon.colcon_core.event_handler.log_command:Invoking command in '/home/daniel/workspaces/tfm_ws/src/robot_description': PYTHONPATH=/home/daniel/workspaces/tfm_ws/build/robot_description/prefix_override:/home/daniel/workspaces/tfm_ws/install/robot_description/lib/python3.8/site-packages:${PYTHONPATH} /usr/bin/python3 setup.py egg_info --egg-base ../../build/robot_description build --build-base /home/daniel/workspaces/tfm_ws/build/robot_description/build install --record /home/daniel/workspaces/tfm_ws/build/robot_description/install.log --install-scripts $base/lib/robot_description --single-version-externally-managed
[5.925s] DEBUG:colcon.colcon_core.event_handler.log_command:Invoked command in '/home/daniel/workspaces/tfm_ws/src/mir_description' returned '0': PYTHONPATH=/home/daniel/workspaces/tfm_ws/build/mir_description/prefix_override:/home/daniel/workspaces/tfm_ws/install/mir_description/lib/python3.8/site-packages:${PYTHONPATH} /usr/bin/python3 setup.py egg_info --egg-base ../../build/mir_description build --build-base /home/daniel/workspaces/tfm_ws/build/mir_description/build install --record /home/daniel/workspaces/tfm_ws/build/mir_description/install.log --install-scripts $base/lib/mir_description --single-version-externally-managed
[5.975s] Level 1:colcon.colcon_core.environment:checking '/home/daniel/workspaces/tfm_ws/install/mir_description' for CMake module files
[5.976s] Level 1:colcon.colcon_core.environment:checking '/home/daniel/workspaces/tfm_ws/install/mir_description' for CMake config files
[5.976s] Level 1:colcon.colcon_core.environment:checking '/home/daniel/workspaces/tfm_ws/install/mir_description/lib'
[5.977s] Level 1:colcon.colcon_core.environment:checking '/home/daniel/workspaces/tfm_ws/install/mir_description/bin'
[5.977s] Level 1:colcon.colcon_core.environment:checking '/home/daniel/workspaces/tfm_ws/install/mir_description/lib/pkgconfig/mir_description.pc'
[5.977s] Level 1:colcon.colcon_core.environment:checking '/home/daniel/workspaces/tfm_ws/install/mir_description/lib/python3.8/site-packages'
[5.977s] Level 1:colcon.colcon_core.shell:create_environment_hook('mir_description', 'pythonpath')
[6.026s] INFO:colcon.colcon_core.shell:Creating environment hook '/home/daniel/workspaces/tfm_ws/install/mir_description/share/mir_description/hook/pythonpath.ps1'
[6.026s] INFO:colcon.colcon_core.shell:Creating environment descriptor '/home/daniel/workspaces/tfm_ws/install/mir_description/share/mir_description/hook/pythonpath.dsv'
[6.027s] INFO:colcon.colcon_core.shell:Creating environment hook '/home/daniel/workspaces/tfm_ws/install/mir_description/share/mir_description/hook/pythonpath.sh'
[6.027s] Level 1:colcon.colcon_core.environment:checking '/home/daniel/workspaces/tfm_ws/install/mir_description/bin'
[6.027s] Level 1:colcon.colcon_core.environment:create_environment_scripts_only(mir_description)
[6.076s] INFO:colcon.colcon_core.shell:Creating package script '/home/daniel/workspaces/tfm_ws/install/mir_description/share/mir_description/package.ps1'
[6.076s] INFO:colcon.colcon_core.shell:Creating package descriptor '/home/daniel/workspaces/tfm_ws/install/mir_description/share/mir_description/package.dsv'
[6.077s] INFO:colcon.colcon_core.shell:Creating package script '/home/daniel/workspaces/tfm_ws/install/mir_description/share/mir_description/package.sh'
[6.077s] INFO:colcon.colcon_core.shell:Creating package script '/home/daniel/workspaces/tfm_ws/install/mir_description/share/mir_description/package.bash'
[6.078s] INFO:colcon.colcon_core.shell:Creating package script '/home/daniel/workspaces/tfm_ws/install/mir_description/share/mir_description/package.zsh'
[6.078s] Level 1:colcon.colcon_core.environment:create_file_with_runtime_dependencies(/home/daniel/workspaces/tfm_ws/install/mir_description/share/colcon-core/packages/mir_description)
[6.080s] DEBUG:colcon.colcon_core.event_handler.log_command:Invoked command in '/home/daniel/workspaces/tfm_ws/src/robot_description' returned '0': PYTHONPATH=/home/daniel/workspaces/tfm_ws/build/robot_description/prefix_override:/home/daniel/workspaces/tfm_ws/install/robot_description/lib/python3.8/site-packages:${PYTHONPATH} /usr/bin/python3 setup.py egg_info --egg-base ../../build/robot_description build --build-base /home/daniel/workspaces/tfm_ws/build/robot_description/build install --record /home/daniel/workspaces/tfm_ws/build/robot_description/install.log --install-scripts $base/lib/robot_description --single-version-externally-managed
[6.129s] Level 1:colcon.colcon_core.environment:checking '/home/daniel/workspaces/tfm_ws/install/robot_description' for CMake module files
[6.129s] Level 1:colcon.colcon_core.environment:checking '/home/daniel/workspaces/tfm_ws/install/robot_description' for CMake config files
[6.130s] Level 1:colcon.colcon_core.environment:checking '/home/daniel/workspaces/tfm_ws/install/robot_description/lib'
[6.130s] Level 1:colcon.colcon_core.environment:checking '/home/daniel/workspaces/tfm_ws/install/robot_description/bin'
[6.130s] Level 1:colcon.colcon_core.environment:checking '/home/daniel/workspaces/tfm_ws/install/robot_description/lib/pkgconfig/robot_description.pc'
[6.130s] Level 1:colcon.colcon_core.environment:checking '/home/daniel/workspaces/tfm_ws/install/robot_description/lib/python3.8/site-packages'
[6.130s] Level 1:colcon.colcon_core.shell:create_environment_hook('robot_description', 'pythonpath')
[6.179s] INFO:colcon.colcon_core.shell:Creating environment hook '/home/daniel/workspaces/tfm_ws/install/robot_description/share/robot_description/hook/pythonpath.ps1'
[6.179s] INFO:colcon.colcon_core.shell:Creating environment descriptor '/home/daniel/workspaces/tfm_ws/install/robot_description/share/robot_description/hook/pythonpath.dsv'
[6.180s] INFO:colcon.colcon_core.shell:Creating environment hook '/home/daniel/workspaces/tfm_ws/install/robot_description/share/robot_description/hook/pythonpath.sh'
[6.180s] Level 1:colcon.colcon_core.environment:checking '/home/daniel/workspaces/tfm_ws/install/robot_description/bin'
[6.180s] Level 1:colcon.colcon_core.environment:create_environment_scripts_only(robot_description)
[6.229s] INFO:colcon.colcon_core.shell:Creating package script '/home/daniel/workspaces/tfm_ws/install/robot_description/share/robot_description/package.ps1'
[6.229s] INFO:colcon.colcon_core.shell:Creating package descriptor '/home/daniel/workspaces/tfm_ws/install/robot_description/share/robot_description/package.dsv'
[6.230s] INFO:colcon.colcon_core.shell:Creating package script '/home/daniel/workspaces/tfm_ws/install/robot_description/share/robot_description/package.sh'
[6.230s] INFO:colcon.colcon_core.shell:Creating package script '/home/daniel/workspaces/tfm_ws/install/robot_description/share/robot_description/package.bash'
[6.231s] INFO:colcon.colcon_core.shell:Creating package script '/home/daniel/workspaces/tfm_ws/install/robot_description/share/robot_description/package.zsh'
[6.231s] Level 1:colcon.colcon_core.environment:create_file_with_runtime_dependencies(/home/daniel/workspaces/tfm_ws/install/robot_description/share/colcon-core/packages/robot_description)
[6.231s] DEBUG:colcon.colcon_parallel_executor.executor.parallel:closing loop
[6.232s] DEBUG:colcon.colcon_parallel_executor.executor.parallel:loop closed
[6.232s] DEBUG:colcon.colcon_parallel_executor.executor.parallel:run_until_complete finished with '0'
[6.232s] DEBUG:colcon.colcon_core.event_reactor:joining thread
[6.286s] INFO:colcon.colcon_core.plugin_system:Skipping extension 'colcon_notification.desktop_notification.terminal_notifier': Not used on non-Darwin systems
[6.286s] INFO:colcon.colcon_core.plugin_system:Skipping extension 'colcon_notification.desktop_notification.win32': Not used on non-Windows systems
[6.287s] INFO:colcon.colcon_notification.desktop_notification:Sending desktop notification using 'notify2'
[6.300s] DEBUG:colcon.colcon_core.event_reactor:joined thread
[6.348s] INFO:colcon.colcon_core.shell:Creating prefix script '/home/daniel/workspaces/tfm_ws/install/local_setup.ps1'
[6.349s] INFO:colcon.colcon_core.shell:Creating prefix util module '/home/daniel/workspaces/tfm_ws/install/_local_setup_util_ps1.py'
[6.351s] INFO:colcon.colcon_core.shell:Creating prefix chain script '/home/daniel/workspaces/tfm_ws/install/setup.ps1'
[6.399s] INFO:colcon.colcon_core.shell:Creating prefix script '/home/daniel/workspaces/tfm_ws/install/local_setup.sh'
[6.400s] INFO:colcon.colcon_core.shell:Creating prefix util module '/home/daniel/workspaces/tfm_ws/install/_local_setup_util_sh.py'
[6.400s] INFO:colcon.colcon_core.shell:Creating prefix chain script '/home/daniel/workspaces/tfm_ws/install/setup.sh'
[6.449s] INFO:colcon.colcon_core.shell:Creating prefix script '/home/daniel/workspaces/tfm_ws/install/local_setup.bash'
[6.450s] INFO:colcon.colcon_core.shell:Creating prefix chain script '/home/daniel/workspaces/tfm_ws/install/setup.bash'
[6.498s] INFO:colcon.colcon_core.shell:Creating prefix script '/home/daniel/workspaces/tfm_ws/install/local_setup.zsh'
[6.499s] INFO:colcon.colcon_core.shell:Creating prefix chain script '/home/daniel/workspaces/tfm_ws/install/setup.zsh'
