[1.101s] Invoking command in '/home/daniel/workspaces/tfm_ws/build/robot_description': PYTHONPATH=/home/daniel/workspaces/tfm_ws/build/robot_description/prefix_override:/home/daniel/workspaces/tfm_ws/install/robot_description/lib/python3.8/site-packages:${PYTHONPATH} /usr/bin/python3 setup.py develop --uninstall --editable --build-directory /home/daniel/workspaces/tfm_ws/build/robot_description/build
[1.337s] running develop
[1.489s] Removing /home/daniel/workspaces/tfm_ws/install/robot_description/lib/python3.8/site-packages/robot-description.egg-link (link to .)
[1.509s] Invoked command in '/home/daniel/workspaces/tfm_ws/build/robot_description' returned '0': PYTHONPATH=/home/daniel/workspaces/tfm_ws/build/robot_description/prefix_override:/home/daniel/workspaces/tfm_ws/install/robot_description/lib/python3.8/site-packages:${PYTHONPATH} /usr/bin/python3 setup.py develop --uninstall --editable --build-directory /home/daniel/workspaces/tfm_ws/build/robot_description/build
[1.510s] Invoking command in '/home/daniel/workspaces/tfm_ws/src/robot_description': PYTHONPATH=/home/daniel/workspaces/tfm_ws/build/robot_description/prefix_override:/home/daniel/workspaces/tfm_ws/install/robot_description/lib/python3.8/site-packages:${PYTHONPATH} /usr/bin/python3 setup.py egg_info --egg-base ../../build/robot_description build --build-base /home/daniel/workspaces/tfm_ws/build/robot_description/build install --record /home/daniel/workspaces/tfm_ws/build/robot_description/install.log --install-scripts $base/lib/robot_description --single-version-externally-managed
[1.729s] running egg_info
[1.729s] writing ../../build/robot_description/robot_description.egg-info/PKG-INFO
[1.729s] writing dependency_links to ../../build/robot_description/robot_description.egg-info/dependency_links.txt
[1.729s] writing entry points to ../../build/robot_description/robot_description.egg-info/entry_points.txt
[1.730s] writing requirements to ../../build/robot_description/robot_description.egg-info/requires.txt
[1.730s] writing top-level names to ../../build/robot_description/robot_description.egg-info/top_level.txt
[1.763s] reading manifest file '../../build/robot_description/robot_description.egg-info/SOURCES.txt'
[1.764s] writing manifest file '../../build/robot_description/robot_description.egg-info/SOURCES.txt'
[1.765s] running build
[1.765s] running build_py
[1.765s] running install
[1.765s] running install_lib
[1.766s] creating /home/daniel/workspaces/tfm_ws/install/robot_description/lib/python3.8/site-packages/robot_description
[1.767s] copying /home/daniel/workspaces/tfm_ws/build/robot_description/build/lib/robot_description/__init__.py -> /home/daniel/workspaces/tfm_ws/install/robot_description/lib/python3.8/site-packages/robot_description
[1.767s] byte-compiling /home/daniel/workspaces/tfm_ws/install/robot_description/lib/python3.8/site-packages/robot_description/__init__.py to __init__.cpython-38.pyc
[1.768s] running install_data
[1.769s] copying description/base/gazebo_control2.xacro -> /home/daniel/workspaces/tfm_ws/install/robot_description/share/robot_description/description/base
[1.769s] copying description/base/macros.xacro -> /home/daniel/workspaces/tfm_ws/install/robot_description/share/robot_description/description/base
[1.769s] copying description/base/robot.urdf.xacro -> /home/daniel/workspaces/tfm_ws/install/robot_description/share/robot_description/description/base
[1.770s] copying description/base/gazebo_control.xacro -> /home/daniel/workspaces/tfm_ws/install/robot_description/share/robot_description/description/base
[1.770s] creating /home/daniel/workspaces/tfm_ws/install/robot_description/share/robot_description/config
[1.770s] running install_egg_info
[1.773s] Copying ../../build/robot_description/robot_description.egg-info to /home/daniel/workspaces/tfm_ws/install/robot_description/lib/python3.8/site-packages/robot_description-0.0.0-py3.8.egg-info
[1.786s] running install_scripts
[1.801s] writing list of installed files to '/home/daniel/workspaces/tfm_ws/build/robot_description/install.log'
[1.820s] Invoked command in '/home/daniel/workspaces/tfm_ws/src/robot_description' returned '0': PYTHONPATH=/home/daniel/workspaces/tfm_ws/build/robot_description/prefix_override:/home/daniel/workspaces/tfm_ws/install/robot_description/lib/python3.8/site-packages:${PYTHONPATH} /usr/bin/python3 setup.py egg_info --egg-base ../../build/robot_description build --build-base /home/daniel/workspaces/tfm_ws/build/robot_description/build install --record /home/daniel/workspaces/tfm_ws/build/robot_description/install.log --install-scripts $base/lib/robot_description --single-version-externally-managed
