[8.622s] DEBUG:colcon:Command line arguments: ['/usr/bin/colcon', 'build']
[8.622s] DEBUG:colcon:Parsed command line arguments: Namespace(allow_overriding=[], ament_cmake_args=None, base_paths=['.'], build_base='build', catkin_cmake_args=None, catkin_skip_building_tests=False, cmake_args=None, cmake_clean_cache=False, cmake_clean_first=False, cmake_force_configure=False, cmake_target=None, cmake_target_skip_unavailable=False, continue_on_error=False, event_handlers=None, executor='parallel', ignore_user_meta=False, install_base='install', log_base=None, log_level=None, main=<bound method BuildVerb.main of <colcon_core.verb.build.BuildVerb object at 0x7fca8cd64850>>, merge_install=False, metas=['./colcon.meta'], packages_above=None, packages_above_and_dependencies=None, packages_above_depth=None, packages_end=None, packages_ignore=None, packages_ignore_regex=None, packages_select=None, packages_select_build_failed=False, packages_select_by_dep=None, packages_select_regex=None, packages_select_test_failures=False, packages_skip=None, packages_skip_build_finished=False, packages_skip_by_dep=None, packages_skip_regex=None, packages_skip_test_passed=False, packages_skip_up_to=None, packages_start=None, packages_up_to=None, packages_up_to_regex=None, parallel_workers=8, paths=None, symlink_install=False, test_result_base=None, verb_extension=<colcon_core.verb.build.BuildVerb object at 0x7fca8cd64850>, verb_name='build', verb_parser=<colcon_defaults.argument_parser.defaults.DefaultArgumentsDecorator object at 0x7fca8cd64d90>)
[9.144s] Level 1:colcon.colcon_core.package_discovery:discover_packages(colcon_meta) check parameters
[9.144s] Level 1:colcon.colcon_core.package_discovery:discover_packages(recursive) check parameters
[9.145s] Level 1:colcon.colcon_core.package_discovery:discover_packages(ignore) check parameters
[9.145s] Level 1:colcon.colcon_core.package_discovery:discover_packages(path) check parameters
[9.145s] Level 1:colcon.colcon_core.package_discovery:discover_packages(colcon_meta) discover
[9.145s] Level 1:colcon.colcon_core.package_discovery:discover_packages(recursive) discover
[9.145s] INFO:colcon.colcon_core.package_discovery:Crawling recursively for packages in '/home/daniel/workspaces/tfm_ws'
[9.145s] Level 1:colcon.colcon_core.package_identification:_identify(.) by extensions ['ignore', 'ignore_ament_install']
[9.145s] Level 1:colcon.colcon_core.package_identification:_identify(.) by extension 'ignore'
[9.145s] Level 1:colcon.colcon_core.package_identification:_identify(.) by extension 'ignore_ament_install'
[9.145s] Level 1:colcon.colcon_core.package_identification:_identify(.) by extensions ['colcon_pkg']
[9.145s] Level 1:colcon.colcon_core.package_identification:_identify(.) by extension 'colcon_pkg'
[9.145s] Level 1:colcon.colcon_core.package_identification:_identify(.) by extensions ['colcon_meta']
[9.145s] Level 1:colcon.colcon_core.package_identification:_identify(.) by extension 'colcon_meta'
[9.145s] Level 1:colcon.colcon_core.package_identification:_identify(.) by extensions ['ros']
[9.145s] Level 1:colcon.colcon_core.package_identification:_identify(.) by extension 'ros'
[9.203s] Level 1:colcon.colcon_core.package_identification:_identify(.) by extensions ['cmake', 'python']
[9.203s] Level 1:colcon.colcon_core.package_identification:_identify(.) by extension 'cmake'
[9.203s] Level 1:colcon.colcon_core.package_identification:_identify(.) by extension 'python'
[9.203s] Level 1:colcon.colcon_core.package_identification:_identify(.) by extensions ['python_setup_py']
[9.203s] Level 1:colcon.colcon_core.package_identification:_identify(.) by extension 'python_setup_py'
[9.203s] Level 1:colcon.colcon_core.package_identification:_identify(build) by extensions ['ignore', 'ignore_ament_install']
[9.203s] Level 1:colcon.colcon_core.package_identification:_identify(build) by extension 'ignore'
[9.203s] Level 1:colcon.colcon_core.package_identification:_identify(build) ignored
[9.204s] Level 1:colcon.colcon_core.package_identification:_identify(install) by extensions ['ignore', 'ignore_ament_install']
[9.204s] Level 1:colcon.colcon_core.package_identification:_identify(install) by extension 'ignore'
[9.204s] Level 1:colcon.colcon_core.package_identification:_identify(install) ignored
[9.204s] Level 1:colcon.colcon_core.package_identification:_identify(log) by extensions ['ignore', 'ignore_ament_install']
[9.204s] Level 1:colcon.colcon_core.package_identification:_identify(log) by extension 'ignore'
[9.204s] Level 1:colcon.colcon_core.package_identification:_identify(log) ignored
[9.204s] Level 1:colcon.colcon_core.package_identification:_identify(src) by extensions ['ignore', 'ignore_ament_install']
[9.204s] Level 1:colcon.colcon_core.package_identification:_identify(src) by extension 'ignore'
[9.204s] Level 1:colcon.colcon_core.package_identification:_identify(src) by extension 'ignore_ament_install'
[9.204s] Level 1:colcon.colcon_core.package_identification:_identify(src) by extensions ['colcon_pkg']
[9.204s] Level 1:colcon.colcon_core.package_identification:_identify(src) by extension 'colcon_pkg'
[9.204s] Level 1:colcon.colcon_core.package_identification:_identify(src) by extensions ['colcon_meta']
[9.204s] Level 1:colcon.colcon_core.package_identification:_identify(src) by extension 'colcon_meta'
[9.204s] Level 1:colcon.colcon_core.package_identification:_identify(src) by extensions ['ros']
[9.205s] Level 1:colcon.colcon_core.package_identification:_identify(src) by extension 'ros'
[9.205s] Level 1:colcon.colcon_core.package_identification:_identify(src) by extensions ['cmake', 'python']
[9.205s] Level 1:colcon.colcon_core.package_identification:_identify(src) by extension 'cmake'
[9.205s] Level 1:colcon.colcon_core.package_identification:_identify(src) by extension 'python'
[9.205s] Level 1:colcon.colcon_core.package_identification:_identify(src) by extensions ['python_setup_py']
[9.205s] Level 1:colcon.colcon_core.package_identification:_identify(src) by extension 'python_setup_py'
[9.205s] Level 1:colcon.colcon_core.package_identification:_identify(src/articubot_one) by extensions ['ignore', 'ignore_ament_install']
[9.205s] Level 1:colcon.colcon_core.package_identification:_identify(src/articubot_one) by extension 'ignore'
[9.205s] Level 1:colcon.colcon_core.package_identification:_identify(src/articubot_one) by extension 'ignore_ament_install'
[9.205s] Level 1:colcon.colcon_core.package_identification:_identify(src/articubot_one) by extensions ['colcon_pkg']
[9.205s] Level 1:colcon.colcon_core.package_identification:_identify(src/articubot_one) by extension 'colcon_pkg'
[9.205s] Level 1:colcon.colcon_core.package_identification:_identify(src/articubot_one) by extensions ['colcon_meta']
[9.205s] Level 1:colcon.colcon_core.package_identification:_identify(src/articubot_one) by extension 'colcon_meta'
[9.205s] Level 1:colcon.colcon_core.package_identification:_identify(src/articubot_one) by extensions ['ros']
[9.205s] Level 1:colcon.colcon_core.package_identification:_identify(src/articubot_one) by extension 'ros'
[9.226s] DEBUG:colcon.colcon_core.package_identification:Package 'src/articubot_one' with type 'ros.ament_cmake' and name 'articubot_one'
[9.227s] Level 1:colcon.colcon_core.package_identification:_identify(src/robot_description) by extensions ['ignore', 'ignore_ament_install']
[9.227s] Level 1:colcon.colcon_core.package_identification:_identify(src/robot_description) by extension 'ignore'
[9.227s] Level 1:colcon.colcon_core.package_identification:_identify(src/robot_description) by extension 'ignore_ament_install'
[9.227s] Level 1:colcon.colcon_core.package_identification:_identify(src/robot_description) by extensions ['colcon_pkg']
[9.227s] Level 1:colcon.colcon_core.package_identification:_identify(src/robot_description) by extension 'colcon_pkg'
[9.227s] Level 1:colcon.colcon_core.package_identification:_identify(src/robot_description) by extensions ['colcon_meta']
[9.227s] Level 1:colcon.colcon_core.package_identification:_identify(src/robot_description) by extension 'colcon_meta'
[9.227s] Level 1:colcon.colcon_core.package_identification:_identify(src/robot_description) by extensions ['ros']
[9.227s] Level 1:colcon.colcon_core.package_identification:_identify(src/robot_description) by extension 'ros'
[9.240s] DEBUG:colcon.colcon_core.package_identification:Package 'src/robot_description' with type 'ros.ament_python' and name 'robot_description'
[9.240s] Level 1:colcon.colcon_core.package_discovery:discover_packages(recursive) using defaults
[9.240s] Level 1:colcon.colcon_core.package_discovery:discover_packages(ignore) discover
[9.240s] Level 1:colcon.colcon_core.package_discovery:discover_packages(ignore) using defaults
[9.240s] Level 1:colcon.colcon_core.package_discovery:discover_packages(path) discover
[9.240s] Level 1:colcon.colcon_core.package_discovery:discover_packages(path) using defaults
[9.656s] Level 1:colcon.colcon_core.package_discovery:discover_packages(prefix_path) check parameters
[9.657s] Level 1:colcon.colcon_core.package_discovery:discover_packages(prefix_path) discover
[9.748s] DEBUG:colcon.colcon_installed_package_information.package_discovery:Found 291 installed packages in /opt/ros/foxy
[9.750s] Level 1:colcon.colcon_core.package_discovery:discover_packages(prefix_path) using defaults
[10.580s] Level 5:colcon.colcon_core.verb:set package 'articubot_one' build argument 'cmake_args' from command line to 'None'
[10.580s] Level 5:colcon.colcon_core.verb:set package 'articubot_one' build argument 'cmake_target' from command line to 'None'
[10.581s] Level 5:colcon.colcon_core.verb:set package 'articubot_one' build argument 'cmake_target_skip_unavailable' from command line to 'False'
[10.581s] Level 5:colcon.colcon_core.verb:set package 'articubot_one' build argument 'cmake_clean_cache' from command line to 'False'
[10.581s] Level 5:colcon.colcon_core.verb:set package 'articubot_one' build argument 'cmake_clean_first' from command line to 'False'
[10.581s] Level 5:colcon.colcon_core.verb:set package 'articubot_one' build argument 'cmake_force_configure' from command line to 'False'
[10.581s] Level 5:colcon.colcon_core.verb:set package 'articubot_one' build argument 'ament_cmake_args' from command line to 'None'
[10.581s] Level 5:colcon.colcon_core.verb:set package 'articubot_one' build argument 'catkin_cmake_args' from command line to 'None'
[10.581s] Level 5:colcon.colcon_core.verb:set package 'articubot_one' build argument 'catkin_skip_building_tests' from command line to 'False'
[10.581s] DEBUG:colcon.colcon_core.verb:Building package 'articubot_one' with the following arguments: {'ament_cmake_args': None, 'build_base': '/home/daniel/workspaces/tfm_ws/build/articubot_one', 'catkin_cmake_args': None, 'catkin_skip_building_tests': False, 'cmake_args': None, 'cmake_clean_cache': False, 'cmake_clean_first': False, 'cmake_force_configure': False, 'cmake_target': None, 'cmake_target_skip_unavailable': False, 'install_base': '/home/daniel/workspaces/tfm_ws/install/articubot_one', 'merge_install': False, 'path': '/home/daniel/workspaces/tfm_ws/src/articubot_one', 'symlink_install': False, 'test_result_base': None}
[10.625s] Level 5:colcon.colcon_core.verb:set package 'robot_description' build argument 'cmake_args' from command line to 'None'
[10.625s] Level 5:colcon.colcon_core.verb:set package 'robot_description' build argument 'cmake_target' from command line to 'None'
[10.625s] Level 5:colcon.colcon_core.verb:set package 'robot_description' build argument 'cmake_target_skip_unavailable' from command line to 'False'
[10.626s] Level 5:colcon.colcon_core.verb:set package 'robot_description' build argument 'cmake_clean_cache' from command line to 'False'
[10.626s] Level 5:colcon.colcon_core.verb:set package 'robot_description' build argument 'cmake_clean_first' from command line to 'False'
[10.626s] Level 5:colcon.colcon_core.verb:set package 'robot_description' build argument 'cmake_force_configure' from command line to 'False'
[10.626s] Level 5:colcon.colcon_core.verb:set package 'robot_description' build argument 'ament_cmake_args' from command line to 'None'
[10.626s] Level 5:colcon.colcon_core.verb:set package 'robot_description' build argument 'catkin_cmake_args' from command line to 'None'
[10.626s] Level 5:colcon.colcon_core.verb:set package 'robot_description' build argument 'catkin_skip_building_tests' from command line to 'False'
[10.626s] DEBUG:colcon.colcon_core.verb:Building package 'robot_description' with the following arguments: {'ament_cmake_args': None, 'build_base': '/home/daniel/workspaces/tfm_ws/build/robot_description', 'catkin_cmake_args': None, 'catkin_skip_building_tests': False, 'cmake_args': None, 'cmake_clean_cache': False, 'cmake_clean_first': False, 'cmake_force_configure': False, 'cmake_target': None, 'cmake_target_skip_unavailable': False, 'install_base': '/home/daniel/workspaces/tfm_ws/install/robot_description', 'merge_install': False, 'path': '/home/daniel/workspaces/tfm_ws/src/robot_description', 'symlink_install': False, 'test_result_base': None}
[10.670s] INFO:colcon.colcon_core.executor:Executing jobs using 'parallel' executor
[10.716s] DEBUG:colcon.colcon_parallel_executor.executor.parallel:run_until_complete
[10.716s] INFO:colcon.colcon_ros.task.ament_cmake.build:Building ROS package in '/home/daniel/workspaces/tfm_ws/src/articubot_one' with build type 'ament_cmake'
[10.716s] INFO:colcon.colcon_cmake.task.cmake.build:Building CMake package in '/home/daniel/workspaces/tfm_ws/src/articubot_one'
[10.831s] INFO:colcon.colcon_core.plugin_system:Skipping extension 'colcon_core.shell.bat': Not used on non-Windows systems
[10.832s] INFO:colcon.colcon_core.shell:Skip shell extension 'powershell' for command environment: Not usable outside of PowerShell
[10.832s] DEBUG:colcon.colcon_core.shell:Skip shell extension 'dsv' for command environment
[10.943s] INFO:colcon.colcon_ros.task.ament_python.build:Building ROS package in '/home/daniel/workspaces/tfm_ws/src/robot_description' with build type 'ament_python'
[10.943s] Level 1:colcon.colcon_core.shell:create_environment_hook('robot_description', 'ament_prefix_path')
[11.008s] INFO:colcon.colcon_core.shell:Creating environment hook '/home/daniel/workspaces/tfm_ws/install/robot_description/share/robot_description/hook/ament_prefix_path.ps1'
[11.031s] INFO:colcon.colcon_core.shell:Creating environment descriptor '/home/daniel/workspaces/tfm_ws/install/robot_description/share/robot_description/hook/ament_prefix_path.dsv'
[11.032s] INFO:colcon.colcon_core.shell:Creating environment hook '/home/daniel/workspaces/tfm_ws/install/robot_description/share/robot_description/hook/ament_prefix_path.sh'
[11.081s] INFO:colcon.colcon_core.shell:Skip shell extension 'powershell' for command environment: Not usable outside of PowerShell
[11.081s] DEBUG:colcon.colcon_core.shell:Skip shell extension 'dsv' for command environment
[11.179s] DEBUG:colcon.colcon_core.event_handler.log_command:Invoking command in '/home/daniel/workspaces/tfm_ws/build/articubot_one': CMAKE_PREFIX_PATH=/opt/ros/foxy /usr/bin/cmake /home/daniel/workspaces/tfm_ws/src/articubot_one -DCMAKE_INSTALL_PREFIX=/home/daniel/workspaces/tfm_ws/install/articubot_one
[11.620s] INFO:colcon.colcon_core.task.python.build:Building Python package in '/home/daniel/workspaces/tfm_ws/src/robot_description'
[11.671s] INFO:colcon.colcon_core.shell:Skip shell extension 'powershell' for command environment: Not usable outside of PowerShell
[11.671s] DEBUG:colcon.colcon_core.shell:Skip shell extension 'dsv' for command environment
[16.031s] DEBUG:colcon.colcon_core.event_handler.log_command:Invoking command in '/home/daniel/workspaces/tfm_ws/src/robot_description': PYTHONPATH=/home/daniel/workspaces/tfm_ws/build/robot_description/prefix_override:/home/daniel/workspaces/tfm_ws/install/robot_description/lib/python3.8/site-packages:${PYTHONPATH} /usr/bin/python3 setup.py egg_info --egg-base ../../build/robot_description build --build-base /home/daniel/workspaces/tfm_ws/build/robot_description/build install --record /home/daniel/workspaces/tfm_ws/build/robot_description/install.log --install-scripts $base/lib/robot_description --single-version-externally-managed
[16.627s] DEBUG:colcon.colcon_core.event_handler.log_command:Invoked command in '/home/daniel/workspaces/tfm_ws/src/robot_description' returned '0': PYTHONPATH=/home/daniel/workspaces/tfm_ws/build/robot_description/prefix_override:/home/daniel/workspaces/tfm_ws/install/robot_description/lib/python3.8/site-packages:${PYTHONPATH} /usr/bin/python3 setup.py egg_info --egg-base ../../build/robot_description build --build-base /home/daniel/workspaces/tfm_ws/build/robot_description/build install --record /home/daniel/workspaces/tfm_ws/build/robot_description/install.log --install-scripts $base/lib/robot_description --single-version-externally-managed
[16.717s] Level 1:colcon.colcon_core.environment:checking '/home/daniel/workspaces/tfm_ws/install/robot_description' for CMake module files
[16.717s] Level 1:colcon.colcon_core.environment:checking '/home/daniel/workspaces/tfm_ws/install/robot_description' for CMake config files
[16.718s] Level 1:colcon.colcon_core.environment:checking '/home/daniel/workspaces/tfm_ws/install/robot_description/lib'
[16.719s] Level 1:colcon.colcon_core.environment:checking '/home/daniel/workspaces/tfm_ws/install/robot_description/bin'
[16.719s] Level 1:colcon.colcon_core.environment:checking '/home/daniel/workspaces/tfm_ws/install/robot_description/lib/pkgconfig/robot_description.pc'
[16.719s] Level 1:colcon.colcon_core.environment:checking '/home/daniel/workspaces/tfm_ws/install/robot_description/lib/python3.8/site-packages'
[16.719s] Level 1:colcon.colcon_core.shell:create_environment_hook('robot_description', 'pythonpath')
[16.768s] INFO:colcon.colcon_core.shell:Creating environment hook '/home/daniel/workspaces/tfm_ws/install/robot_description/share/robot_description/hook/pythonpath.ps1'
[16.769s] INFO:colcon.colcon_core.shell:Creating environment descriptor '/home/daniel/workspaces/tfm_ws/install/robot_description/share/robot_description/hook/pythonpath.dsv'
[16.769s] INFO:colcon.colcon_core.shell:Creating environment hook '/home/daniel/workspaces/tfm_ws/install/robot_description/share/robot_description/hook/pythonpath.sh'
[16.770s] Level 1:colcon.colcon_core.environment:checking '/home/daniel/workspaces/tfm_ws/install/robot_description/bin'
[16.770s] Level 1:colcon.colcon_core.environment:create_environment_scripts_only(robot_description)
[16.817s] INFO:colcon.colcon_core.shell:Creating package script '/home/daniel/workspaces/tfm_ws/install/robot_description/share/robot_description/package.ps1'
[16.831s] INFO:colcon.colcon_core.shell:Creating package descriptor '/home/daniel/workspaces/tfm_ws/install/robot_description/share/robot_description/package.dsv'
[16.849s] INFO:colcon.colcon_core.shell:Creating package script '/home/daniel/workspaces/tfm_ws/install/robot_description/share/robot_description/package.sh'
[16.851s] INFO:colcon.colcon_core.shell:Creating package script '/home/daniel/workspaces/tfm_ws/install/robot_description/share/robot_description/package.bash'
[16.872s] INFO:colcon.colcon_core.shell:Creating package script '/home/daniel/workspaces/tfm_ws/install/robot_description/share/robot_description/package.zsh'
[16.886s] Level 1:colcon.colcon_core.environment:create_file_with_runtime_dependencies(/home/daniel/workspaces/tfm_ws/install/robot_description/share/colcon-core/packages/robot_description)
[17.236s] DEBUG:colcon.colcon_core.event_handler.log_command:Invoked command in '/home/daniel/workspaces/tfm_ws/build/articubot_one' returned '0': CMAKE_PREFIX_PATH=/opt/ros/foxy /usr/bin/cmake /home/daniel/workspaces/tfm_ws/src/articubot_one -DCMAKE_INSTALL_PREFIX=/home/daniel/workspaces/tfm_ws/install/articubot_one
[17.241s] DEBUG:colcon.colcon_core.event_handler.log_command:Invoking command in '/home/daniel/workspaces/tfm_ws/build/articubot_one': CMAKE_PREFIX_PATH=/opt/ros/foxy /usr/bin/cmake --build /home/daniel/workspaces/tfm_ws/build/articubot_one -- -j8 -l8
[17.280s] DEBUG:colcon.colcon_core.event_handler.log_command:Invoked command in '/home/daniel/workspaces/tfm_ws/build/articubot_one' returned '0': CMAKE_PREFIX_PATH=/opt/ros/foxy /usr/bin/cmake --build /home/daniel/workspaces/tfm_ws/build/articubot_one -- -j8 -l8
[17.314s] DEBUG:colcon.colcon_core.event_handler.log_command:Invoking command in '/home/daniel/workspaces/tfm_ws/build/articubot_one': CMAKE_PREFIX_PATH=/opt/ros/foxy /usr/bin/cmake --install /home/daniel/workspaces/tfm_ws/build/articubot_one
[17.328s] Level 1:colcon.colcon_core.environment:create_environment_scripts_only(articubot_one)
[17.329s] DEBUG:colcon.colcon_core.event_handler.log_command:Invoked command in '/home/daniel/workspaces/tfm_ws/build/articubot_one' returned '0': CMAKE_PREFIX_PATH=/opt/ros/foxy /usr/bin/cmake --install /home/daniel/workspaces/tfm_ws/build/articubot_one
[17.378s] Level 1:colcon.colcon_core.environment:checking '/home/daniel/workspaces/tfm_ws/install/articubot_one' for CMake module files
[17.378s] Level 1:colcon.colcon_core.environment:checking '/home/daniel/workspaces/tfm_ws/install/articubot_one' for CMake config files
[17.379s] Level 1:colcon.colcon_core.shell:create_environment_hook('articubot_one', 'cmake_prefix_path')
[17.424s] INFO:colcon.colcon_core.shell:Creating environment hook '/home/daniel/workspaces/tfm_ws/install/articubot_one/share/articubot_one/hook/cmake_prefix_path.ps1'
[17.424s] INFO:colcon.colcon_core.shell:Creating environment descriptor '/home/daniel/workspaces/tfm_ws/install/articubot_one/share/articubot_one/hook/cmake_prefix_path.dsv'
[17.425s] INFO:colcon.colcon_core.shell:Creating environment hook '/home/daniel/workspaces/tfm_ws/install/articubot_one/share/articubot_one/hook/cmake_prefix_path.sh'
[17.425s] Level 1:colcon.colcon_core.environment:checking '/home/daniel/workspaces/tfm_ws/install/articubot_one/bin'
[17.425s] Level 1:colcon.colcon_core.environment:checking '/home/daniel/workspaces/tfm_ws/install/articubot_one/lib/pkgconfig/articubot_one.pc'
[17.426s] Level 1:colcon.colcon_core.environment:checking '/home/daniel/workspaces/tfm_ws/install/articubot_one/lib/python3.8/site-packages'
[17.426s] Level 1:colcon.colcon_core.environment:checking '/home/daniel/workspaces/tfm_ws/install/articubot_one/bin'
[17.471s] INFO:colcon.colcon_core.shell:Creating package script '/home/daniel/workspaces/tfm_ws/install/articubot_one/share/articubot_one/package.ps1'
[17.472s] INFO:colcon.colcon_core.shell:Creating package descriptor '/home/daniel/workspaces/tfm_ws/install/articubot_one/share/articubot_one/package.dsv'
[17.472s] INFO:colcon.colcon_core.shell:Creating package script '/home/daniel/workspaces/tfm_ws/install/articubot_one/share/articubot_one/package.sh'
[17.472s] INFO:colcon.colcon_core.shell:Creating package script '/home/daniel/workspaces/tfm_ws/install/articubot_one/share/articubot_one/package.bash'
[17.473s] INFO:colcon.colcon_core.shell:Creating package script '/home/daniel/workspaces/tfm_ws/install/articubot_one/share/articubot_one/package.zsh'
[17.473s] Level 1:colcon.colcon_core.environment:create_file_with_runtime_dependencies(/home/daniel/workspaces/tfm_ws/install/articubot_one/share/colcon-core/packages/articubot_one)
[17.542s] Level 1:colcon.colcon_core.environment:create_environment_scripts_only(articubot_one)
[17.589s] Level 1:colcon.colcon_core.environment:checking '/home/daniel/workspaces/tfm_ws/install/articubot_one' for CMake module files
[17.589s] Level 1:colcon.colcon_core.environment:checking '/home/daniel/workspaces/tfm_ws/install/articubot_one' for CMake config files
[17.590s] Level 1:colcon.colcon_core.shell:create_environment_hook('articubot_one', 'cmake_prefix_path')
[17.635s] INFO:colcon.colcon_core.shell:Creating environment hook '/home/daniel/workspaces/tfm_ws/install/articubot_one/share/articubot_one/hook/cmake_prefix_path.ps1'
[17.635s] INFO:colcon.colcon_core.shell:Creating environment descriptor '/home/daniel/workspaces/tfm_ws/install/articubot_one/share/articubot_one/hook/cmake_prefix_path.dsv'
[17.636s] INFO:colcon.colcon_core.shell:Creating environment hook '/home/daniel/workspaces/tfm_ws/install/articubot_one/share/articubot_one/hook/cmake_prefix_path.sh'
[17.636s] Level 1:colcon.colcon_core.environment:checking '/home/daniel/workspaces/tfm_ws/install/articubot_one/bin'
[17.636s] Level 1:colcon.colcon_core.environment:checking '/home/daniel/workspaces/tfm_ws/install/articubot_one/lib/pkgconfig/articubot_one.pc'
[17.637s] Level 1:colcon.colcon_core.environment:checking '/home/daniel/workspaces/tfm_ws/install/articubot_one/lib/python3.8/site-packages'
[17.637s] Level 1:colcon.colcon_core.environment:checking '/home/daniel/workspaces/tfm_ws/install/articubot_one/bin'
[17.684s] INFO:colcon.colcon_core.shell:Creating package script '/home/daniel/workspaces/tfm_ws/install/articubot_one/share/articubot_one/package.ps1'
[17.684s] INFO:colcon.colcon_core.shell:Creating package descriptor '/home/daniel/workspaces/tfm_ws/install/articubot_one/share/articubot_one/package.dsv'
[17.685s] INFO:colcon.colcon_core.shell:Creating package script '/home/daniel/workspaces/tfm_ws/install/articubot_one/share/articubot_one/package.sh'
[17.685s] INFO:colcon.colcon_core.shell:Creating package script '/home/daniel/workspaces/tfm_ws/install/articubot_one/share/articubot_one/package.bash'
[17.686s] INFO:colcon.colcon_core.shell:Creating package script '/home/daniel/workspaces/tfm_ws/install/articubot_one/share/articubot_one/package.zsh'
[17.686s] Level 1:colcon.colcon_core.environment:create_file_with_runtime_dependencies(/home/daniel/workspaces/tfm_ws/install/articubot_one/share/colcon-core/packages/articubot_one)
[17.686s] DEBUG:colcon.colcon_parallel_executor.executor.parallel:closing loop
[17.687s] DEBUG:colcon.colcon_parallel_executor.executor.parallel:loop closed
[17.687s] DEBUG:colcon.colcon_parallel_executor.executor.parallel:run_until_complete finished with '0'
[17.687s] DEBUG:colcon.colcon_core.event_reactor:joining thread
[17.770s] INFO:colcon.colcon_core.plugin_system:Skipping extension 'colcon_notification.desktop_notification.terminal_notifier': Not used on non-Darwin systems
[17.771s] INFO:colcon.colcon_core.plugin_system:Skipping extension 'colcon_notification.desktop_notification.win32': Not used on non-Windows systems
[17.771s] INFO:colcon.colcon_notification.desktop_notification:Sending desktop notification using 'notify2'
[17.785s] DEBUG:colcon.colcon_core.event_reactor:joined thread
[17.836s] INFO:colcon.colcon_core.shell:Creating prefix script '/home/daniel/workspaces/tfm_ws/install/local_setup.ps1'
[17.848s] INFO:colcon.colcon_core.shell:Creating prefix util module '/home/daniel/workspaces/tfm_ws/install/_local_setup_util_ps1.py'
[17.855s] INFO:colcon.colcon_core.shell:Creating prefix chain script '/home/daniel/workspaces/tfm_ws/install/setup.ps1'
[17.914s] INFO:colcon.colcon_core.shell:Creating prefix script '/home/daniel/workspaces/tfm_ws/install/local_setup.sh'
[17.915s] INFO:colcon.colcon_core.shell:Creating prefix util module '/home/daniel/workspaces/tfm_ws/install/_local_setup_util_sh.py'
[17.915s] INFO:colcon.colcon_core.shell:Creating prefix chain script '/home/daniel/workspaces/tfm_ws/install/setup.sh'
[17.964s] INFO:colcon.colcon_core.shell:Creating prefix script '/home/daniel/workspaces/tfm_ws/install/local_setup.bash'
[17.965s] INFO:colcon.colcon_core.shell:Creating prefix chain script '/home/daniel/workspaces/tfm_ws/install/setup.bash'
[18.012s] INFO:colcon.colcon_core.shell:Creating prefix script '/home/daniel/workspaces/tfm_ws/install/local_setup.zsh'
[18.036s] INFO:colcon.colcon_core.shell:Creating prefix chain script '/home/daniel/workspaces/tfm_ws/install/setup.zsh'
