[3.126s] DEBUG:colcon:Command line arguments: ['/usr/bin/colcon', 'build', '--packages-up-to', 'robot_motion', '--symlink-install']
[3.126s] DEBUG:colcon:Parsed command line arguments: Namespace(allow_overriding=[], ament_cmake_args=None, base_paths=['.'], build_base='build', catkin_cmake_args=None, catkin_skip_building_tests=False, cmake_args=None, cmake_clean_cache=False, cmake_clean_first=False, cmake_force_configure=False, cmake_target=None, cmake_target_skip_unavailable=False, continue_on_error=False, event_handlers=None, executor='parallel', ignore_user_meta=False, install_base='install', log_base=None, log_level=None, main=<bound method BuildVerb.main of <colcon_core.verb.build.BuildVerb object at 0x7f9eff33a730>>, merge_install=False, metas=['./colcon.meta'], packages_above=None, packages_above_and_dependencies=None, packages_above_depth=None, packages_end=None, packages_ignore=None, packages_ignore_regex=None, packages_select=None, packages_select_build_failed=False, packages_select_by_dep=None, packages_select_regex=None, packages_select_test_failures=False, packages_skip=None, packages_skip_build_finished=False, packages_skip_by_dep=None, packages_skip_regex=None, packages_skip_test_passed=False, packages_skip_up_to=None, packages_start=None, packages_up_to=['robot_motion'], packages_up_to_regex=None, parallel_workers=8, paths=None, symlink_install=True, test_result_base=None, verb_extension=<colcon_core.verb.build.BuildVerb object at 0x7f9eff33a730>, verb_name='build', verb_parser=<colcon_defaults.argument_parser.defaults.DefaultArgumentsDecorator object at 0x7f9eff33ac40>)
[3.581s] Level 1:colcon.colcon_core.package_discovery:discover_packages(colcon_meta) check parameters
[3.581s] Level 1:colcon.colcon_core.package_discovery:discover_packages(recursive) check parameters
[3.581s] Level 1:colcon.colcon_core.package_discovery:discover_packages(ignore) check parameters
[3.581s] Level 1:colcon.colcon_core.package_discovery:discover_packages(path) check parameters
[3.581s] Level 1:colcon.colcon_core.package_discovery:discover_packages(colcon_meta) discover
[3.581s] Level 1:colcon.colcon_core.package_discovery:discover_packages(recursive) discover
[3.581s] INFO:colcon.colcon_core.package_discovery:Crawling recursively for packages in '/home/daniel/workspaces/tfm_ws'
[3.581s] Level 1:colcon.colcon_core.package_identification:_identify(.) by extensions ['ignore', 'ignore_ament_install']
[3.581s] Level 1:colcon.colcon_core.package_identification:_identify(.) by extension 'ignore'
[3.581s] Level 1:colcon.colcon_core.package_identification:_identify(.) by extension 'ignore_ament_install'
[3.581s] Level 1:colcon.colcon_core.package_identification:_identify(.) by extensions ['colcon_pkg']
[3.581s] Level 1:colcon.colcon_core.package_identification:_identify(.) by extension 'colcon_pkg'
[3.582s] Level 1:colcon.colcon_core.package_identification:_identify(.) by extensions ['colcon_meta']
[3.582s] Level 1:colcon.colcon_core.package_identification:_identify(.) by extension 'colcon_meta'
[3.582s] Level 1:colcon.colcon_core.package_identification:_identify(.) by extensions ['ros']
[3.582s] Level 1:colcon.colcon_core.package_identification:_identify(.) by extension 'ros'
[3.592s] Level 1:colcon.colcon_core.package_identification:_identify(.) by extensions ['cmake', 'python']
[3.592s] Level 1:colcon.colcon_core.package_identification:_identify(.) by extension 'cmake'
[3.592s] Level 1:colcon.colcon_core.package_identification:_identify(.) by extension 'python'
[3.592s] Level 1:colcon.colcon_core.package_identification:_identify(.) by extensions ['python_setup_py']
[3.592s] Level 1:colcon.colcon_core.package_identification:_identify(.) by extension 'python_setup_py'
[3.592s] Level 1:colcon.colcon_core.package_identification:_identify(build) by extensions ['ignore', 'ignore_ament_install']
[3.592s] Level 1:colcon.colcon_core.package_identification:_identify(build) by extension 'ignore'
[3.592s] Level 1:colcon.colcon_core.package_identification:_identify(build) ignored
[3.592s] Level 1:colcon.colcon_core.package_identification:_identify(install) by extensions ['ignore', 'ignore_ament_install']
[3.593s] Level 1:colcon.colcon_core.package_identification:_identify(install) by extension 'ignore'
[3.593s] Level 1:colcon.colcon_core.package_identification:_identify(install) ignored
[3.593s] Level 1:colcon.colcon_core.package_identification:_identify(log) by extensions ['ignore', 'ignore_ament_install']
[3.593s] Level 1:colcon.colcon_core.package_identification:_identify(log) by extension 'ignore'
[3.593s] Level 1:colcon.colcon_core.package_identification:_identify(log) ignored
[3.593s] Level 1:colcon.colcon_core.package_identification:_identify(src) by extensions ['ignore', 'ignore_ament_install']
[3.593s] Level 1:colcon.colcon_core.package_identification:_identify(src) by extension 'ignore'
[3.593s] Level 1:colcon.colcon_core.package_identification:_identify(src) by extension 'ignore_ament_install'
[3.593s] Level 1:colcon.colcon_core.package_identification:_identify(src) by extensions ['colcon_pkg']
[3.593s] Level 1:colcon.colcon_core.package_identification:_identify(src) by extension 'colcon_pkg'
[3.593s] Level 1:colcon.colcon_core.package_identification:_identify(src) by extensions ['colcon_meta']
[3.594s] Level 1:colcon.colcon_core.package_identification:_identify(src) by extension 'colcon_meta'
[3.594s] Level 1:colcon.colcon_core.package_identification:_identify(src) by extensions ['ros']
[3.594s] Level 1:colcon.colcon_core.package_identification:_identify(src) by extension 'ros'
[3.594s] Level 1:colcon.colcon_core.package_identification:_identify(src) by extensions ['cmake', 'python']
[3.594s] Level 1:colcon.colcon_core.package_identification:_identify(src) by extension 'cmake'
[3.594s] Level 1:colcon.colcon_core.package_identification:_identify(src) by extension 'python'
[3.594s] Level 1:colcon.colcon_core.package_identification:_identify(src) by extensions ['python_setup_py']
[3.594s] Level 1:colcon.colcon_core.package_identification:_identify(src) by extension 'python_setup_py'
[3.594s] Level 1:colcon.colcon_core.package_identification:_identify(src/robot_description) by extensions ['ignore', 'ignore_ament_install']
[3.594s] Level 1:colcon.colcon_core.package_identification:_identify(src/robot_description) by extension 'ignore'
[3.594s] Level 1:colcon.colcon_core.package_identification:_identify(src/robot_description) by extension 'ignore_ament_install'
[3.594s] Level 1:colcon.colcon_core.package_identification:_identify(src/robot_description) by extensions ['colcon_pkg']
[3.594s] Level 1:colcon.colcon_core.package_identification:_identify(src/robot_description) by extension 'colcon_pkg'
[3.594s] Level 1:colcon.colcon_core.package_identification:_identify(src/robot_description) by extensions ['colcon_meta']
[3.594s] Level 1:colcon.colcon_core.package_identification:_identify(src/robot_description) by extension 'colcon_meta'
[3.594s] Level 1:colcon.colcon_core.package_identification:_identify(src/robot_description) by extensions ['ros']
[3.595s] Level 1:colcon.colcon_core.package_identification:_identify(src/robot_description) by extension 'ros'
[3.612s] DEBUG:colcon.colcon_core.package_identification:Package 'src/robot_description' with type 'ros.ament_python' and name 'robot_description'
[3.612s] Level 1:colcon.colcon_core.package_identification:_identify(src/robot_motion) by extensions ['ignore', 'ignore_ament_install']
[3.613s] Level 1:colcon.colcon_core.package_identification:_identify(src/robot_motion) by extension 'ignore'
[3.613s] Level 1:colcon.colcon_core.package_identification:_identify(src/robot_motion) by extension 'ignore_ament_install'
[3.613s] Level 1:colcon.colcon_core.package_identification:_identify(src/robot_motion) by extensions ['colcon_pkg']
[3.613s] Level 1:colcon.colcon_core.package_identification:_identify(src/robot_motion) by extension 'colcon_pkg'
[3.613s] Level 1:colcon.colcon_core.package_identification:_identify(src/robot_motion) by extensions ['colcon_meta']
[3.613s] Level 1:colcon.colcon_core.package_identification:_identify(src/robot_motion) by extension 'colcon_meta'
[3.613s] Level 1:colcon.colcon_core.package_identification:_identify(src/robot_motion) by extensions ['ros']
[3.614s] Level 1:colcon.colcon_core.package_identification:_identify(src/robot_motion) by extension 'ros'
[3.615s] DEBUG:colcon.colcon_core.package_identification:Package 'src/robot_motion' with type 'ros.ament_python' and name 'robot_motion'
[3.615s] Level 1:colcon.colcon_core.package_discovery:discover_packages(recursive) using defaults
[3.615s] Level 1:colcon.colcon_core.package_discovery:discover_packages(ignore) discover
[3.615s] Level 1:colcon.colcon_core.package_discovery:discover_packages(ignore) using defaults
[3.615s] Level 1:colcon.colcon_core.package_discovery:discover_packages(path) discover
[3.615s] Level 1:colcon.colcon_core.package_discovery:discover_packages(path) using defaults
[3.880s] INFO:colcon.colcon_core.package_selection:Skipping package 'robot_description' in 'src/robot_description'
[3.973s] Level 1:colcon.colcon_core.package_discovery:discover_packages(prefix_path) check parameters
[3.973s] Level 1:colcon.colcon_core.package_discovery:discover_packages(prefix_path) discover
[4.069s] DEBUG:colcon.colcon_installed_package_information.package_discovery:Found 4 installed packages in /home/daniel/workspaces/tfm_ws/install
[4.118s] DEBUG:colcon.colcon_installed_package_information.package_discovery:Found 291 installed packages in /opt/ros/foxy
[4.119s] Level 1:colcon.colcon_core.package_discovery:discover_packages(prefix_path) using defaults
[4.857s] Level 5:colcon.colcon_core.verb:set package 'robot_motion' build argument 'cmake_args' from command line to 'None'
[4.857s] Level 5:colcon.colcon_core.verb:set package 'robot_motion' build argument 'cmake_target' from command line to 'None'
[4.857s] Level 5:colcon.colcon_core.verb:set package 'robot_motion' build argument 'cmake_target_skip_unavailable' from command line to 'False'
[4.858s] Level 5:colcon.colcon_core.verb:set package 'robot_motion' build argument 'cmake_clean_cache' from command line to 'False'
[4.858s] Level 5:colcon.colcon_core.verb:set package 'robot_motion' build argument 'cmake_clean_first' from command line to 'False'
[4.858s] Level 5:colcon.colcon_core.verb:set package 'robot_motion' build argument 'cmake_force_configure' from command line to 'False'
[4.858s] Level 5:colcon.colcon_core.verb:set package 'robot_motion' build argument 'ament_cmake_args' from command line to 'None'
[4.858s] Level 5:colcon.colcon_core.verb:set package 'robot_motion' build argument 'catkin_cmake_args' from command line to 'None'
[4.858s] Level 5:colcon.colcon_core.verb:set package 'robot_motion' build argument 'catkin_skip_building_tests' from command line to 'False'
[4.858s] DEBUG:colcon.colcon_core.verb:Building package 'robot_motion' with the following arguments: {'ament_cmake_args': None, 'build_base': '/home/daniel/workspaces/tfm_ws/build/robot_motion', 'catkin_cmake_args': None, 'catkin_skip_building_tests': False, 'cmake_args': None, 'cmake_clean_cache': False, 'cmake_clean_first': False, 'cmake_force_configure': False, 'cmake_target': None, 'cmake_target_skip_unavailable': False, 'install_base': '/home/daniel/workspaces/tfm_ws/install/robot_motion', 'merge_install': False, 'path': '/home/daniel/workspaces/tfm_ws/src/robot_motion', 'symlink_install': True, 'test_result_base': None}
[4.903s] INFO:colcon.colcon_core.executor:Executing jobs using 'parallel' executor
[4.951s] DEBUG:colcon.colcon_parallel_executor.executor.parallel:run_until_complete
[4.952s] INFO:colcon.colcon_ros.task.ament_python.build:Building ROS package in '/home/daniel/workspaces/tfm_ws/src/robot_motion' with build type 'ament_python'
[4.952s] Level 1:colcon.colcon_core.shell:create_environment_hook('robot_motion', 'ament_prefix_path')
[5.319s] INFO:colcon.colcon_core.plugin_system:Skipping extension 'colcon_core.shell.bat': Not used on non-Windows systems
[5.320s] INFO:colcon.colcon_core.shell:Creating environment hook '/home/daniel/workspaces/tfm_ws/install/robot_motion/share/robot_motion/hook/ament_prefix_path.ps1'
[5.329s] INFO:colcon.colcon_core.shell:Creating environment descriptor '/home/daniel/workspaces/tfm_ws/install/robot_motion/share/robot_motion/hook/ament_prefix_path.dsv'
[5.346s] INFO:colcon.colcon_core.shell:Creating environment hook '/home/daniel/workspaces/tfm_ws/install/robot_motion/share/robot_motion/hook/ament_prefix_path.sh'
[5.427s] INFO:colcon.colcon_core.shell:Skip shell extension 'powershell' for command environment: Not usable outside of PowerShell
[5.427s] DEBUG:colcon.colcon_core.shell:Skip shell extension 'dsv' for command environment
[5.825s] INFO:colcon.colcon_core.task.python.build:Building Python package in '/home/daniel/workspaces/tfm_ws/src/robot_motion'
[5.875s] INFO:colcon.colcon_core.shell:Skip shell extension 'powershell' for command environment: Not usable outside of PowerShell
[5.875s] DEBUG:colcon.colcon_core.shell:Skip shell extension 'dsv' for command environment
[7.638s] DEBUG:colcon.colcon_core.event_handler.log_command:Invoking command in '/home/daniel/workspaces/tfm_ws/build/robot_motion': PYTHONPATH=/home/daniel/workspaces/tfm_ws/build/robot_motion/prefix_override:/home/daniel/workspaces/tfm_ws/install/robot_motion/lib/python3.8/site-packages:${PYTHONPATH} /usr/bin/python3 setup.py develop --editable --build-directory /home/daniel/workspaces/tfm_ws/build/robot_motion/build --no-deps install_data
[8.200s] Level 1:colcon.colcon_core.shell:create_environment_hook('robot_motion', 'pythonpath_develop')
[8.200s] DEBUG:colcon.colcon_core.event_handler.log_command:Invoked command in '/home/daniel/workspaces/tfm_ws/build/robot_motion' returned '0': PYTHONPATH=/home/daniel/workspaces/tfm_ws/build/robot_motion/prefix_override:/home/daniel/workspaces/tfm_ws/install/robot_motion/lib/python3.8/site-packages:${PYTHONPATH} /usr/bin/python3 setup.py develop --editable --build-directory /home/daniel/workspaces/tfm_ws/build/robot_motion/build --no-deps install_data
[8.249s] INFO:colcon.colcon_core.shell:Creating environment hook '/home/daniel/workspaces/tfm_ws/build/robot_motion/share/robot_motion/hook/pythonpath_develop.ps1'
[8.249s] INFO:colcon.colcon_core.shell:Creating environment descriptor '/home/daniel/workspaces/tfm_ws/build/robot_motion/share/robot_motion/hook/pythonpath_develop.dsv'
[8.250s] INFO:colcon.colcon_core.shell:Creating environment hook '/home/daniel/workspaces/tfm_ws/build/robot_motion/share/robot_motion/hook/pythonpath_develop.sh'
[8.339s] Level 1:colcon.colcon_core.environment:checking '/home/daniel/workspaces/tfm_ws/install/robot_motion' for CMake module files
[8.339s] Level 1:colcon.colcon_core.environment:checking '/home/daniel/workspaces/tfm_ws/install/robot_motion' for CMake config files
[8.340s] Level 1:colcon.colcon_core.environment:checking '/home/daniel/workspaces/tfm_ws/install/robot_motion/lib'
[8.340s] Level 1:colcon.colcon_core.environment:checking '/home/daniel/workspaces/tfm_ws/install/robot_motion/bin'
[8.340s] Level 1:colcon.colcon_core.environment:checking '/home/daniel/workspaces/tfm_ws/install/robot_motion/lib/pkgconfig/robot_motion.pc'
[8.340s] Level 1:colcon.colcon_core.environment:checking '/home/daniel/workspaces/tfm_ws/install/robot_motion/lib/python3.8/site-packages'
[8.340s] Level 1:colcon.colcon_core.shell:create_environment_hook('robot_motion', 'pythonpath')
[8.389s] INFO:colcon.colcon_core.shell:Creating environment hook '/home/daniel/workspaces/tfm_ws/install/robot_motion/share/robot_motion/hook/pythonpath.ps1'
[8.389s] INFO:colcon.colcon_core.shell:Creating environment descriptor '/home/daniel/workspaces/tfm_ws/install/robot_motion/share/robot_motion/hook/pythonpath.dsv'
[8.390s] INFO:colcon.colcon_core.shell:Creating environment hook '/home/daniel/workspaces/tfm_ws/install/robot_motion/share/robot_motion/hook/pythonpath.sh'
[8.390s] Level 1:colcon.colcon_core.environment:checking '/home/daniel/workspaces/tfm_ws/install/robot_motion/bin'
[8.390s] Level 1:colcon.colcon_core.environment:create_environment_scripts_only(robot_motion)
[8.439s] INFO:colcon.colcon_core.shell:Creating package script '/home/daniel/workspaces/tfm_ws/install/robot_motion/share/robot_motion/package.ps1'
[8.445s] INFO:colcon.colcon_core.shell:Creating package descriptor '/home/daniel/workspaces/tfm_ws/install/robot_motion/share/robot_motion/package.dsv'
[8.454s] INFO:colcon.colcon_core.shell:Creating package script '/home/daniel/workspaces/tfm_ws/install/robot_motion/share/robot_motion/package.sh'
[8.455s] INFO:colcon.colcon_core.shell:Creating package script '/home/daniel/workspaces/tfm_ws/install/robot_motion/share/robot_motion/package.bash'
[8.469s] INFO:colcon.colcon_core.shell:Creating package script '/home/daniel/workspaces/tfm_ws/install/robot_motion/share/robot_motion/package.zsh'
[8.482s] Level 1:colcon.colcon_core.environment:create_file_with_runtime_dependencies(/home/daniel/workspaces/tfm_ws/install/robot_motion/share/colcon-core/packages/robot_motion)
[8.483s] DEBUG:colcon.colcon_parallel_executor.executor.parallel:closing loop
[8.484s] DEBUG:colcon.colcon_parallel_executor.executor.parallel:loop closed
[8.484s] DEBUG:colcon.colcon_parallel_executor.executor.parallel:run_until_complete finished with '0'
[8.484s] DEBUG:colcon.colcon_core.event_reactor:joining thread
[8.574s] INFO:colcon.colcon_core.plugin_system:Skipping extension 'colcon_notification.desktop_notification.terminal_notifier': Not used on non-Darwin systems
[8.574s] INFO:colcon.colcon_core.plugin_system:Skipping extension 'colcon_notification.desktop_notification.win32': Not used on non-Windows systems
[8.574s] INFO:colcon.colcon_notification.desktop_notification:Sending desktop notification using 'notify2'
[8.613s] DEBUG:colcon.colcon_core.event_reactor:joined thread
[8.674s] INFO:colcon.colcon_core.shell:Creating prefix script '/home/daniel/workspaces/tfm_ws/install/local_setup.ps1'
[8.675s] INFO:colcon.colcon_core.shell:Creating prefix util module '/home/daniel/workspaces/tfm_ws/install/_local_setup_util_ps1.py'
[8.677s] INFO:colcon.colcon_core.shell:Creating prefix chain script '/home/daniel/workspaces/tfm_ws/install/setup.ps1'
[8.726s] INFO:colcon.colcon_core.shell:Creating prefix script '/home/daniel/workspaces/tfm_ws/install/local_setup.sh'
[8.726s] INFO:colcon.colcon_core.shell:Creating prefix util module '/home/daniel/workspaces/tfm_ws/install/_local_setup_util_sh.py'
[8.727s] INFO:colcon.colcon_core.shell:Creating prefix chain script '/home/daniel/workspaces/tfm_ws/install/setup.sh'
[8.777s] INFO:colcon.colcon_core.shell:Creating prefix script '/home/daniel/workspaces/tfm_ws/install/local_setup.bash'
[8.778s] INFO:colcon.colcon_core.shell:Creating prefix chain script '/home/daniel/workspaces/tfm_ws/install/setup.bash'
[8.827s] INFO:colcon.colcon_core.shell:Creating prefix script '/home/daniel/workspaces/tfm_ws/install/local_setup.zsh'
[8.828s] INFO:colcon.colcon_core.shell:Creating prefix chain script '/home/daniel/workspaces/tfm_ws/install/setup.zsh'
