[0.451s] Invoking command in '/home/daniel/workspaces/tfm_ws/build/mir_description': /usr/bin/cmake /home/daniel/workspaces/tfm_ws/src/mir_description -DCATKIN_INSTALL_INTO_PREFIX_ROOT=0 -DCMAKE_INSTALL_PREFIX=/home/daniel/workspaces/tfm_ws/install/mir_description
[0.506s] -- The C compiler identification is GNU 9.4.0
[0.561s] -- The CXX compiler identification is GNU 9.4.0
[0.565s] -- Check for working C compiler: /usr/bin/cc
[0.634s] -- Check for working C compiler: /usr/bin/cc -- works
[0.635s] -- Detecting C compiler ABI info
[0.708s] -- Detecting C compiler ABI info - done
[0.722s] -- Detecting C compile features
[0.723s] -- Detecting C compile features - done
[0.724s] -- Check for working CXX compiler: /usr/bin/c++
[0.806s] -- Check for working CXX compiler: /usr/bin/c++ -- works
[0.806s] -- Detecting CXX compiler ABI info
[0.888s] -- Detecting CXX compiler ABI info - done
[0.899s] -- Detecting CXX compile features
[0.899s] -- Detecting CXX compile features - done
[0.941s] CMake Error at CMakeLists.txt:5 (find_package):
[0.941s]   By not providing "Findcatkin.cmake" in CMAKE_MODULE_PATH this project has
[0.941s]   asked CMake to find a package configuration file provided by "catkin", but
[0.942s]   CMake did not find one.
[0.942s] 
[0.942s]   Could not find a package configuration file provided by "catkin" with any
[0.944s]   of the following names:
[0.944s] 
[0.944s]     catkinConfig.cmake
[0.944s]     catkin-config.cmake
[0.944s] 
[0.945s]   Add the installation prefix of "catkin" to CMAKE_PREFIX_PATH or set
[0.945s]   "catkin_DIR" to a directory containing one of the above files.  If "catkin"
[0.945s]   provides a separate development package or SDK, be sure it has been
[0.945s]   installed.
[0.945s] 
[0.946s] 
[0.946s] -- Configuring incomplete, errors occurred!
[0.946s] See also "/home/daniel/workspaces/tfm_ws/build/mir_description/CMakeFiles/CMakeOutput.log".
[0.957s] Invoked command in '/home/daniel/workspaces/tfm_ws/build/mir_description' returned '1': /usr/bin/cmake /home/daniel/workspaces/tfm_ws/src/mir_description -DCATKIN_INSTALL_INTO_PREFIX_ROOT=0 -DCMAKE_INSTALL_PREFIX=/home/daniel/workspaces/tfm_ws/install/mir_description
