[1.125s] Invoking command in '/home/daniel/workspaces/tfm_ws/src/robot_description': PYTHONPATH=/home/daniel/workspaces/tfm_ws/build/robot_description/prefix_override:/home/daniel/workspaces/tfm_ws/install/robot_description/lib/python3.8/site-packages:${PYTHONPATH} /usr/bin/python3 setup.py egg_info --egg-base ../../build/robot_description build --build-base /home/daniel/workspaces/tfm_ws/build/robot_description/build install --record /home/daniel/workspaces/tfm_ws/build/robot_description/install.log --install-scripts $base/lib/robot_description --single-version-externally-managed
[1.346s] running egg_info
[1.346s] writing ../../build/robot_description/robot_description.egg-info/PKG-INFO
[1.346s] writing dependency_links to ../../build/robot_description/robot_description.egg-info/dependency_links.txt
[1.347s] writing entry points to ../../build/robot_description/robot_description.egg-info/entry_points.txt
[1.347s] writing requirements to ../../build/robot_description/robot_description.egg-info/requires.txt
[1.347s] writing top-level names to ../../build/robot_description/robot_description.egg-info/top_level.txt
[1.380s] reading manifest file '../../build/robot_description/robot_description.egg-info/SOURCES.txt'
[1.382s] writing manifest file '../../build/robot_description/robot_description.egg-info/SOURCES.txt'
[1.382s] running build
[1.382s] running build_py
[1.382s] running install
[1.383s] running install_lib
[1.384s] running install_data
[1.384s] copying description/base/gazebo_control2.xacro -> /home/daniel/workspaces/tfm_ws/install/robot_description/share/robot_description/description/base
[1.385s] running install_egg_info
[1.387s] removing '/home/daniel/workspaces/tfm_ws/install/robot_description/lib/python3.8/site-packages/robot_description-0.0.0-py3.8.egg-info' (and everything under it)
[1.387s] Copying ../../build/robot_description/robot_description.egg-info to /home/daniel/workspaces/tfm_ws/install/robot_description/lib/python3.8/site-packages/robot_description-0.0.0-py3.8.egg-info
[1.388s] running install_scripts
[1.403s] writing list of installed files to '/home/daniel/workspaces/tfm_ws/build/robot_description/install.log'
[1.422s] Invoked command in '/home/daniel/workspaces/tfm_ws/src/robot_description' returned '0': PYTHONPATH=/home/daniel/workspaces/tfm_ws/build/robot_description/prefix_override:/home/daniel/workspaces/tfm_ws/install/robot_description/lib/python3.8/site-packages:${PYTHONPATH} /usr/bin/python3 setup.py egg_info --egg-base ../../build/robot_description build --build-base /home/daniel/workspaces/tfm_ws/build/robot_description/build install --record /home/daniel/workspaces/tfm_ws/build/robot_description/install.log --install-scripts $base/lib/robot_description --single-version-externally-managed
