/home/daniel/workspaces/tfm_ws/install/mir_description_2/lib/python3.8/site-packages/mir_description_2/__init__.py
/home/daniel/workspaces/tfm_ws/install/mir_description_2/lib/python3.8/site-packages/mir_description_2/__pycache__/__init__.cpython-38.pyc
/home/daniel/workspaces/tfm_ws/install/mir_description_2/share/ament_index/resource_index/packages/mir_description_2
/home/daniel/workspaces/tfm_ws/install/mir_description_2/share/mir_description_2/package.xml
/home/daniel/workspaces/tfm_ws/install/mir_description_2/share/mir_description_2/launch/upload_mir_urdf.launch
/home/daniel/workspaces/tfm_ws/install/mir_description_2/share/mir_description_2/launch/rsp.launch.py
/home/daniel/workspaces/tfm_ws/install/mir_description_2/share/mir_description_2/launch/mir_debug_urdf.launch
/home/daniel/workspaces/tfm_ws/install/mir_description_2/share/mir_description_2/config/diffdrive_controller.yaml
/home/daniel/workspaces/tfm_ws/install/mir_description_2/share/mir_description_2/config/joint_state_controller.yaml
/home/daniel/workspaces/tfm_ws/install/mir_description_2/share/mir_description_2/meshes/visual/caster_wheel_base.stl
/home/daniel/workspaces/tfm_ws/install/mir_description_2/share/mir_description_2/meshes/visual/sick_lms-100.stl
/home/daniel/workspaces/tfm_ws/install/mir_description_2/share/mir_description_2/meshes/visual/mir_100_base.stl
/home/daniel/workspaces/tfm_ws/install/mir_description_2/share/mir_description_2/meshes/visual/wheel.stl
/home/daniel/workspaces/tfm_ws/install/mir_description_2/share/mir_description_2/meshes/collision/caster_wheel_base.stl
/home/daniel/workspaces/tfm_ws/install/mir_description_2/share/mir_description_2/meshes/collision/mir_100_base.stl
/home/daniel/workspaces/tfm_ws/install/mir_description_2/share/mir_description_2/rviz/mir_description.rviz
/home/daniel/workspaces/tfm_ws/install/mir_description_2/share/mir_description_2/urdf/mir.urdf.xacro
/home/daniel/workspaces/tfm_ws/install/mir_description_2/share/mir_description_2/urdf/include/common_properties.urdf.xacro
/home/daniel/workspaces/tfm_ws/install/mir_description_2/share/mir_description_2/urdf/include/imu.gazebo.urdf.xacro
/home/daniel/workspaces/tfm_ws/install/mir_description_2/share/mir_description_2/urdf/include/common.gazebo.xacro
/home/daniel/workspaces/tfm_ws/install/mir_description_2/share/mir_description_2/urdf/include/mir_100_v1.urdf.xacro
/home/daniel/workspaces/tfm_ws/install/mir_description_2/share/mir_description_2/urdf/include/mir_100.gazebo.xacro
/home/daniel/workspaces/tfm_ws/install/mir_description_2/share/mir_description_2/urdf/include/mir_100.transmission.xacro
/home/daniel/workspaces/tfm_ws/install/mir_description_2/share/mir_description_2/urdf/include/sick_s300.urdf.xacro
/home/daniel/workspaces/tfm_ws/install/mir_description_2/lib/python3.8/site-packages/mir_description_2-0.0.0-py3.8.egg-info/dependency_links.txt
/home/daniel/workspaces/tfm_ws/install/mir_description_2/lib/python3.8/site-packages/mir_description_2-0.0.0-py3.8.egg-info/top_level.txt
/home/daniel/workspaces/tfm_ws/install/mir_description_2/lib/python3.8/site-packages/mir_description_2-0.0.0-py3.8.egg-info/zip-safe
/home/daniel/workspaces/tfm_ws/install/mir_description_2/lib/python3.8/site-packages/mir_description_2-0.0.0-py3.8.egg-info/PKG-INFO
/home/daniel/workspaces/tfm_ws/install/mir_description_2/lib/python3.8/site-packages/mir_description_2-0.0.0-py3.8.egg-info/entry_points.txt
/home/daniel/workspaces/tfm_ws/install/mir_description_2/lib/python3.8/site-packages/mir_description_2-0.0.0-py3.8.egg-info/requires.txt
/home/daniel/workspaces/tfm_ws/install/mir_description_2/lib/python3.8/site-packages/mir_description_2-0.0.0-py3.8.egg-info/SOURCES.txt
