[1.090s] Invoking command in '/home/daniel/workspaces/tfm_ws/build/robot_description': PYTHONPATH=/home/daniel/workspaces/tfm_ws/build/robot_description/prefix_override:/home/daniel/workspaces/tfm_ws/install/robot_description/lib/python3.8/site-packages:${PYTHONPATH} /usr/bin/python3 setup.py develop --uninstall --editable --build-directory /home/daniel/workspaces/tfm_ws/build/robot_description/build
[1.335s] running develop
[1.491s] Removing /home/daniel/workspaces/tfm_ws/install/robot_description/lib/python3.8/site-packages/robot-description.egg-link (link to .)
[1.512s] Invoked command in '/home/daniel/workspaces/tfm_ws/build/robot_description' returned '0': PYTHONPATH=/home/daniel/workspaces/tfm_ws/build/robot_description/prefix_override:/home/daniel/workspaces/tfm_ws/install/robot_description/lib/python3.8/site-packages:${PYTHONPATH} /usr/bin/python3 setup.py develop --uninstall --editable --build-directory /home/daniel/workspaces/tfm_ws/build/robot_description/build
[1.513s] Invoking command in '/home/daniel/workspaces/tfm_ws/src/robot_description': PYTHONPATH=/home/daniel/workspaces/tfm_ws/build/robot_description/prefix_override:/home/daniel/workspaces/tfm_ws/install/robot_description/lib/python3.8/site-packages:${PYTHONPATH} /usr/bin/python3 setup.py egg_info --egg-base ../../build/robot_description build --build-base /home/daniel/workspaces/tfm_ws/build/robot_description/build install --record /home/daniel/workspaces/tfm_ws/build/robot_description/install.log --install-scripts $base/lib/robot_description --single-version-externally-managed
[1.738s] running egg_info
[1.738s] writing ../../build/robot_description/robot_description.egg-info/PKG-INFO
[1.739s] writing dependency_links to ../../build/robot_description/robot_description.egg-info/dependency_links.txt
[1.739s] writing entry points to ../../build/robot_description/robot_description.egg-info/entry_points.txt
[1.739s] writing requirements to ../../build/robot_description/robot_description.egg-info/requires.txt
[1.739s] writing top-level names to ../../build/robot_description/robot_description.egg-info/top_level.txt
[1.770s] reading manifest file '../../build/robot_description/robot_description.egg-info/SOURCES.txt'
[1.772s] writing manifest file '../../build/robot_description/robot_description.egg-info/SOURCES.txt'
[1.772s] running build
[1.772s] running build_py
[1.772s] running install
[1.773s] running install_lib
[1.774s] creating /home/daniel/workspaces/tfm_ws/install/robot_description/lib/python3.8/site-packages/robot_description
[1.774s] copying /home/daniel/workspaces/tfm_ws/build/robot_description/build/lib/robot_description/__init__.py -> /home/daniel/workspaces/tfm_ws/install/robot_description/lib/python3.8/site-packages/robot_description
[1.774s] byte-compiling /home/daniel/workspaces/tfm_ws/install/robot_description/lib/python3.8/site-packages/robot_description/__init__.py to __init__.cpython-38.pyc
[1.776s] running install_data
[1.776s] copying description/base/gazebo_control2.xacro -> /home/daniel/workspaces/tfm_ws/install/robot_description/share/robot_description/description/base
[1.777s] running install_egg_info
[1.779s] Copying ../../build/robot_description/robot_description.egg-info to /home/daniel/workspaces/tfm_ws/install/robot_description/lib/python3.8/site-packages/robot_description-0.0.0-py3.8.egg-info
[1.779s] running install_scripts
[1.795s] writing list of installed files to '/home/daniel/workspaces/tfm_ws/build/robot_description/install.log'
[1.813s] Invoked command in '/home/daniel/workspaces/tfm_ws/src/robot_description' returned '0': PYTHONPATH=/home/daniel/workspaces/tfm_ws/build/robot_description/prefix_override:/home/daniel/workspaces/tfm_ws/install/robot_description/lib/python3.8/site-packages:${PYTHONPATH} /usr/bin/python3 setup.py egg_info --egg-base ../../build/robot_description build --build-base /home/daniel/workspaces/tfm_ws/build/robot_description/build install --record /home/daniel/workspaces/tfm_ws/build/robot_description/install.log --install-scripts $base/lib/robot_description --single-version-externally-managed
