[2.648s] DEBUG:colcon:Command line arguments: ['/usr/bin/colcon', 'build', '--packages-up-to', 'robot_description']
[2.649s] DEBUG:colcon:Parsed command line arguments: Namespace(allow_overriding=[], ament_cmake_args=None, base_paths=['.'], build_base='build', catkin_cmake_args=None, catkin_skip_building_tests=False, cmake_args=None, cmake_clean_cache=False, cmake_clean_first=False, cmake_force_configure=False, cmake_target=None, cmake_target_skip_unavailable=False, continue_on_error=False, event_handlers=None, executor='parallel', ignore_user_meta=False, install_base='install', log_base=None, log_level=None, main=<bound method BuildVerb.main of <colcon_core.verb.build.BuildVerb object at 0x7f5c86443730>>, merge_install=False, metas=['./colcon.meta'], packages_above=None, packages_above_and_dependencies=None, packages_above_depth=None, packages_end=None, packages_ignore=None, packages_ignore_regex=None, packages_select=None, packages_select_build_failed=False, packages_select_by_dep=None, packages_select_regex=None, packages_select_test_failures=False, packages_skip=None, packages_skip_build_finished=False, packages_skip_by_dep=None, packages_skip_regex=None, packages_skip_test_passed=False, packages_skip_up_to=None, packages_start=None, packages_up_to=['robot_description'], packages_up_to_regex=None, parallel_workers=8, paths=None, symlink_install=False, test_result_base=None, verb_extension=<colcon_core.verb.build.BuildVerb object at 0x7f5c86443730>, verb_name='build', verb_parser=<colcon_defaults.argument_parser.defaults.DefaultArgumentsDecorator object at 0x7f5c86443c40>)
[2.768s] Level 1:colcon.colcon_core.package_discovery:discover_packages(colcon_meta) check parameters
[2.768s] Level 1:colcon.colcon_core.package_discovery:discover_packages(recursive) check parameters
[2.768s] Level 1:colcon.colcon_core.package_discovery:discover_packages(ignore) check parameters
[2.768s] Level 1:colcon.colcon_core.package_discovery:discover_packages(path) check parameters
[2.768s] Level 1:colcon.colcon_core.package_discovery:discover_packages(colcon_meta) discover
[2.769s] Level 1:colcon.colcon_core.package_discovery:discover_packages(recursive) discover
[2.769s] INFO:colcon.colcon_core.package_discovery:Crawling recursively for packages in '/home/daniel/workspaces/tfm_ws'
[2.769s] Level 1:colcon.colcon_core.package_identification:_identify(.) by extensions ['ignore', 'ignore_ament_install']
[2.769s] Level 1:colcon.colcon_core.package_identification:_identify(.) by extension 'ignore'
[2.769s] Level 1:colcon.colcon_core.package_identification:_identify(.) by extension 'ignore_ament_install'
[2.769s] Level 1:colcon.colcon_core.package_identification:_identify(.) by extensions ['colcon_pkg']
[2.769s] Level 1:colcon.colcon_core.package_identification:_identify(.) by extension 'colcon_pkg'
[2.769s] Level 1:colcon.colcon_core.package_identification:_identify(.) by extensions ['colcon_meta']
[2.769s] Level 1:colcon.colcon_core.package_identification:_identify(.) by extension 'colcon_meta'
[2.769s] Level 1:colcon.colcon_core.package_identification:_identify(.) by extensions ['ros']
[2.769s] Level 1:colcon.colcon_core.package_identification:_identify(.) by extension 'ros'
[2.779s] Level 1:colcon.colcon_core.package_identification:_identify(.) by extensions ['cmake', 'python']
[2.779s] Level 1:colcon.colcon_core.package_identification:_identify(.) by extension 'cmake'
[2.779s] Level 1:colcon.colcon_core.package_identification:_identify(.) by extension 'python'
[2.779s] Level 1:colcon.colcon_core.package_identification:_identify(.) by extensions ['python_setup_py']
[2.779s] Level 1:colcon.colcon_core.package_identification:_identify(.) by extension 'python_setup_py'
[2.779s] Level 1:colcon.colcon_core.package_identification:_identify(build) by extensions ['ignore', 'ignore_ament_install']
[2.779s] Level 1:colcon.colcon_core.package_identification:_identify(build) by extension 'ignore'
[2.779s] Level 1:colcon.colcon_core.package_identification:_identify(build) ignored
[2.780s] Level 1:colcon.colcon_core.package_identification:_identify(install) by extensions ['ignore', 'ignore_ament_install']
[2.780s] Level 1:colcon.colcon_core.package_identification:_identify(install) by extension 'ignore'
[2.780s] Level 1:colcon.colcon_core.package_identification:_identify(install) ignored
[2.780s] Level 1:colcon.colcon_core.package_identification:_identify(log) by extensions ['ignore', 'ignore_ament_install']
[2.780s] Level 1:colcon.colcon_core.package_identification:_identify(log) by extension 'ignore'
[2.780s] Level 1:colcon.colcon_core.package_identification:_identify(log) ignored
[2.780s] Level 1:colcon.colcon_core.package_identification:_identify(src) by extensions ['ignore', 'ignore_ament_install']
[2.780s] Level 1:colcon.colcon_core.package_identification:_identify(src) by extension 'ignore'
[2.780s] Level 1:colcon.colcon_core.package_identification:_identify(src) by extension 'ignore_ament_install'
[2.780s] Level 1:colcon.colcon_core.package_identification:_identify(src) by extensions ['colcon_pkg']
[2.781s] Level 1:colcon.colcon_core.package_identification:_identify(src) by extension 'colcon_pkg'
[2.781s] Level 1:colcon.colcon_core.package_identification:_identify(src) by extensions ['colcon_meta']
[2.781s] Level 1:colcon.colcon_core.package_identification:_identify(src) by extension 'colcon_meta'
[2.781s] Level 1:colcon.colcon_core.package_identification:_identify(src) by extensions ['ros']
[2.781s] Level 1:colcon.colcon_core.package_identification:_identify(src) by extension 'ros'
[2.781s] Level 1:colcon.colcon_core.package_identification:_identify(src) by extensions ['cmake', 'python']
[2.781s] Level 1:colcon.colcon_core.package_identification:_identify(src) by extension 'cmake'
[2.781s] Level 1:colcon.colcon_core.package_identification:_identify(src) by extension 'python'
[2.781s] Level 1:colcon.colcon_core.package_identification:_identify(src) by extensions ['python_setup_py']
[2.781s] Level 1:colcon.colcon_core.package_identification:_identify(src) by extension 'python_setup_py'
[2.781s] Level 1:colcon.colcon_core.package_identification:_identify(src/articubot_one) by extensions ['ignore', 'ignore_ament_install']
[2.781s] Level 1:colcon.colcon_core.package_identification:_identify(src/articubot_one) by extension 'ignore'
[2.781s] Level 1:colcon.colcon_core.package_identification:_identify(src/articubot_one) by extension 'ignore_ament_install'
[2.781s] Level 1:colcon.colcon_core.package_identification:_identify(src/articubot_one) by extensions ['colcon_pkg']
[2.781s] Level 1:colcon.colcon_core.package_identification:_identify(src/articubot_one) by extension 'colcon_pkg'
[2.781s] Level 1:colcon.colcon_core.package_identification:_identify(src/articubot_one) by extensions ['colcon_meta']
[2.781s] Level 1:colcon.colcon_core.package_identification:_identify(src/articubot_one) by extension 'colcon_meta'
[2.781s] Level 1:colcon.colcon_core.package_identification:_identify(src/articubot_one) by extensions ['ros']
[2.781s] Level 1:colcon.colcon_core.package_identification:_identify(src/articubot_one) by extension 'ros'
[2.783s] DEBUG:colcon.colcon_core.package_identification:Package 'src/articubot_one' with type 'ros.ament_cmake' and name 'articubot_one'
[2.784s] Level 1:colcon.colcon_core.package_identification:_identify(src/mir_description) by extensions ['ignore', 'ignore_ament_install']
[2.784s] Level 1:colcon.colcon_core.package_identification:_identify(src/mir_description) by extension 'ignore'
[2.784s] Level 1:colcon.colcon_core.package_identification:_identify(src/mir_description) by extension 'ignore_ament_install'
[2.784s] Level 1:colcon.colcon_core.package_identification:_identify(src/mir_description) by extensions ['colcon_pkg']
[2.784s] Level 1:colcon.colcon_core.package_identification:_identify(src/mir_description) by extension 'colcon_pkg'
[2.784s] Level 1:colcon.colcon_core.package_identification:_identify(src/mir_description) by extensions ['colcon_meta']
[2.784s] Level 1:colcon.colcon_core.package_identification:_identify(src/mir_description) by extension 'colcon_meta'
[2.784s] Level 1:colcon.colcon_core.package_identification:_identify(src/mir_description) by extensions ['ros']
[2.784s] Level 1:colcon.colcon_core.package_identification:_identify(src/mir_description) by extension 'ros'
[2.785s] DEBUG:colcon.colcon_core.package_identification:Package 'src/mir_description' with type 'ros.ament_python' and name 'mir_description'
[2.785s] Level 1:colcon.colcon_core.package_identification:_identify(src/robot_description) by extensions ['ignore', 'ignore_ament_install']
[2.785s] Level 1:colcon.colcon_core.package_identification:_identify(src/robot_description) by extension 'ignore'
[2.785s] Level 1:colcon.colcon_core.package_identification:_identify(src/robot_description) by extension 'ignore_ament_install'
[2.785s] Level 1:colcon.colcon_core.package_identification:_identify(src/robot_description) by extensions ['colcon_pkg']
[2.785s] Level 1:colcon.colcon_core.package_identification:_identify(src/robot_description) by extension 'colcon_pkg'
[2.785s] Level 1:colcon.colcon_core.package_identification:_identify(src/robot_description) by extensions ['colcon_meta']
[2.785s] Level 1:colcon.colcon_core.package_identification:_identify(src/robot_description) by extension 'colcon_meta'
[2.785s] Level 1:colcon.colcon_core.package_identification:_identify(src/robot_description) by extensions ['ros']
[2.785s] Level 1:colcon.colcon_core.package_identification:_identify(src/robot_description) by extension 'ros'
[2.786s] DEBUG:colcon.colcon_core.package_identification:Package 'src/robot_description' with type 'ros.ament_python' and name 'robot_description'
[2.786s] Level 1:colcon.colcon_core.package_discovery:discover_packages(recursive) using defaults
[2.786s] Level 1:colcon.colcon_core.package_discovery:discover_packages(ignore) discover
[2.786s] Level 1:colcon.colcon_core.package_discovery:discover_packages(ignore) using defaults
[2.786s] Level 1:colcon.colcon_core.package_discovery:discover_packages(path) discover
[2.786s] Level 1:colcon.colcon_core.package_discovery:discover_packages(path) using defaults
[2.936s] INFO:colcon.colcon_core.package_selection:Skipping package 'mir_description' in 'src/mir_description'
[2.936s] INFO:colcon.colcon_core.package_selection:Skipping package 'articubot_one' in 'src/articubot_one'
[3.027s] Level 1:colcon.colcon_core.package_discovery:discover_packages(prefix_path) check parameters
[3.027s] Level 1:colcon.colcon_core.package_discovery:discover_packages(prefix_path) discover
[3.118s] DEBUG:colcon.colcon_installed_package_information.package_discovery:Found 4 installed packages in /home/daniel/workspaces/tfm_ws/install
[3.165s] DEBUG:colcon.colcon_installed_package_information.package_discovery:Found 291 installed packages in /opt/ros/foxy
[3.166s] Level 1:colcon.colcon_core.package_discovery:discover_packages(prefix_path) using defaults
[3.347s] Level 5:colcon.colcon_core.verb:set package 'robot_description' build argument 'cmake_args' from command line to 'None'
[3.347s] Level 5:colcon.colcon_core.verb:set package 'robot_description' build argument 'cmake_target' from command line to 'None'
[3.347s] Level 5:colcon.colcon_core.verb:set package 'robot_description' build argument 'cmake_target_skip_unavailable' from command line to 'False'
[3.347s] Level 5:colcon.colcon_core.verb:set package 'robot_description' build argument 'cmake_clean_cache' from command line to 'False'
[3.347s] Level 5:colcon.colcon_core.verb:set package 'robot_description' build argument 'cmake_clean_first' from command line to 'False'
[3.347s] Level 5:colcon.colcon_core.verb:set package 'robot_description' build argument 'cmake_force_configure' from command line to 'False'
[3.347s] Level 5:colcon.colcon_core.verb:set package 'robot_description' build argument 'ament_cmake_args' from command line to 'None'
[3.347s] Level 5:colcon.colcon_core.verb:set package 'robot_description' build argument 'catkin_cmake_args' from command line to 'None'
[3.347s] Level 5:colcon.colcon_core.verb:set package 'robot_description' build argument 'catkin_skip_building_tests' from command line to 'False'
[3.347s] DEBUG:colcon.colcon_core.verb:Building package 'robot_description' with the following arguments: {'ament_cmake_args': None, 'build_base': '/home/daniel/workspaces/tfm_ws/build/robot_description', 'catkin_cmake_args': None, 'catkin_skip_building_tests': False, 'cmake_args': None, 'cmake_clean_cache': False, 'cmake_clean_first': False, 'cmake_force_configure': False, 'cmake_target': None, 'cmake_target_skip_unavailable': False, 'install_base': '/home/daniel/workspaces/tfm_ws/install/robot_description', 'merge_install': False, 'path': '/home/daniel/workspaces/tfm_ws/src/robot_description', 'symlink_install': False, 'test_result_base': None}
[3.392s] INFO:colcon.colcon_core.executor:Executing jobs using 'parallel' executor
[3.438s] DEBUG:colcon.colcon_parallel_executor.executor.parallel:run_until_complete
[3.438s] INFO:colcon.colcon_ros.task.ament_python.build:Building ROS package in '/home/daniel/workspaces/tfm_ws/src/robot_description' with build type 'ament_python'
[3.438s] Level 1:colcon.colcon_core.shell:create_environment_hook('robot_description', 'ament_prefix_path')
[3.488s] INFO:colcon.colcon_core.plugin_system:Skipping extension 'colcon_core.shell.bat': Not used on non-Windows systems
[3.488s] INFO:colcon.colcon_core.shell:Creating environment hook '/home/daniel/workspaces/tfm_ws/install/robot_description/share/robot_description/hook/ament_prefix_path.ps1'
[3.489s] INFO:colcon.colcon_core.shell:Creating environment descriptor '/home/daniel/workspaces/tfm_ws/install/robot_description/share/robot_description/hook/ament_prefix_path.dsv'
[3.489s] INFO:colcon.colcon_core.shell:Creating environment hook '/home/daniel/workspaces/tfm_ws/install/robot_description/share/robot_description/hook/ament_prefix_path.sh'
[3.536s] INFO:colcon.colcon_core.shell:Skip shell extension 'powershell' for command environment: Not usable outside of PowerShell
[3.536s] DEBUG:colcon.colcon_core.shell:Skip shell extension 'dsv' for command environment
[3.910s] INFO:colcon.colcon_core.task.python.build:Building Python package in '/home/daniel/workspaces/tfm_ws/src/robot_description'
[3.959s] INFO:colcon.colcon_core.shell:Skip shell extension 'powershell' for command environment: Not usable outside of PowerShell
[3.959s] DEBUG:colcon.colcon_core.shell:Skip shell extension 'dsv' for command environment
[4.524s] DEBUG:colcon.colcon_core.event_handler.log_command:Invoking command in '/home/daniel/workspaces/tfm_ws/src/robot_description': PYTHONPATH=/home/daniel/workspaces/tfm_ws/build/robot_description/prefix_override:/home/daniel/workspaces/tfm_ws/install/robot_description/lib/python3.8/site-packages:${PYTHONPATH} /usr/bin/python3 setup.py egg_info --egg-base ../../build/robot_description build --build-base /home/daniel/workspaces/tfm_ws/build/robot_description/build install --record /home/daniel/workspaces/tfm_ws/build/robot_description/install.log --install-scripts $base/lib/robot_description --single-version-externally-managed
[4.812s] DEBUG:colcon.colcon_core.event_handler.log_command:Invoked command in '/home/daniel/workspaces/tfm_ws/src/robot_description' returned '0': PYTHONPATH=/home/daniel/workspaces/tfm_ws/build/robot_description/prefix_override:/home/daniel/workspaces/tfm_ws/install/robot_description/lib/python3.8/site-packages:${PYTHONPATH} /usr/bin/python3 setup.py egg_info --egg-base ../../build/robot_description build --build-base /home/daniel/workspaces/tfm_ws/build/robot_description/build install --record /home/daniel/workspaces/tfm_ws/build/robot_description/install.log --install-scripts $base/lib/robot_description --single-version-externally-managed
[4.862s] Level 1:colcon.colcon_core.environment:checking '/home/daniel/workspaces/tfm_ws/install/robot_description' for CMake module files
[4.862s] Level 1:colcon.colcon_core.environment:checking '/home/daniel/workspaces/tfm_ws/install/robot_description' for CMake config files
[4.863s] Level 1:colcon.colcon_core.environment:checking '/home/daniel/workspaces/tfm_ws/install/robot_description/lib'
[4.863s] Level 1:colcon.colcon_core.environment:checking '/home/daniel/workspaces/tfm_ws/install/robot_description/bin'
[4.863s] Level 1:colcon.colcon_core.environment:checking '/home/daniel/workspaces/tfm_ws/install/robot_description/lib/pkgconfig/robot_description.pc'
[4.863s] Level 1:colcon.colcon_core.environment:checking '/home/daniel/workspaces/tfm_ws/install/robot_description/lib/python3.8/site-packages'
[4.864s] Level 1:colcon.colcon_core.shell:create_environment_hook('robot_description', 'pythonpath')
[4.911s] INFO:colcon.colcon_core.shell:Creating environment hook '/home/daniel/workspaces/tfm_ws/install/robot_description/share/robot_description/hook/pythonpath.ps1'
[4.912s] INFO:colcon.colcon_core.shell:Creating environment descriptor '/home/daniel/workspaces/tfm_ws/install/robot_description/share/robot_description/hook/pythonpath.dsv'
[4.912s] INFO:colcon.colcon_core.shell:Creating environment hook '/home/daniel/workspaces/tfm_ws/install/robot_description/share/robot_description/hook/pythonpath.sh'
[4.913s] Level 1:colcon.colcon_core.environment:checking '/home/daniel/workspaces/tfm_ws/install/robot_description/bin'
[4.913s] Level 1:colcon.colcon_core.environment:create_environment_scripts_only(robot_description)
[4.959s] INFO:colcon.colcon_core.shell:Creating package script '/home/daniel/workspaces/tfm_ws/install/robot_description/share/robot_description/package.ps1'
[4.960s] INFO:colcon.colcon_core.shell:Creating package descriptor '/home/daniel/workspaces/tfm_ws/install/robot_description/share/robot_description/package.dsv'
[4.960s] INFO:colcon.colcon_core.shell:Creating package script '/home/daniel/workspaces/tfm_ws/install/robot_description/share/robot_description/package.sh'
[4.961s] INFO:colcon.colcon_core.shell:Creating package script '/home/daniel/workspaces/tfm_ws/install/robot_description/share/robot_description/package.bash'
[4.962s] INFO:colcon.colcon_core.shell:Creating package script '/home/daniel/workspaces/tfm_ws/install/robot_description/share/robot_description/package.zsh'
[4.962s] Level 1:colcon.colcon_core.environment:create_file_with_runtime_dependencies(/home/daniel/workspaces/tfm_ws/install/robot_description/share/colcon-core/packages/robot_description)
[4.963s] DEBUG:colcon.colcon_parallel_executor.executor.parallel:closing loop
[4.963s] DEBUG:colcon.colcon_parallel_executor.executor.parallel:loop closed
[4.963s] DEBUG:colcon.colcon_parallel_executor.executor.parallel:run_until_complete finished with '0'
[4.964s] DEBUG:colcon.colcon_core.event_reactor:joining thread
[5.016s] INFO:colcon.colcon_core.plugin_system:Skipping extension 'colcon_notification.desktop_notification.terminal_notifier': Not used on non-Darwin systems
[5.016s] INFO:colcon.colcon_core.plugin_system:Skipping extension 'colcon_notification.desktop_notification.win32': Not used on non-Windows systems
[5.016s] INFO:colcon.colcon_notification.desktop_notification:Sending desktop notification using 'notify2'
[5.028s] DEBUG:colcon.colcon_core.event_reactor:joined thread
[5.075s] INFO:colcon.colcon_core.shell:Creating prefix script '/home/daniel/workspaces/tfm_ws/install/local_setup.ps1'
[5.076s] INFO:colcon.colcon_core.shell:Creating prefix util module '/home/daniel/workspaces/tfm_ws/install/_local_setup_util_ps1.py'
[5.077s] INFO:colcon.colcon_core.shell:Creating prefix chain script '/home/daniel/workspaces/tfm_ws/install/setup.ps1'
[5.127s] INFO:colcon.colcon_core.shell:Creating prefix script '/home/daniel/workspaces/tfm_ws/install/local_setup.sh'
[5.128s] INFO:colcon.colcon_core.shell:Creating prefix util module '/home/daniel/workspaces/tfm_ws/install/_local_setup_util_sh.py'
[5.128s] INFO:colcon.colcon_core.shell:Creating prefix chain script '/home/daniel/workspaces/tfm_ws/install/setup.sh'
[5.178s] INFO:colcon.colcon_core.shell:Creating prefix script '/home/daniel/workspaces/tfm_ws/install/local_setup.bash'
[5.179s] INFO:colcon.colcon_core.shell:Creating prefix chain script '/home/daniel/workspaces/tfm_ws/install/setup.bash'
[5.228s] INFO:colcon.colcon_core.shell:Creating prefix script '/home/daniel/workspaces/tfm_ws/install/local_setup.zsh'
[5.228s] INFO:colcon.colcon_core.shell:Creating prefix chain script '/home/daniel/workspaces/tfm_ws/install/setup.zsh'
