running egg_info
creating ../../build/mir_description/mir_description.egg-info
writing ../../build/mir_description/mir_description.egg-info/PKG-INFO
writing dependency_links to ../../build/mir_description/mir_description.egg-info/dependency_links.txt
writing entry points to ../../build/mir_description/mir_description.egg-info/entry_points.txt
writing requirements to ../../build/mir_description/mir_description.egg-info/requires.txt
writing top-level names to ../../build/mir_description/mir_description.egg-info/top_level.txt
writing manifest file '../../build/mir_description/mir_description.egg-info/SOURCES.txt'
reading manifest file '../../build/mir_description/mir_description.egg-info/SOURCES.txt'
writing manifest file '../../build/mir_description/mir_description.egg-info/SOURCES.txt'
running build
running build_py
creating /home/daniel/workspaces/tfm_ws/build/mir_description/build
creating /home/daniel/workspaces/tfm_ws/build/mir_description/build/lib
creating /home/daniel/workspaces/tfm_ws/build/mir_description/build/lib/mir_description
copying mir_description/__init__.py -> /home/daniel/workspaces/tfm_ws/build/mir_description/build/lib/mir_description
running install
running install_lib
creating /home/daniel/workspaces/tfm_ws/install/mir_description/lib/python3.8/site-packages/mir_description
copying /home/daniel/workspaces/tfm_ws/build/mir_description/build/lib/mir_description/__init__.py -> /home/daniel/workspaces/tfm_ws/install/mir_description/lib/python3.8/site-packages/mir_description
byte-compiling /home/daniel/workspaces/tfm_ws/install/mir_description/lib/python3.8/site-packages/mir_description/__init__.py to __init__.cpython-38.pyc
running install_data
creating /home/daniel/workspaces/tfm_ws/install/mir_description/share/ament_index
creating /home/daniel/workspaces/tfm_ws/install/mir_description/share/ament_index/resource_index
creating /home/daniel/workspaces/tfm_ws/install/mir_description/share/ament_index/resource_index/packages
