Traceback (most recent call last):
  File "/usr/lib/python3/dist-packages/colcon_core/executor/__init__.py", line 91, in __call__
    rc = await self.task(*args, **kwargs)
  File "/usr/lib/python3/dist-packages/colcon_core/task/__init__.py", line 93, in __call__
    return await task_method(*args, **kwargs)
  File "/usr/lib/python3/dist-packages/colcon_ros/task/ament_python/build.py", line 51, in build
    setup_py_data = get_setup_data(self.context.pkg, env)
  File "/usr/lib/python3/dist-packages/colcon_core/task/python/__init__.py", line 20, in get_setup_data
    return dict(pkg.metadata[key](env))
  File "/usr/lib/python3/dist-packages/colcon_ros/package_augmentation/ros_ament_python.py", line 57, in getter
    return get_setup_information(
  File "/usr/lib/python3/dist-packages/colcon_python_setup_py/package_identification/python_setup_py.py", line 241, in get_setup_information
    _setup_information_cache[hashable_env] = _get_setup_information(
  File "/usr/lib/python3/dist-packages/colcon_python_setup_py/package_identification/python_setup_py.py", line 293, in _get_setup_information
    return ast.literal_eval(output)
  File "/usr/lib/python3.8/ast.py", line 59, in literal_eval
    node_or_string = parse(node_or_string, mode='eval')
  File "/usr/lib/python3.8/ast.py", line 47, in parse
    return compile(source, filename, mode, flags,
  File "<unknown>", line 1
    {'package_data': {}, 'require_features': [], 'features': {}, 'dist_files': [], 'src_root': None, 'dependency_links': [], 'setup_requires': [], 'cffi_modules': None, 'message_extractors': None, 'convert_2to3_doctests': [], 'eager_resources': None, 'entry_points': {'console_scripts': []}, 'exclude_package_data': None, 'extras_require': {}, 'include_package_data': None, 'install_requires': ['setuptools'], 'namespace_packages': None, 'packages': ['robot_description'], 'python_requires': None, 'test_loader': None, 'test_runner': None, 'test_suite': None, 'tests_require': ['pytest'], 'use_2to3': None, 'use_2to3_exclude_fixers': None, 'use_2to3_fixers': None, 'zip_safe': True, 'pbr': None, 'use_incremental': None, 'verbose': 1, 'dry_run': 0, 'help': 0, 'command_packages': None, 'script_name': 'setup.py', 'script_args': ['--dry-run'], 'command_options': {'develop': {'script_dir': ('setup.cfg', '$base/lib/robot_description')}, 'install': {'install_scripts': ('setup.cfg', '$base/lib/robot_description')}}, 'package_dir': None, 'py_modules': None, 'libraries': None, 'headers': None, 'ext_package': None, 'include_dirs': None, 'extra_path': None, 'scripts': None, 'data_files': [('share/ament_index/resource_index/packages', ['resource/robot_description']), ('share/robot_description', ['package.xml']), ('share/robot_description/launch', ['launch/launch_sim.launch.py', 'launch/rsp.launch.py']), ('share/robot_description/meshes/base', []), ('share/robot_description/description/base', []), ('share/robot_description/config', [])], 'password': '', 'command_obj': {}, 'have_run': {}, 'want_user_cfg': True, 'metadata': {'name': 'robot_description', 'version': '0.0.0', 'author': None, 'author_email': None, 'maintainer': 'daniel', 'maintainer_email': '13danielgomez@gmail.com', 'url': None, 'license': 'TODO: License declaration', 'description': 'TODO: Package description', 'long_description': None, 'keywords': None, 'platforms': None, 'classifiers': None, 'download_url': None, 'provides': None, 'requires': None, 'obsoletes': None, 'long_description_content_type': None, 'project_urls': {}}}share/robot_description/description/base []
                                                                                                                                                                                                                                                                                                                                                                                                                                                                                                                                                                                                                                                                                                                                                                                                                                                                                                                                                                                                                                                                                                                                                                                                                                                                                                                                                                                                                                                                                                                                                                                                                                                                                                                                                                                                                                                                                                                                                                                                                                                                                                                                                                                       ^
SyntaxError: invalid syntax
