running egg_info
writing ../../build/mir_description/mir_description.egg-info/PKG-INFO
writing dependency_links to ../../build/mir_description/mir_description.egg-info/dependency_links.txt
writing entry points to ../../build/mir_description/mir_description.egg-info/entry_points.txt
writing requirements to ../../build/mir_description/mir_description.egg-info/requires.txt
writing top-level names to ../../build/mir_description/mir_description.egg-info/top_level.txt
reading manifest file '../../build/mir_description/mir_description.egg-info/SOURCES.txt'
writing manifest file '../../build/mir_description/mir_description.egg-info/SOURCES.txt'
running build
running build_py
running install
running install_lib
running install_data
copying resource/mir_description -> /home/daniel/workspaces/tfm_ws/install/mir_description/share/ament_index/resource_index/packages
copying package.xml -> /home/daniel/workspaces/tfm_ws/install/mir_description/share/mir_description
creating /home/daniel/workspaces/tfm_ws/install/mir_description/share/mir_description/launch
copying launch/upload_mir_urdf.launch -> /home/daniel/workspaces/tfm_ws/install/mir_description/share/mir_description/launch
copying launch/rsp.launch.py -> /home/daniel/workspaces/tfm_ws/install/mir_description/share/mir_description/launch
copying launch/mir_debug_urdf.launch -> /home/daniel/workspaces/tfm_ws/install/mir_description/share/mir_description/launch
creating /home/daniel/workspaces/tfm_ws/install/mir_description/share/mir_description/config
copying config/diffdrive_controller.yaml -> /home/daniel/workspaces/tfm_ws/install/mir_description/share/mir_description/config
copying config/joint_state_controller.yaml -> /home/daniel/workspaces/tfm_ws/install/mir_description/share/mir_description/config
creating /home/daniel/workspaces/tfm_ws/install/mir_description/share/mir_description/meshes
creating /home/daniel/workspaces/tfm_ws/install/mir_description/share/mir_description/meshes/visual
copying meshes/visual/caster_wheel_base.stl -> /home/daniel/workspaces/tfm_ws/install/mir_description/share/mir_description/meshes/visual
copying meshes/visual/sick_lms-100.stl -> /home/daniel/workspaces/tfm_ws/install/mir_description/share/mir_description/meshes/visual
copying meshes/visual/mir_100_base.stl -> /home/daniel/workspaces/tfm_ws/install/mir_description/share/mir_description/meshes/visual
copying meshes/visual/wheel.stl -> /home/daniel/workspaces/tfm_ws/install/mir_description/share/mir_description/meshes/visual
creating /home/daniel/workspaces/tfm_ws/install/mir_description/share/mir_description/meshes/collision
copying meshes/collision/caster_wheel_base.stl -> /home/daniel/workspaces/tfm_ws/install/mir_description/share/mir_description/meshes/collision
copying meshes/collision/mir_100_base.stl -> /home/daniel/workspaces/tfm_ws/install/mir_description/share/mir_description/meshes/collision
creating /home/daniel/workspaces/tfm_ws/install/mir_description/share/mir_description/rviz
copying rviz/mir_description.rviz -> /home/daniel/workspaces/tfm_ws/install/mir_description/share/mir_description/rviz
creating /home/daniel/workspaces/tfm_ws/install/mir_description/share/mir_description/urdf
copying urdf/mir.urdf.xacro -> /home/daniel/workspaces/tfm_ws/install/mir_description/share/mir_description/urdf
creating /home/daniel/workspaces/tfm_ws/install/mir_description/share/mir_description/urdf/include
copying urdf/include/common_properties.urdf.xacro -> /home/daniel/workspaces/tfm_ws/install/mir_description/share/mir_description/urdf/include
copying urdf/include/imu.gazebo.urdf.xacro -> /home/daniel/workspaces/tfm_ws/install/mir_description/share/mir_description/urdf/include
copying urdf/include/common.gazebo.xacro -> /home/daniel/workspaces/tfm_ws/install/mir_description/share/mir_description/urdf/include
copying urdf/include/mir_100_v1.urdf.xacro -> /home/daniel/workspaces/tfm_ws/install/mir_description/share/mir_description/urdf/include
copying urdf/include/mir_100.gazebo.xacro -> /home/daniel/workspaces/tfm_ws/install/mir_description/share/mir_description/urdf/include
copying urdf/include/mir_100.transmission.xacro -> /home/daniel/workspaces/tfm_ws/install/mir_description/share/mir_description/urdf/include
copying urdf/include/sick_s300.urdf.xacro -> /home/daniel/workspaces/tfm_ws/install/mir_description/share/mir_description/urdf/include
running install_egg_info
Copying ../../build/mir_description/mir_description.egg-info to /home/daniel/workspaces/tfm_ws/install/mir_description/lib/python3.8/site-packages/mir_description-0.0.0-py3.8.egg-info
running install_scripts
writing list of installed files to '/home/daniel/workspaces/tfm_ws/build/mir_description/install.log'
