[2.683s] Invoking command in '/home/daniel/workspaces/tfm_ws/build/robot_motion': PYTHONPATH=/home/daniel/workspaces/tfm_ws/build/robot_motion/prefix_override:/home/daniel/workspaces/tfm_ws/install/robot_motion/lib/python3.8/site-packages:${PYTHONPATH} /usr/bin/python3 setup.py develop --editable --build-directory /home/daniel/workspaces/tfm_ws/build/robot_motion/build --no-deps install_data
[2.921s] running develop
[3.073s] running egg_info
[3.073s] creating robot_motion.egg-info
[3.074s] writing robot_motion.egg-info/PKG-INFO
[3.074s] writing dependency_links to robot_motion.egg-info/dependency_links.txt
[3.074s] writing entry points to robot_motion.egg-info/entry_points.txt
[3.074s] writing requirements to robot_motion.egg-info/requires.txt
[3.074s] writing top-level names to robot_motion.egg-info/top_level.txt
[3.119s] writing manifest file 'robot_motion.egg-info/SOURCES.txt'
[3.172s] reading manifest file 'robot_motion.egg-info/SOURCES.txt'
[3.172s] writing manifest file 'robot_motion.egg-info/SOURCES.txt'
[3.204s] running build_ext
[3.219s] Creating /home/daniel/workspaces/tfm_ws/install/robot_motion/lib/python3.8/site-packages/site.py
[3.222s] Creating /home/daniel/workspaces/tfm_ws/install/robot_motion/lib/python3.8/site-packages/robot-motion.egg-link (link to .)
[3.223s] 
[3.223s] Installed /home/daniel/workspaces/tfm_ws/build/robot_motion
[3.224s] running install_data
[3.224s] creating /home/daniel/workspaces/tfm_ws/install/robot_motion/share/ament_index
[3.224s] creating /home/daniel/workspaces/tfm_ws/install/robot_motion/share/ament_index/resource_index
[3.224s] creating /home/daniel/workspaces/tfm_ws/install/robot_motion/share/ament_index/resource_index/packages
[3.224s] copying resource/robot_motion -> /home/daniel/workspaces/tfm_ws/install/robot_motion/share/ament_index/resource_index/packages
[3.224s] copying package.xml -> /home/daniel/workspaces/tfm_ws/install/robot_motion/share/robot_motion
[3.248s] Invoked command in '/home/daniel/workspaces/tfm_ws/build/robot_motion' returned '0': PYTHONPATH=/home/daniel/workspaces/tfm_ws/build/robot_motion/prefix_override:/home/daniel/workspaces/tfm_ws/install/robot_motion/lib/python3.8/site-packages:${PYTHONPATH} /usr/bin/python3 setup.py develop --editable --build-directory /home/daniel/workspaces/tfm_ws/build/robot_motion/build --no-deps install_data
